Running task ID: 8
Job ID: 4653276
Node: d5-w6420b-20
[1] "Running scenario 8"
Option= OWN , B= 100 , m= 3 , alpha0 =  0.05 
Option= OWN , B= 100 , m= 3  runs in  34.438  s
No significant surrogate variables
Number of significant surrogate variables is:  8 
Iteration (out of 5 ):1  2  3  4  5  No significant surrogate variables
Option= OWN , B= 100 , m= 3 , alpha0 =  0.05 
Option= OWN , B= 100 , m= 3  runs in  34.034  s
No significant surrogate variables
Number of significant surrogate variables is:  7 
Iteration (out of 5 ):1  2  3  4  5  No significant surrogate variables
Option= OWN , B= 100 , m= 3 , alpha0 =  0.05 
Option= OWN , B= 100 , m= 3  runs in  32.85  s
No significant surrogate variables
Number of significant surrogate variables is:  7 
Iteration (out of 5 ):1  2  3  4  5  No significant surrogate variables
Option= OWN , B= 100 , m= 3 , alpha0 =  0.05 
Option= OWN , B= 100 , m= 3  runs in  32.804  s
No significant surrogate variables
Number of significant surrogate variables is:  6 
Iteration (out of 5 ):1  2  3  4  5  No significant surrogate variables
Option= OWN , B= 100 , m= 3 , alpha0 =  0.05 
Option= OWN , B= 100 , m= 3  runs in  33.186  s
No significant surrogate variables
Number of significant surrogate variables is:  7 
Iteration (out of 5 ):1  2  3  4  5  No significant surrogate variables
Option= OWN , B= 100 , m= 3 , alpha0 =  0.05 
Option= OWN , B= 100 , m= 3  runs in  34.78  s
No significant surrogate variables
Number of significant surrogate variables is:  6 
Iteration (out of 5 ):1  2  3  4  5  No significant surrogate variables
Option= OWN , B= 100 , m= 3 , alpha0 =  0.05 
Option= OWN , B= 100 , m= 3  runs in  34.242  s
Number of significant surrogate variables is:  1 
Iteration (out of 5 ):1  2  3  4  5  Number of significant surrogate variables is:  6 
Iteration (out of 5 ):1  2  3  4  5  Number of significant surrogate variables is:  1 
Iteration (out of 5 ):1  2  3  4  5  Option= OWN , B= 100 , m= 3 , alpha0 =  0.05 
Option= OWN , B= 100 , m= 3  runs in  36.79  s
Option= OWN , B= 100 , m= 3 , alpha0 =  0.05 
Option= OWN , B= 100 , m= 3  runs in  34.648  s
No significant surrogate variables
Number of significant surrogate variables is:  6 
Iteration (out of 5 ):1  2  3  4  5  No significant surrogate variables
Option= OWN , B= 100 , m= 3 , alpha0 =  0.05 
Option= OWN , B= 100 , m= 3  runs in  36.099  s
No significant surrogate variables
Number of significant surrogate variables is:  5 
Iteration (out of 5 ):1  2  3  4  5  No significant surrogate variables
Option= OWN , B= 100 , m= 3 , alpha0 =  0.05 
Option= OWN , B= 100 , m= 3  runs in  34.766  s
No significant surrogate variables
Number of significant surrogate variables is:  7 
Iteration (out of 5 ):1  2  3  4  5  Number of significant surrogate variables is:  1 
Iteration (out of 5 ):1  2  3  4  5  Option= OWN , B= 100 , m= 3 , alpha0 =  0.05 
Option= OWN , B= 100 , m= 3  runs in  38.137  s
Option= OWN , B= 100 , m= 3 , alpha0 =  0.05 
Option= OWN , B= 100 , m= 3  runs in  34.599  s
No significant surrogate variables
Number of significant surrogate variables is:  6 
Iteration (out of 5 ):1  2  3  4  5  No significant surrogate variables
Option= OWN , B= 100 , m= 3 , alpha0 =  0.05 
Option= OWN , B= 100 , m= 3  runs in  33.309  s
No significant surrogate variables
Number of significant surrogate variables is:  7 
Iteration (out of 5 ):1  2  3  4  5  No significant surrogate variables
Option= OWN , B= 100 , m= 3 , alpha0 =  0.05 
Option= OWN , B= 100 , m= 3  runs in  32.847  s
No significant surrogate variables
Number of significant surrogate variables is:  5 
Iteration (out of 5 ):1  2  3  4  5  No significant surrogate variables
Option= OWN , B= 100 , m= 3 , alpha0 =  0.05 
Option= OWN , B= 100 , m= 3  runs in  34.765  s
No significant surrogate variables
Number of significant surrogate variables is:  6 
Iteration (out of 5 ):1  2  3  4  5  No significant surrogate variables
Option= OWN , B= 100 , m= 3 , alpha0 =  0.05 
Option= OWN , B= 100 , m= 3  runs in  35.465  s
No significant surrogate variables
Number of significant surrogate variables is:  6 
Iteration (out of 5 ):1  2  3  4  5  No significant surrogate variables
Option= OWN , B= 100 , m= 3 , alpha0 =  0.05 
Option= OWN , B= 100 , m= 3  runs in  35.333  s
No significant surrogate variables
Number of significant surrogate variables is:  6 
Iteration (out of 5 ):1  2  3  4  5  No significant surrogate variables
Option= OWN , B= 100 , m= 3 , alpha0 =  0.05 
Option= OWN , B= 100 , m= 3  runs in  33.977  s
No significant surrogate variables
Number of significant surrogate variables is:  8 
Iteration (out of 5 ):1  2  3  4  5  No significant surrogate variables
Option= OWN , B= 100 , m= 3 , alpha0 =  0.05 
Option= OWN , B= 100 , m= 3  runs in  33.679  s
No significant surrogate variables
Number of significant surrogate variables is:  7 
Iteration (out of 5 ):1  2  3  4  5  No significant surrogate variables
Option= OWN , B= 100 , m= 3 , alpha0 =  0.05 
Option= OWN , B= 100 , m= 3  runs in  35.739  s
No significant surrogate variables
Number of significant surrogate variables is:  6 
Iteration (out of 5 ):1  2  3  4  5  Number of significant surrogate variables is:  1 
Iteration (out of 5 ):1  2  3  4  5  Option= OWN , B= 100 , m= 3 , alpha0 =  0.05 
Option= OWN , B= 100 , m= 3  runs in  39.24  s
Option= OWN , B= 100 , m= 3 , alpha0 =  0.05 
Option= OWN , B= 100 , m= 3  runs in  35.19  s
No significant surrogate variables
Number of significant surrogate variables is:  7 
Iteration (out of 5 ):1  2  3  4  5  No significant surrogate variables
Option= OWN , B= 100 , m= 3 , alpha0 =  0.05 
Option= OWN , B= 100 , m= 3  runs in  34.778  s
Number of significant surrogate variables is:  2 
Iteration (out of 5 ):1  2  3  4  5  Number of significant surrogate variables is:  6 
Iteration (out of 5 ):1  2  3  4  5  No significant surrogate variables
Option= OWN , B= 100 , m= 3 , alpha0 =  0.05 
Option= OWN , B= 100 , m= 3  runs in  34.827  s
Number of significant surrogate variables is:  5 
Iteration (out of 5 ):1  2  3  4  5  Number of significant surrogate variables is:  6 
Iteration (out of 5 ):1  2  3  4  5  Number of significant surrogate variables is:  2 
Iteration (out of 5 ):1  2  3  4  5  Option= OWN , B= 100 , m= 3 , alpha0 =  0.05 
Option= OWN , B= 100 , m= 3  runs in  40.299  s
Option= OWN , B= 100 , m= 3 , alpha0 =  0.05 
Option= OWN , B= 100 , m= 3  runs in  34.604  s
No significant surrogate variables
Number of significant surrogate variables is:  4 
Iteration (out of 5 ):1  2  3  4  5  No significant surrogate variables
Option= OWN , B= 100 , m= 3 , alpha0 =  0.05 
Option= OWN , B= 100 , m= 3  runs in  35.235  s
No significant surrogate variables
Number of significant surrogate variables is:  5 
Iteration (out of 5 ):1  2  3  4  5  No significant surrogate variables
Option= OWN , B= 100 , m= 3 , alpha0 =  0.05 
Option= OWN , B= 100 , m= 3  runs in  35.054  s
No significant surrogate variables
Number of significant surrogate variables is:  5 
Iteration (out of 5 ):1  2  3  4  5  No significant surrogate variables
Option= OWN , B= 100 , m= 3 , alpha0 =  0.05 
Option= OWN , B= 100 , m= 3  runs in  34.528  s
No significant surrogate variables
Number of significant surrogate variables is:  7 
Iteration (out of 5 ):1  2  3  4  5  No significant surrogate variables
Option= OWN , B= 100 , m= 3 , alpha0 =  0.05 
Option= OWN , B= 100 , m= 3  runs in  34.78  s
No significant surrogate variables
Number of significant surrogate variables is:  6 
Iteration (out of 5 ):1  2  3  4  5  No significant surrogate variables
Option= OWN , B= 100 , m= 3 , alpha0 =  0.05 
Option= OWN , B= 100 , m= 3  runs in  33.325  s
No significant surrogate variables
Number of significant surrogate variables is:  7 
Iteration (out of 5 ):1  2  3  4  5  No significant surrogate variables
Option= OWN , B= 100 , m= 3 , alpha0 =  0.05 
Option= OWN , B= 100 , m= 3  runs in  34.482  s
Number of significant surrogate variables is:  1 
Iteration (out of 5 ):1  2  3  4  5  Number of significant surrogate variables is:  7 
Iteration (out of 5 ):1  2  3  4  5  No significant surrogate variables
Option= OWN , B= 100 , m= 3 , alpha0 =  0.05 
Option= OWN , B= 100 , m= 3  runs in  33.543  s
No significant surrogate variables
Number of significant surrogate variables is:  6 
Iteration (out of 5 ):1  2  3  4  5  No significant surrogate variables
Option= OWN , B= 100 , m= 3 , alpha0 =  0.05 
Option= OWN , B= 100 , m= 3  runs in  33.984  s
No significant surrogate variables
Number of significant surrogate variables is:  6 
Iteration (out of 5 ):1  2  3  4  5  No significant surrogate variables
Option= OWN , B= 100 , m= 3 , alpha0 =  0.05 
Option= OWN , B= 100 , m= 3  runs in  35.661  s
Number of significant surrogate variables is:  2 
Iteration (out of 5 ):1  2  3  4  5  Number of significant surrogate variables is:  6 
Iteration (out of 5 ):1  2  3  4  5  No significant surrogate variables
Option= OWN , B= 100 , m= 3 , alpha0 =  0.05 
Option= OWN , B= 100 , m= 3  runs in  34.094  s
No significant surrogate variables
Number of significant surrogate variables is:  5 
Iteration (out of 5 ):1  2  3  4  5  No significant surrogate variables
Option= OWN , B= 100 , m= 3 , alpha0 =  0.05 
Option= OWN , B= 100 , m= 3  runs in  35.167  s
No significant surrogate variables
Number of significant surrogate variables is:  6 
Iteration (out of 5 ):1  2  3  4  5  No significant surrogate variables
Option= OWN , B= 100 , m= 3 , alpha0 =  0.05 
Option= OWN , B= 100 , m= 3  runs in  35.551  s
No significant surrogate variables
Number of significant surrogate variables is:  4 
Iteration (out of 5 ):1  2  3  4  5  No significant surrogate variables
Option= OWN , B= 100 , m= 3 , alpha0 =  0.05 
Option= OWN , B= 100 , m= 3  runs in  33.91  s
No significant surrogate variables
Number of significant surrogate variables is:  8 
Iteration (out of 5 ):1  2  3  4  5  No significant surrogate variables
Option= OWN , B= 100 , m= 3 , alpha0 =  0.05 
Option= OWN , B= 100 , m= 3  runs in  34.249  s
Number of significant surrogate variables is:  1 
Iteration (out of 5 ):1  2  3  4  5  Number of significant surrogate variables is:  7 
Iteration (out of 5 ):1  2  3  4  5  No significant surrogate variables
Option= OWN , B= 100 , m= 3 , alpha0 =  0.05 
Option= OWN , B= 100 , m= 3  runs in  34.144  s
Number of significant surrogate variables is:  1 
Iteration (out of 5 ):1  2  3  4  5  Number of significant surrogate variables is:  5 
Iteration (out of 5 ):1  2  3  4  5  No significant surrogate variables
Option= OWN , B= 100 , m= 3 , alpha0 =  0.05 
Option= OWN , B= 100 , m= 3  runs in  34.606  s
Number of significant surrogate variables is:  4 
Iteration (out of 5 ):1  2  3  4  5  Number of significant surrogate variables is:  6 
Iteration (out of 5 ):1  2  3  4  5  No significant surrogate variables
Option= OWN , B= 100 , m= 3 , alpha0 =  0.05 
Option= OWN , B= 100 , m= 3  runs in  34.385  s
No significant surrogate variables
Number of significant surrogate variables is:  7 
Iteration (out of 5 ):1  2  3  4  5  No significant surrogate variables
Option= OWN , B= 100 , m= 3 , alpha0 =  0.05 
Option= OWN , B= 100 , m= 3  runs in  35.16  s
Number of significant surrogate variables is:  3 
Iteration (out of 5 ):1  2  3  4  5  Number of significant surrogate variables is:  6 
Iteration (out of 5 ):1  2  3  4  5  Number of significant surrogate variables is:  1 
Iteration (out of 5 ):1  2  3  4  5  Option= OWN , B= 100 , m= 3 , alpha0 =  0.05 
Option= OWN , B= 100 , m= 3  runs in  38.856  s
Option= OWN , B= 100 , m= 3 , alpha0 =  0.05 
Option= OWN , B= 100 , m= 3  runs in  34.118  s
No significant surrogate variables
Number of significant surrogate variables is:  6 
Iteration (out of 5 ):1  2  3  4  5  No significant surrogate variables
Option= OWN , B= 100 , m= 3 , alpha0 =  0.05 
Option= OWN , B= 100 , m= 3  runs in  35.654  s
No significant surrogate variables
Number of significant surrogate variables is:  6 
Iteration (out of 5 ):1  2  3  4  5  Number of significant surrogate variables is:  2 
Iteration (out of 5 ):1  2  3  4  5  Option= OWN , B= 100 , m= 3 , alpha0 =  0.05 
Option= OWN , B= 100 , m= 3  runs in  41.698  s
Option= OWN , B= 100 , m= 3 , alpha0 =  0.05 
Option= OWN , B= 100 , m= 3  runs in  34.692  s
No significant surrogate variables
Number of significant surrogate variables is:  7 
Iteration (out of 5 ):1  2  3  4  5  No significant surrogate variables
Option= OWN , B= 100 , m= 3 , alpha0 =  0.05 
Option= OWN , B= 100 , m= 3  runs in  34.529  s
Number of significant surrogate variables is:  1 
Iteration (out of 5 ):1  2  3  4  5  Number of significant surrogate variables is:  6 
Iteration (out of 5 ):1  2  3  4  5  No significant surrogate variables
Option= OWN , B= 100 , m= 3 , alpha0 =  0.05 
Option= OWN , B= 100 , m= 3  runs in  34.974  s
No significant surrogate variables
Number of significant surrogate variables is:  7 
Iteration (out of 5 ):1  2  3  4  5  No significant surrogate variables
Option= OWN , B= 100 , m= 3 , alpha0 =  0.05 
Option= OWN , B= 100 , m= 3  runs in  34.872  s
Number of significant surrogate variables is:  2 
Iteration (out of 5 ):1  2  3  4  5  Number of significant surrogate variables is:  8 
Iteration (out of 5 ):1  2  3  4  5  No significant surrogate variables
Option= OWN , B= 100 , m= 3 , alpha0 =  0.05 
Option= OWN , B= 100 , m= 3  runs in  33.776  s
No significant surrogate variables
Number of significant surrogate variables is:  7 
Iteration (out of 5 ):1  2  3  4  5  Number of significant surrogate variables is:  1 
Iteration (out of 5 ):1  2  3  4  5  Option= OWN , B= 100 , m= 3 , alpha0 =  0.05 
Option= OWN , B= 100 , m= 3  runs in  37.269  s
Option= OWN , B= 100 , m= 3 , alpha0 =  0.05 
Option= OWN , B= 100 , m= 3  runs in  35.833  s
No significant surrogate variables
Number of significant surrogate variables is:  7 
Iteration (out of 5 ):1  2  3  4  5  No significant surrogate variables
Option= OWN , B= 100 , m= 3 , alpha0 =  0.05 
Option= OWN , B= 100 , m= 3  runs in  34.533  s
No significant surrogate variables
Number of significant surrogate variables is:  8 
Iteration (out of 5 ):1  2  3  4  5  Number of significant surrogate variables is:  1 
Iteration (out of 5 ):1  2  3  4  5  Option= OWN , B= 100 , m= 3 , alpha0 =  0.05 
Option= OWN , B= 100 , m= 3  runs in  37.125  s
Option= OWN , B= 100 , m= 3 , alpha0 =  0.05 
Option= OWN , B= 100 , m= 3  runs in  35.877  s
No significant surrogate variables
Number of significant surrogate variables is:  6 
Iteration (out of 5 ):1  2  3  4  5  No significant surrogate variables
Option= OWN , B= 100 , m= 3 , alpha0 =  0.05 
Option= OWN , B= 100 , m= 3  runs in  34.22  s
No significant surrogate variables
Number of significant surrogate variables is:  5 
Iteration (out of 5 ):1  2  3  4  5  Number of significant surrogate variables is:  1 
Iteration (out of 5 ):1  2  3  4  5  Option= OWN , B= 100 , m= 3 , alpha0 =  0.05 
Option= OWN , B= 100 , m= 3  runs in  37.143  s
Option= OWN , B= 100 , m= 3 , alpha0 =  0.05 
Option= OWN , B= 100 , m= 3  runs in  35.564  s
No significant surrogate variables
Number of significant surrogate variables is:  7 
Iteration (out of 5 ):1  2  3  4  5  No significant surrogate variables
Option= OWN , B= 100 , m= 3 , alpha0 =  0.05 
Option= OWN , B= 100 , m= 3  runs in  35.705  s
Number of significant surrogate variables is:  2 
Iteration (out of 5 ):1  2  3  4  5  Number of significant surrogate variables is:  5 
Iteration (out of 5 ):1  2  3  4  5  No significant surrogate variables
Option= OWN , B= 100 , m= 3 , alpha0 =  0.05 
Option= OWN , B= 100 , m= 3  runs in  35.529  s
No significant surrogate variables
Number of significant surrogate variables is:  7 
Iteration (out of 5 ):1  2  3  4  5  No significant surrogate variables
Option= OWN , B= 100 , m= 3 , alpha0 =  0.05 
Option= OWN , B= 100 , m= 3  runs in  34.929  s
Number of significant surrogate variables is:  5 
Iteration (out of 5 ):1  2  3  4  5  Number of significant surrogate variables is:  5 
Iteration (out of 5 ):1  2  3  4  5  No significant surrogate variables
Option= OWN , B= 100 , m= 3 , alpha0 =  0.05 
Option= OWN , B= 100 , m= 3  runs in  34.335  s
No significant surrogate variables
Number of significant surrogate variables is:  7 
Iteration (out of 5 ):1  2  3  4  5  No significant surrogate variables
Option= OWN , B= 100 , m= 3 , alpha0 =  0.05 
Option= OWN , B= 100 , m= 3  runs in  33.532  s
Number of significant surrogate variables is:  1 
Iteration (out of 5 ):1  2  3  4  5  Number of significant surrogate variables is:  7 
Iteration (out of 5 ):1  2  3  4  5  No significant surrogate variables
Option= OWN , B= 100 , m= 3 , alpha0 =  0.05 
Option= OWN , B= 100 , m= 3  runs in  34.097  s
No significant surrogate variables
Number of significant surrogate variables is:  7 
Iteration (out of 5 ):1  2  3  4  5  No significant surrogate variables
Option= OWN , B= 100 , m= 3 , alpha0 =  0.05 
Option= OWN , B= 100 , m= 3  runs in  34.899  s
No significant surrogate variables
Number of significant surrogate variables is:  6 
Iteration (out of 5 ):1  2  3  4  5  No significant surrogate variables
Option= OWN , B= 100 , m= 3 , alpha0 =  0.05 
Option= OWN , B= 100 , m= 3  runs in  32.873  s
Number of significant surrogate variables is:  6 
Iteration (out of 5 ):1  2  3  4  5  Number of significant surrogate variables is:  6 
Iteration (out of 5 ):1  2  3  4  5  No significant surrogate variables
Option= OWN , B= 100 , m= 3 , alpha0 =  0.05 
Option= OWN , B= 100 , m= 3  runs in  34.353  s
No significant surrogate variables
Number of significant surrogate variables is:  6 
Iteration (out of 5 ):1  2  3  4  5  No significant surrogate variables
Option= OWN , B= 100 , m= 3 , alpha0 =  0.05 
Option= OWN , B= 100 , m= 3  runs in  35.53  s
Number of significant surrogate variables is:  3 
Iteration (out of 5 ):1  2  3  4  5  Number of significant surrogate variables is:  6 
Iteration (out of 5 ):1  2  3  4  5  No significant surrogate variables
Option= OWN , B= 100 , m= 3 , alpha0 =  0.05 
Option= OWN , B= 100 , m= 3  runs in  35.324  s
No significant surrogate variables
Number of significant surrogate variables is:  7 
Iteration (out of 5 ):1  2  3  4  5  No significant surrogate variables
Option= OWN , B= 100 , m= 3 , alpha0 =  0.05 
Option= OWN , B= 100 , m= 3  runs in  33.145  s
No significant surrogate variables
Number of significant surrogate variables is:  6 
Iteration (out of 5 ):1  2  3  4  5  No significant surrogate variables
Option= OWN , B= 100 , m= 3 , alpha0 =  0.05 
Option= OWN , B= 100 , m= 3  runs in  33.487  s
No significant surrogate variables
Number of significant surrogate variables is:  6 
Iteration (out of 5 ):1  2  3  4  5  No significant surrogate variables
Option= OWN , B= 100 , m= 3 , alpha0 =  0.05 
Option= OWN , B= 100 , m= 3  runs in  33.714  s
Number of significant surrogate variables is:  3 
Iteration (out of 5 ):1  2  3  4  5  Number of significant surrogate variables is:  6 
Iteration (out of 5 ):1  2  3  4  5  No significant surrogate variables
Option= OWN , B= 100 , m= 3 , alpha0 =  0.05 
Option= OWN , B= 100 , m= 3  runs in  35.48  s
No significant surrogate variables
Number of significant surrogate variables is:  6 
Iteration (out of 5 ):1  2  3  4  5  No significant surrogate variables
Option= OWN , B= 100 , m= 3 , alpha0 =  0.05 
Option= OWN , B= 100 , m= 3  runs in  34.319  s
No significant surrogate variables
Number of significant surrogate variables is:  6 
Iteration (out of 5 ):1  2  3  4  5  No significant surrogate variables
Option= OWN , B= 100 , m= 3 , alpha0 =  0.05 
Option= OWN , B= 100 , m= 3  runs in  33.746  s
No significant surrogate variables
Number of significant surrogate variables is:  6 
Iteration (out of 5 ):1  2  3  4  5  No significant surrogate variables
Option= OWN , B= 100 , m= 3 , alpha0 =  0.05 
Option= OWN , B= 100 , m= 3  runs in  33.932  s
No significant surrogate variables
Number of significant surrogate variables is:  7 
Iteration (out of 5 ):1  2  3  4  5  No significant surrogate variables
Option= OWN , B= 100 , m= 3 , alpha0 =  0.05 
Option= OWN , B= 100 , m= 3  runs in  35.286  s
No significant surrogate variables
Number of significant surrogate variables is:  7 
Iteration (out of 5 ):1  2  3  4  5  No significant surrogate variables
Option= OWN , B= 100 , m= 3 , alpha0 =  0.05 
Option= OWN , B= 100 , m= 3  runs in  34.619  s
No significant surrogate variables
Number of significant surrogate variables is:  8 
Iteration (out of 5 ):1  2  3  4  5  No significant surrogate variables
Option= OWN , B= 100 , m= 3 , alpha0 =  0.05 
Option= OWN , B= 100 , m= 3  runs in  35.275  s
No significant surrogate variables
Number of significant surrogate variables is:  6 
Iteration (out of 5 ):1  2  3  4  5  No significant surrogate variables
Option= OWN , B= 100 , m= 3 , alpha0 =  0.05 
Option= OWN , B= 100 , m= 3  runs in  34.071  s
Number of significant surrogate variables is:  1 
Iteration (out of 5 ):1  2  3  4  5  Number of significant surrogate variables is:  6 
Iteration (out of 5 ):1  2  3  4  5  No significant surrogate variables
Option= OWN , B= 100 , m= 3 , alpha0 =  0.05 
Option= OWN , B= 100 , m= 3  runs in  34.995  s
Number of significant surrogate variables is:  5 
Iteration (out of 5 ):1  2  3  4  5  Number of significant surrogate variables is:  6 
Iteration (out of 5 ):1  2  3  4  5  No significant surrogate variables
Option= OWN , B= 100 , m= 3 , alpha0 =  0.05 
Option= OWN , B= 100 , m= 3  runs in  34.376  s
No significant surrogate variables
Number of significant surrogate variables is:  6 
Iteration (out of 5 ):1  2  3  4  5  No significant surrogate variables
Option= OWN , B= 100 , m= 3 , alpha0 =  0.05 
Option= OWN , B= 100 , m= 3  runs in  34.934  s
No significant surrogate variables
Number of significant surrogate variables is:  6 
Iteration (out of 5 ):1  2  3  4  5  No significant surrogate variables
Option= OWN , B= 100 , m= 3 , alpha0 =  0.05 
Option= OWN , B= 100 , m= 3  runs in  34.571  s
Number of significant surrogate variables is:  3 
Iteration (out of 5 ):1  2  3  4  5  Number of significant surrogate variables is:  6 
Iteration (out of 5 ):1  2  3  4  5  No significant surrogate variables
Option= OWN , B= 100 , m= 3 , alpha0 =  0.05 
Option= OWN , B= 100 , m= 3  runs in  33.61  s
No significant surrogate variables
Number of significant surrogate variables is:  6 
Iteration (out of 5 ):1  2  3  4  5  No significant surrogate variables
Option= OWN , B= 100 , m= 3 , alpha0 =  0.05 
Option= OWN , B= 100 , m= 3  runs in  33.534  s
No significant surrogate variables
Number of significant surrogate variables is:  6 
Iteration (out of 5 ):1  2  3  4  5  No significant surrogate variables
Option= OWN , B= 100 , m= 3 , alpha0 =  0.05 
Option= OWN , B= 100 , m= 3  runs in  34.272  s
No significant surrogate variables
Number of significant surrogate variables is:  6 
Iteration (out of 5 ):1  2  3  4  5  No significant surrogate variables
Option= OWN , B= 100 , m= 3 , alpha0 =  0.05 
Option= OWN , B= 100 , m= 3  runs in  34.861  s
No significant surrogate variables
Number of significant surrogate variables is:  7 
Iteration (out of 5 ):1  2  3  4  5  No significant surrogate variables
Option= OWN , B= 100 , m= 3 , alpha0 =  0.05 
Option= OWN , B= 100 , m= 3  runs in  34.124  s
No significant surrogate variables
Number of significant surrogate variables is:  7 
Iteration (out of 5 ):1  2  3  4  5  No significant surrogate variables
Option= OWN , B= 100 , m= 3 , alpha0 =  0.05 
Option= OWN , B= 100 , m= 3  runs in  34.821  s
No significant surrogate variables
Number of significant surrogate variables is:  7 
Iteration (out of 5 ):1  2  3  4  5  No significant surrogate variables
Option= OWN , B= 100 , m= 3 , alpha0 =  0.05 
Option= OWN , B= 100 , m= 3  runs in  34.879  s
No significant surrogate variables
Number of significant surrogate variables is:  6 
Iteration (out of 5 ):1  2  3  4  5  No significant surrogate variables
Option= OWN , B= 100 , m= 3 , alpha0 =  0.05 
Option= OWN , B= 100 , m= 3  runs in  32.868  s
No significant surrogate variables
Number of significant surrogate variables is:  7 
Iteration (out of 5 ):1  2  3  4  5  No significant surrogate variables
Option= OWN , B= 100 , m= 3 , alpha0 =  0.05 
Option= OWN , B= 100 , m= 3  runs in  34.949  s
Number of significant surrogate variables is:  2 
Iteration (out of 5 ):1  2  3  4  5  Number of significant surrogate variables is:  6 
Iteration (out of 5 ):1  2  3  4  5  No significant surrogate variables
Option= OWN , B= 100 , m= 3 , alpha0 =  0.05 
Option= OWN , B= 100 , m= 3  runs in  34.304  s
No significant surrogate variables
Number of significant surrogate variables is:  5 
Iteration (out of 5 ):1  2  3  4  5  No significant surrogate variables
Option= OWN , B= 100 , m= 3 , alpha0 =  0.05 
Option= OWN , B= 100 , m= 3  runs in  33.786  s
No significant surrogate variables
Number of significant surrogate variables is:  6 
Iteration (out of 5 ):1  2  3  4  5  No significant surrogate variables
Option= OWN , B= 100 , m= 3 , alpha0 =  0.05 
Option= OWN , B= 100 , m= 3  runs in  34.16  s
Number of significant surrogate variables is:  1 
Iteration (out of 5 ):1  2  3  4  5  Number of significant surrogate variables is:  5 
Iteration (out of 5 ):1  2  3  4  5  No significant surrogate variables
Option= OWN , B= 100 , m= 3 , alpha0 =  0.05 
Option= OWN , B= 100 , m= 3  runs in  34.282  s
No significant surrogate variables
Number of significant surrogate variables is:  7 
Iteration (out of 5 ):1  2  3  4  5  No significant surrogate variables
Option= OWN , B= 100 , m= 3 , alpha0 =  0.05 
Option= OWN , B= 100 , m= 3  runs in  34.63  s
Number of significant surrogate variables is:  1 
Iteration (out of 5 ):1  2  3  4  5  Number of significant surrogate variables is:  5 
Iteration (out of 5 ):1  2  3  4  5  No significant surrogate variables
Option= OWN , B= 100 , m= 3 , alpha0 =  0.05 
Option= OWN , B= 100 , m= 3  runs in  34.238  s
No significant surrogate variables
Number of significant surrogate variables is:  6 
Iteration (out of 5 ):1  2  3  4  5  Number of significant surrogate variables is:  1 
Iteration (out of 5 ):1  2  3  4  5  Option= OWN , B= 100 , m= 3 , alpha0 =  0.05 
Option= OWN , B= 100 , m= 3  runs in  37.298  s
Option= OWN , B= 100 , m= 3 , alpha0 =  0.05 
Option= OWN , B= 100 , m= 3  runs in  35.729  s
No significant surrogate variables
Number of significant surrogate variables is:  6 
Iteration (out of 5 ):1  2  3  4  5  No significant surrogate variables
Option= OWN , B= 100 , m= 3 , alpha0 =  0.05 
Option= OWN , B= 100 , m= 3  runs in  35.734  s
No significant surrogate variables
Number of significant surrogate variables is:  6 
Iteration (out of 5 ):1  2  3  4  5  No significant surrogate variables
Option= OWN , B= 100 , m= 3 , alpha0 =  0.05 
Option= OWN , B= 100 , m= 3  runs in  33.662  s
Number of significant surrogate variables is:  1 
Iteration (out of 5 ):1  2  3  4  5  Number of significant surrogate variables is:  5 
Iteration (out of 5 ):1  2  3  4  5  No significant surrogate variables
Option= OWN , B= 100 , m= 3 , alpha0 =  0.05 
Option= OWN , B= 100 , m= 3  runs in  35.562  s
No significant surrogate variables
Number of significant surrogate variables is:  7 
Iteration (out of 5 ):1  2  3  4  5  No significant surrogate variables
Option= OWN , B= 100 , m= 3 , alpha0 =  0.05 
Option= OWN , B= 100 , m= 3  runs in  35.274  s
No significant surrogate variables
Number of significant surrogate variables is:  6 
Iteration (out of 5 ):1  2  3  4  5  No significant surrogate variables
Option= OWN , B= 100 , m= 3 , alpha0 =  0.05 
Option= OWN , B= 100 , m= 3  runs in  34.294  s
No significant surrogate variables
Number of significant surrogate variables is:  6 
Iteration (out of 5 ):1  2  3  4  5  No significant surrogate variables
$TrueSelCov
[1] "mono"  "Concb" "neut"  "Block" "RINa"  "baso"  "lymp"  "RFI"  

$nSimSelCov
    FSR.S.OWN.RE FSR.R.OWN.RE FSR.U.OWN.RE FSR.FSP.OWN.RE DEA.NTP.OnlyFSR
1              8            8            0      0.0000000             128
2              8            8            0      0.0000000             135
3              8            9            1      0.1000000             124
4              8            9            1      0.1000000               3
5              8            8            0      0.0000000             131
6              8            8            0      0.0000000             142
7              8            9            1      0.1000000             145
8              8            8            0      0.0000000             122
9              8            8            0      0.0000000             150
10             8            8            0      0.0000000             137
11             8            8            0      0.0000000             115
12             8            8            0      0.0000000             150
13             8            9            1      0.1000000             125
14             8            8            0      0.0000000             177
15             8            8            0      0.0000000             145
16             8            8            0      0.0000000             143
17             8            9            1      0.1000000              21
18             8            8            0      0.0000000             123
19             8            9            1      0.1000000              69
20             8            8            0      0.0000000             104
21             8            8            0      0.0000000             146
22             8            8            0      0.0000000              95
23             8            8            0      0.0000000             112
24             8            9            1      0.1000000             112
25             8            8            0      0.0000000             118
26             8            8            0      0.0000000             142
27             8            8            0      0.0000000             172
28             8            8            0      0.0000000             166
29             8            9            1      0.1000000             163
30             8            8            0      0.0000000             143
31             8            8            0      0.0000000             177
32             8           10            2      0.1818182              23
33             8            8            0      0.0000000             144
34             8           10            2      0.1818182              19
35             8            9            1      0.1000000              25
36             8            8            0      0.0000000             133
37             8            8            0      0.0000000             187
38             8            8            0      0.0000000             147
39             8            8            0      0.0000000             151
40             8            8            0      0.0000000             140
41             8            8            0      0.0000000             150
42             8            8            0      0.0000000             154
43             8            8            0      0.0000000             146
44             8            8            0      0.0000000             143
45             8            9            1      0.1000000             109
46             8            8            0      0.0000000             171
47             8            9            1      0.1000000             168
48             8            8            0      0.0000000             161
49             8            8            0      0.0000000             186
50             8            8            0      0.0000000             157
51             8           10            2      0.1818182              60
52             8            8            0      0.0000000             159
53             8           11            3      0.2500000               2
54             8            8            0      0.0000000             172
55             8            8            0      0.0000000             122
56             8            8            0      0.0000000             186
57             8            8            0      0.0000000             152
58             8            8            0      0.0000000             148
59             8            8            0      0.0000000             120
60             8            8            0      0.0000000             128
61             8            8            0      0.0000000             125
62             8            8            0      0.0000000             141
63             8            8            0      0.0000000             119
64             8            8            0      0.0000000             130
65             8            8            0      0.0000000             131
66             8            8            0      0.0000000             149
67             8            8            0      0.0000000             152
68             8            8            0      0.0000000             150
69             8            8            0      0.0000000             129
70             8            8            0      0.0000000             169
71             8            8            0      0.0000000             145
72             8           12            4      0.3076923               0
73             8            8            0      0.0000000             150
74             8            8            0      0.0000000             142
75             8            8            0      0.0000000             132
76             8            9            1      0.1000000               0
77             8            9            1      0.1000000               3
78             8            8            0      0.0000000             136
79             8            9            1      0.1000000             150
80             8            8            0      0.0000000             132
81             8            9            1      0.1000000              91
82             8            9            1      0.1000000             134
83             8            8            0      0.0000000             103
84             8            8            0      0.0000000             162
85             8           12            4      0.3076923               0
86             8            9            1      0.1000000             161
87             8            8            0      0.0000000             149
88             8            9            1      0.1000000             139
89             8            8            0      0.0000000             119
90             8            9            1      0.1000000              10
91             8            8            0      0.0000000             131
92             8            8            0      0.0000000             125
93             8            8            0      0.0000000             166
94             8            8            0      0.0000000             124
95             8            8            0      0.0000000             135
96             8           11            3      0.2500000               0
97             8            8            0      0.0000000             151
98             8            8            0      0.0000000             111
99             8            9            1      0.1000000              51
100            8            8            0      0.0000000             123
    DEA.R.OnlyFSR DEA.V.OnlyFSR DEA.FDP.OnlyFSR DEA.PAUC.OnlyFSR DEA.NTP.FSRsva
1             131             3     0.022900763      0.022914599            128
2             136             1     0.007352941      0.019361920            135
3             125             1     0.008000000      0.021012155            124
4               3             0     0.000000000      0.007947860              3
5             137             6     0.043795620      0.021728524            131
6             150             8     0.053333333      0.022129991            142
7             152             7     0.046052632      0.020811694            132
8             127             5     0.039370079      0.023063482            122
9             158             8     0.050632911      0.022508780            150
10            142             5     0.035211268      0.020944166            137
11            120             5     0.041666667      0.019323538            115
12            159             9     0.056603774      0.017517507            150
13            132             7     0.053030303      0.021195725            125
14            185             8     0.043243243      0.020697256            177
15            156            11     0.070512821      0.018799001            145
16            152             9     0.059210526      0.019471915            143
17             22             1     0.045454545      0.010772967             21
18            128             5     0.039062500      0.021000537            123
19             70             1     0.014285714      0.016345453             69
20            109             5     0.045871560      0.019369228            104
21            155             9     0.058064516      0.020198172            135
22             99             4     0.040404040      0.019904077             57
23            116             4     0.034482759      0.021285539            112
24            118             6     0.050847458      0.018932017            112
25            125             7     0.056000000      0.019586183            118
26            147             5     0.034013605      0.021215864            142
27            178             6     0.033707865      0.022201603            172
28            172             6     0.034883721      0.022399139            166
29            178            15     0.084269663      0.019326668            162
30            151             8     0.052980132      0.018259905            143
31            185             8     0.043243243      0.022705204            177
32             24             1     0.041666667      0.013504736             22
33            159            15     0.094339623      0.020183447            144
34             19             0     0.000000000      0.013775342             19
35             27             2     0.074074074      0.010633242             25
36            138             5     0.036231884      0.023703996            133
37            197            10     0.050761421      0.021552561            193
38            156             9     0.057692308      0.018664619            139
39            159             8     0.050314465      0.021754545            103
40            146             6     0.041095890      0.019265612            140
41            159             9     0.056603774      0.019734897            133
42            158             4     0.025316456      0.022763036            154
43            157            11     0.070063694      0.019641061            146
44            150             7     0.046666667      0.021733176            143
45            113             4     0.035398230      0.018699626            108
46            176             5     0.028409091      0.021855645            171
47            179            11     0.061452514      0.020195067            112
48            168             7     0.041666667      0.019750515            161
49            197            11     0.055837563      0.020619037            186
50            173            16     0.092485549      0.018386133            157
51             61             1     0.016393443      0.015228960             60
52            166             7     0.042168675      0.019733898            159
53              2             0     0.000000000      0.007365003              2
54            181             9     0.049723757      0.020054562            155
55            127             5     0.039370079      0.020389406            122
56            200            14     0.070000000      0.020486638            118
57            160             8     0.050000000      0.020461628            152
58            154             6     0.038961039      0.019048608            130
59            125             5     0.040000000      0.018906176            120
60            135             7     0.051851852      0.020478595            128
61            133             8     0.060150376      0.019712443            107
62            152            11     0.072368421      0.019365074            141
63            122             3     0.024590164      0.020139988             89
64            137             7     0.051094891      0.019159730            130
65            136             5     0.036764706      0.021187545            131
66            153             4     0.026143791      0.021258669            149
67            163            11     0.067484663      0.018603055            128
68            158             8     0.050632911      0.020669551            150
69            132             3     0.022727273      0.019705165            129
70            178             9     0.050561798      0.021559247            169
71            153             8     0.052287582      0.020829171            145
72              0             0     0.000000000      0.005363223              0
73            155             5     0.032258065      0.023759561            150
74            152            10     0.065789474      0.019330581            142
75            139             7     0.050359712      0.017643923            124
76              0             0     0.000000000      0.011480410              0
77              3             0     0.000000000      0.008208552              3
78            141             5     0.035460993      0.023406955            136
79            160            10     0.062500000      0.019328963            104
80            134             2     0.014925373      0.022301325            132
81             99             8     0.080808081      0.017918183             91
82            139             5     0.035971223      0.019608983            134
83            107             4     0.037383178      0.018059606            103
84            170             8     0.047058824      0.022757427            162
85              0             0     0.000000000      0.004026124              0
86            168             7     0.041666667      0.018731265            161
87            153             4     0.026143791      0.022154605            149
88            144             5     0.034722222      0.020120151             81
89            125             6     0.048000000      0.017739006            119
90             10             0     0.000000000      0.008476153             10
91            139             8     0.057553957      0.018772563            114
92            134             9     0.067164179      0.018499554            125
93            171             5     0.029239766      0.023031898            174
94            130             6     0.046153846      0.017639675            124
95            143             8     0.055944056      0.019329605            135
96              0             0     0.000000000      0.006066922              0
97            163            12     0.073619632      0.019983465            155
98            118             7     0.059322034      0.019629179            111
99             53             2     0.037735849      0.015551349             51
100           128             5     0.039062500      0.021315246            123
    DEA.R.FSRsva DEA.V.FSRsva DEA.FDP.FSRsva DEA.PAUC.FSRsva DEA.NTP.SVA0
1            131            3    0.022900763     0.022914599          139
2            136            1    0.007352941     0.019361920           78
3            125            1    0.008000000     0.021012155          159
4              3            0    0.000000000     0.007947860          163
5            137            6    0.043795620     0.021728524          182
6            150            8    0.053333333     0.022129991          158
7            137            5    0.036496350     0.019785535          254
8            127            5    0.039370079     0.023063482          193
9            158            8    0.050632911     0.022508780          176
10           142            5    0.035211268     0.020944166          153
11           120            5    0.041666667     0.019323538          238
12           159            9    0.056603774     0.017517507          171
13           132            7    0.053030303     0.021195725          227
14           185            8    0.043243243     0.020697256          192
15           156           11    0.070512821     0.018799001          172
16           152            9    0.059210526     0.019471915          148
17            22            1    0.045454545     0.010772967          190
18           128            5    0.039062500     0.021000537           83
19            70            1    0.014285714     0.016345453          148
20           109            5    0.045871560     0.019369228          160
21           144            9    0.062500000     0.019845439          192
22            61            4    0.065573770     0.017826623          103
23           116            4    0.034482759     0.021285539          150
24           118            6    0.050847458     0.018932017          176
25           125            7    0.056000000     0.019586183          169
26           147            5    0.034013605     0.021215864          128
27           178            6    0.033707865     0.022201603          169
28           172            6    0.034883721     0.022399139          222
29           174           12    0.068965517     0.019090207          227
30           151            8    0.052980132     0.018259905          156
31           185            8    0.043243243     0.022705204          198
32            23            1    0.043478261     0.013341088          143
33           159           15    0.094339623     0.020183447          154
34            19            0    0.000000000     0.013775342          156
35            27            2    0.074074074     0.010633242          216
36           138            5    0.036231884     0.023703996          109
37           202            9    0.044554455     0.021188380          242
38           145            6    0.041379310     0.018319188          164
39           104            1    0.009615385     0.018707640          222
40           146            6    0.041095890     0.019265612          131
41           139            6    0.043165468     0.019666368          116
42           158            4    0.025316456     0.022763036          133
43           157           11    0.070063694     0.019641061          169
44           150            7    0.046666667     0.021733176          135
45           114            6    0.052631579     0.018550008          189
46           176            5    0.028409091     0.021855645          165
47           121            9    0.074380165     0.017713315          113
48           168            7    0.041666667     0.019750515          126
49           197           11    0.055837563     0.020619037          138
50           173           16    0.092485549     0.018386133          192
51            61            1    0.016393443     0.015228960          136
52           166            7    0.042168675     0.019733898          178
53             2            0    0.000000000     0.007365003          281
54           164            9    0.054878049     0.019455184          176
55           127            5    0.039370079     0.020389406          105
56           125            7    0.056000000     0.018782674          206
57           160            8    0.050000000     0.020461628          250
58           136            6    0.044117647     0.018796472          214
59           125            5    0.040000000     0.018906176          131
60           135            7    0.051851852     0.020478595          180
61           114            7    0.061403509     0.017673049          165
62           152           11    0.072368421     0.019365074          130
63            93            4    0.043010753     0.019308680          116
64           137            7    0.051094891     0.019159730          242
65           136            5    0.036764706     0.021187545          148
66           153            4    0.026143791     0.021258669          205
67           136            8    0.058823529     0.017793740          201
68           158            8    0.050632911     0.020669551          128
69           132            3    0.022727273     0.019705165          186
70           178            9    0.050561798     0.021559247          202
71           153            8    0.052287582     0.020829171           99
72             0            0    0.000000000     0.005363223          172
73           155            5    0.032258065     0.023759561          249
74           152           10    0.065789474     0.019330581          212
75           132            8    0.060606061     0.017570295          180
76             0            0    0.000000000     0.004665949          199
77             3            0    0.000000000     0.008208552          205
78           141            5    0.035460993     0.023406955          190
79           115           11    0.095652174     0.016594828          117
80           134            2    0.014925373     0.022301325          201
81            99            8    0.080808081     0.017918183          179
82           139            5    0.035971223     0.019608983          167
83           107            4    0.037383178     0.018059606          154
84           170            8    0.047058824     0.022757427          139
85             0            0    0.000000000     0.004026124          205
86           168            7    0.041666667     0.018731265          231
87           153            4    0.026143791     0.022154605          174
88            83            2    0.024096386     0.017308313          171
89           125            6    0.048000000     0.017739006          191
90            10            0    0.000000000     0.008476153          176
91           122            8    0.065573770     0.016778094          145
92           134            9    0.067164179     0.018499554          225
93           179            5    0.027932961     0.023001817          209
94           130            6    0.046153846     0.017639675          183
95           143            8    0.055944056     0.019329605          191
96             0            0    0.000000000     0.006066922          183
97           166           11    0.066265060     0.019737434          159
98           118            7    0.059322034     0.019629179          175
99            53            2    0.037735849     0.015551349          191
100          128            5    0.039062500     0.021315246          165
    DEA.R.SVA0 DEA.V.SVA0 DEA.FDP.SVA0 DEA.PAUC.SVA0 DEA.NTP.SVAall_FSR
1          167         28  0.167664671   0.011878306                128
2           81          3  0.037037037   0.015680787                135
3          191         32  0.167539267   0.013135254                124
4          188         25  0.132978723   0.013961998                  3
5          225         43  0.191111111   0.012677579                131
6          187         29  0.155080214   0.015190214                142
7          298         44  0.147651007   0.017745764                100
8          224         31  0.138392857   0.015048444                122
9          206         30  0.145631068   0.015376549                150
10         176         23  0.130681818   0.013319853                 40
11         284         46  0.161971831   0.015736925                115
12         193         22  0.113989637   0.015320632                150
13         272         45  0.165441176   0.016134192                125
14         229         37  0.161572052   0.015561580                177
15         189         17  0.089947090   0.016330836                145
16         195         47  0.241025641   0.008681634                143
17         216         26  0.120370370   0.015484652                 21
18          99         16  0.161616162   0.010283625                123
19         165         17  0.103030303   0.013987551                 69
20         184         24  0.130434783   0.015900304                104
21         240         48  0.200000000   0.014028539                146
22         116         13  0.112068966   0.012891344                 95
23         173         23  0.132947977   0.014717332                112
24         207         31  0.149758454   0.013958287                112
25         194         25  0.128865979   0.014934448                118
26         163         35  0.214723926   0.010488685                142
27         199         30  0.150753769   0.014755672                172
28         253         31  0.122529644   0.017623391                166
29         256         29  0.113281250   0.018081224                163
30         179         23  0.128491620   0.014551461                143
31         236         38  0.161016949   0.014943357                177
32         181         38  0.209944751   0.010692508                 23
33         192         38  0.197916667   0.011836286                144
34         190         34  0.178947368   0.011212606                 19
35         259         43  0.166023166   0.014815003                 25
36         110          1  0.009090909   0.018903558                133
37         275         33  0.120000000   0.017778976                187
38         191         27  0.141361257   0.014272351                147
39         265         43  0.162264151   0.016503011                151
40         155         24  0.154838710   0.013281240                140
41         139         23  0.165467626   0.011616825                150
42         170         37  0.217647059   0.010231999                154
43         196         27  0.137755102   0.013532980                146
44         163         28  0.171779141   0.012453558                143
45         227         38  0.167400881   0.015060660                109
46         188         23  0.122340426   0.014557983                171
47         127         14  0.110236220   0.014947143                168
48         146         20  0.136986301   0.011584275                161
49         168         30  0.178571429   0.011268372                186
50         239         47  0.196652720   0.012455520                157
51         176         40  0.227272727   0.009596245                 60
52         207         29  0.140096618   0.015810065                159
53         319         38  0.119122257   0.019745386                  2
54         209         33  0.157894737   0.014405265                172
55         118         13  0.110169492   0.013177948                122
56         240         34  0.141666667   0.016549372                186
57         301         51  0.169435216   0.015000431                152
58         268         54  0.201492537   0.013408925                148
59         164         33  0.201219512   0.011499672                120
60         210         30  0.142857143   0.014174883                128
61         199         34  0.170854271   0.013266272                125
62         155         25  0.161290323   0.011675739                141
63         158         42  0.265822785   0.008184797                119
64         304         62  0.203947368   0.014729670                130
65         174         26  0.149425287   0.012316912                131
66         253         48  0.189723320   0.013720197                149
67         235         34  0.144680851   0.014868521                152
68         172         44  0.255813953   0.009764937                150
69         208         22  0.105769231   0.018255467                129
70         229         27  0.117903930   0.016645560                169
71         112         13  0.116071429   0.013572325                145
72         205         33  0.160975610   0.014169835                  0
73         310         61  0.196774194   0.015886088                150
74         247         35  0.141700405   0.017220639                142
75         220         40  0.181818182   0.013070136                132
76         237         38  0.160337553   0.014282981                  0
77         247         42  0.170040486   0.013640518                  3
78         247         57  0.230769231   0.010498581                136
79         149         32  0.214765101   0.009918894                150
80         231         30  0.129870130   0.014889154                132
81         226         47  0.207964602   0.012003159                 91
82         212         45  0.212264151   0.012722656                134
83         187         33  0.176470588   0.011684673                103
84         175         36  0.205714286   0.010684184                162
85         258         53  0.205426357   0.012241044                  0
86         271         40  0.147601476   0.016166614                161
87         208         34  0.163461538   0.013264172                149
88         202         31  0.153465347   0.014978250                139
89         222         31  0.139639640   0.016418123                119
90         208         32  0.153846154   0.014522901                 10
91         171         26  0.152046784   0.014098562                131
92         263         38  0.144486692   0.016771169                125
93         256         47  0.183593750   0.014900044                166
94         212         29  0.136792453   0.015424531                124
95         211         20  0.094786730   0.017326544                135
96         223         40  0.179372197   0.012418950                  0
97         181         22  0.121546961   0.014318507                151
98         220         45  0.204545455   0.011005583                111
99         245         54  0.220408163   0.012294404                 51
100        192         27  0.140625000   0.013335487                123
    DEA.R.SVAall_FSR DEA.V.SVAall_FSR DEA.FDP.SVAall_FSR DEA.PAUC.SVAall_FSR
1                131                3        0.022900763         0.022914599
2                136                1        0.007352941         0.019361920
3                125                1        0.008000000         0.021012155
4                  3                0        0.000000000         0.007947860
5                137                6        0.043795620         0.021728524
6                150                8        0.053333333         0.022129991
7                106                6        0.056603774         0.018504719
8                127                5        0.039370079         0.023063482
9                158                8        0.050632911         0.022508780
10                42                2        0.047619048         0.016140264
11               120                5        0.041666667         0.019323538
12               159                9        0.056603774         0.017517507
13               132                7        0.053030303         0.021195725
14               185                8        0.043243243         0.020697256
15               156               11        0.070512821         0.018799001
16               152                9        0.059210526         0.019471915
17                22                1        0.045454545         0.010772967
18               128                5        0.039062500         0.021000537
19                70                1        0.014285714         0.016345453
20               109                5        0.045871560         0.019369228
21               155                9        0.058064516         0.020198172
22                99                4        0.040404040         0.019904077
23               116                4        0.034482759         0.021285539
24               118                6        0.050847458         0.018932017
25               125                7        0.056000000         0.019586183
26               147                5        0.034013605         0.021215864
27               178                6        0.033707865         0.022201603
28               172                6        0.034883721         0.022399139
29               178               15        0.084269663         0.019326668
30               151                8        0.052980132         0.018259905
31               185                8        0.043243243         0.022705204
32                24                1        0.041666667         0.013504736
33               159               15        0.094339623         0.020183447
34                19                0        0.000000000         0.013775342
35                27                2        0.074074074         0.010633242
36               138                5        0.036231884         0.023703996
37               197               10        0.050761421         0.021552561
38               156                9        0.057692308         0.018664619
39               159                8        0.050314465         0.021754545
40               146                6        0.041095890         0.019265612
41               159                9        0.056603774         0.019734897
42               158                4        0.025316456         0.022763036
43               157               11        0.070063694         0.019641061
44               150                7        0.046666667         0.021733176
45               113                4        0.035398230         0.018699626
46               176                5        0.028409091         0.021855645
47               179               11        0.061452514         0.020195067
48               168                7        0.041666667         0.019750515
49               197               11        0.055837563         0.020619037
50               173               16        0.092485549         0.018386133
51                61                1        0.016393443         0.015228960
52               166                7        0.042168675         0.019733898
53                 2                0        0.000000000         0.007365003
54               181                9        0.049723757         0.020054562
55               127                5        0.039370079         0.020389406
56               200               14        0.070000000         0.020486638
57               160                8        0.050000000         0.020461628
58               154                6        0.038961039         0.019048608
59               125                5        0.040000000         0.018906176
60               135                7        0.051851852         0.020478595
61               133                8        0.060150376         0.019712443
62               152               11        0.072368421         0.019365074
63               122                3        0.024590164         0.020139988
64               137                7        0.051094891         0.019159730
65               136                5        0.036764706         0.021187545
66               153                4        0.026143791         0.021258669
67               163               11        0.067484663         0.018603055
68               158                8        0.050632911         0.020669551
69               132                3        0.022727273         0.019705165
70               178                9        0.050561798         0.021559247
71               153                8        0.052287582         0.020829171
72                 0                0        0.000000000         0.005363223
73               155                5        0.032258065         0.023759561
74               152               10        0.065789474         0.019330581
75               139                7        0.050359712         0.017643923
76                 0                0        0.000000000         0.011480410
77                 3                0        0.000000000         0.008208552
78               141                5        0.035460993         0.023406955
79               160               10        0.062500000         0.019328963
80               134                2        0.014925373         0.022301325
81                99                8        0.080808081         0.017918183
82               139                5        0.035971223         0.019608983
83               107                4        0.037383178         0.018059606
84               170                8        0.047058824         0.022757427
85                 0                0        0.000000000         0.004026124
86               168                7        0.041666667         0.018731265
87               153                4        0.026143791         0.022154605
88               144                5        0.034722222         0.020120151
89               125                6        0.048000000         0.017739006
90                10                0        0.000000000         0.008476153
91               139                8        0.057553957         0.018772563
92               134                9        0.067164179         0.018499554
93               171                5        0.029239766         0.023031898
94               130                6        0.046153846         0.017639675
95               143                8        0.055944056         0.019329605
96                 0                0        0.000000000         0.006066922
97               163               12        0.073619632         0.019983465
98               118                7        0.059322034         0.019629179
99                53                2        0.037735849         0.015551349
100              128                5        0.039062500         0.021315246
    DEA.NTP.OnlyLine DEA.R.OnlyLine DEA.V.OnlyLine DEA.FDP.OnlyLine
1                165            179             14       0.07821229
2                113            126             13       0.10317460
3                135            149             14       0.09395973
4                129            144             15       0.10416667
5                177            195             18       0.09230769
6                123            141             18       0.12765957
7                143            156             13       0.08333333
8                180            201             21       0.10447761
9                142            161             19       0.11801242
10               127            136              9       0.06617647
11               152            166             14       0.08433735
12               153            164             11       0.06707317
13               133            147             14       0.09523810
14               156            178             22       0.12359551
15               139            151             12       0.07947020
16               154            177             23       0.12994350
17               131            143             12       0.08391608
18               117            128             11       0.08593750
19               162            174             12       0.06896552
20               123            133             10       0.07518797
21               142            159             17       0.10691824
22               112            120              8       0.06666667
23               135            149             14       0.09395973
24               141            160             19       0.11875000
25               160            180             20       0.11111111
26               148            166             18       0.10843373
27               145            163             18       0.11042945
28               121            131             10       0.07633588
29               177            192             15       0.07812500
30               121            137             16       0.11678832
31               146            167             21       0.12574850
32               129            148             19       0.12837838
33               129            141             12       0.08510638
34               123            141             18       0.12765957
35               144            156             12       0.07692308
36               126            137             11       0.08029197
37               152            165             13       0.07878788
38               134            145             11       0.07586207
39               162            176             14       0.07954545
40               138            153             15       0.09803922
41               117            127             10       0.07874016
42               130            150             20       0.13333333
43               159            180             21       0.11666667
44               129            138              9       0.06521739
45               133            140              7       0.05000000
46               164            177             13       0.07344633
47               130            147             17       0.11564626
48               158            178             20       0.11235955
49               174            197             23       0.11675127
50               174            195             21       0.10769231
51               138            156             18       0.11538462
52               152            165             13       0.07878788
53               160            176             16       0.09090909
54               134            148             14       0.09459459
55               128            139             11       0.07913669
56               147            163             16       0.09815951
57               173            194             21       0.10824742
58               159            181             22       0.12154696
59               127            142             15       0.10563380
60               121            128              7       0.05468750
61               139            151             12       0.07947020
62               149            166             17       0.10240964
63               111            133             22       0.16541353
64               136            147             11       0.07482993
65               128            136              8       0.05882353
66               146            164             18       0.10975610
67               160            179             19       0.10614525
68               138            148             10       0.06756757
69               157            170             13       0.07647059
70               177            187             10       0.05347594
71               117            127             10       0.07874016
72               118            140             22       0.15714286
73               164            190             26       0.13684211
74               126            137             11       0.08029197
75               113            126             13       0.10317460
76               157            174             17       0.09770115
77               150            161             11       0.06832298
78               155            173             18       0.10404624
79               149            167             18       0.10778443
80               160            171             11       0.06432749
81               128            145             17       0.11724138
82               136            147             11       0.07482993
83               134            144             10       0.06944444
84               127            135              8       0.05925926
85               138            154             16       0.10389610
86               150            170             20       0.11764706
87               157            174             17       0.09770115
88               163            176             13       0.07386364
89               148            164             16       0.09756098
90               117            127             10       0.07874016
91               139            156             17       0.10897436
92               155            168             13       0.07738095
93               185            208             23       0.11057692
94               134            152             18       0.11842105
95               142            153             11       0.07189542
96               126            134              8       0.05970149
97               147            156              9       0.05769231
98               157            170             13       0.07647059
99               129            143             14       0.09790210
100              168            185             17       0.09189189
    DEA.PAUC.OnlyLine DEA.NTP.All DEA.R.All DEA.V.All DEA.FDP.All DEA.PAUC.All
1          0.01954037           0         0         0         0.0  0.002868029
2          0.01835473           2         2         0         0.0  0.004647574
3          0.01583258           0         0         0         0.0  0.004771909
4          0.01587757           0         0         0         0.0  0.004651579
5          0.01907516           0         1         1         1.0  0.003858067
6          0.01567234           2         2         0         0.0  0.004140083
7          0.01667946           0         0         0         0.0  0.005346560
8          0.01668654           0         0         0         0.0  0.004568278
9          0.01616306           0         0         0         0.0  0.005004390
10         0.01761141           0         0         0         0.0  0.005116037
11         0.01765447           0         0         0         0.0  0.004482639
12         0.01769609           0         0         0         0.0  0.005135011
13         0.01621449           1         1         0         0.0  0.004863966
14         0.01619879           0         0         0         0.0  0.005209151
15         0.01715855           0         0         0         0.0  0.005338327
16         0.01497139           0         0         0         0.0  0.003091850
17         0.01799463           0         0         0         0.0  0.005316936
18         0.01761374           0         0         0         0.0  0.004750263
19         0.01767302           0         0         0         0.0  0.003930252
20         0.01721553           1         1         0         0.0  0.004380252
21         0.01702357           0         0         0         0.0  0.005671958
22         0.01676670           0         0         0         0.0  0.003848855
23         0.01546020           0         0         0         0.0  0.003756660
24         0.01563700           0         0         0         0.0  0.004036300
25         0.01708111           0         0         0         0.0  0.005058793
26         0.01549956           0         0         0         0.0  0.004856477
27         0.01703273           0         0         0         0.0  0.005596540
28         0.01805981           0         0         0         0.0  0.005229574
29         0.01867300           0         0         0         0.0  0.003189129
30         0.01707954           0         0         0         0.0  0.004526014
31         0.01672103           0         0         0         0.0  0.004794417
32         0.01321898           0         0         0         0.0  0.003408914
33         0.01594174           0         0         0         0.0  0.004919158
34         0.01383243           0         0         0         0.0  0.005242191
35         0.01664339           1         1         0         0.0  0.004055666
36         0.01585534           0         0         0         0.0  0.005326741
37         0.01739922           0         0         0         0.0  0.004964361
38         0.01774053           0         0         0         0.0  0.003922028
39         0.01635079           0         0         0         0.0  0.004410528
40         0.01585922           0         0         0         0.0  0.004904390
41         0.01544553           0         0         0         0.0  0.003652307
42         0.01515833           0         0         0         0.0  0.003771700
43         0.01514714           0         0         0         0.0  0.003305785
44         0.01759044           0         0         0         0.0  0.004232764
45         0.01801399           1         2         1         0.5  0.004396162
46         0.01906130           0         0         0         0.0  0.005110728
47         0.01700604           0         0         0         0.0  0.005728669
48         0.01465353           0         0         0         0.0  0.005563627
49         0.01625392           0         0         0         0.0  0.004263344
50         0.01733934           0         0         0         0.0  0.003684131
51         0.01527272           0         0         0         0.0  0.003888511
52         0.02059821           0         0         0         0.0  0.004452875
53         0.01737745           0         1         1         1.0  0.005109364
54         0.01785390           0         0         0         0.0  0.005783053
55         0.01774109           1         2         1         0.5  0.004184073
56         0.01630361           0         0         0         0.0  0.004697244
57         0.01717924           1         1         0         0.0  0.004925423
58         0.01536421           0         0         0         0.0  0.004309791
59         0.01526266           0         0         0         0.0  0.006644655
60         0.01709394           0         0         0         0.0  0.004521656
61         0.01788362           0         0         0         0.0  0.004224277
62         0.01563672           0         0         0         0.0  0.003461408
63         0.01345488           0         1         1         1.0  0.005195678
64         0.01568389           0         0         0         0.0  0.003824423
65         0.01720885           0         0         0         0.0  0.005017213
66         0.01668442           0         0         0         0.0  0.005341713
67         0.01662017           1         2         1         0.5  0.004932967
68         0.01811996           0         0         0         0.0  0.004600486
69         0.01960278           0         0         0         0.0  0.004203003
70         0.01971029           0         0         0         0.0  0.004513778
71         0.02024898           0         0         0         0.0  0.004672251
72         0.01519580           0         0         0         0.0  0.005447865
73         0.01452099           0         0         0         0.0  0.004500202
74         0.01738086           0         0         0         0.0  0.004726373
75         0.01497937           0         0         0         0.0  0.003790543
76         0.01763206           0         0         0         0.0  0.004472107
77         0.01682895           0         0         0         0.0  0.003653467
78         0.01640380           0         0         0         0.0  0.004652375
79         0.01514104           1         1         0         0.0  0.003177923
80         0.01907073           0         0         0         0.0  0.003745346
81         0.01570637           0         0         0         0.0  0.004635344
82         0.01604700           0         0         0         0.0  0.004867698
83         0.01758189           0         0         0         0.0  0.003982618
84         0.01607520           0         0         0         0.0  0.005576567
85         0.01550337           0         0         0         0.0  0.004275215
86         0.01516542           0         0         0         0.0  0.004280465
87         0.01690218           0         0         0         0.0  0.004600497
88         0.01840915           0         0         0         0.0  0.006012656
89         0.01551383           1         1         0         0.0  0.003598441
90         0.01767501           0         0         0         0.0  0.005149422
91         0.01705265           0         0         0         0.0  0.004589523
92         0.01675848           0         0         0         0.0  0.005077289
93         0.01697813           0         0         0         0.0  0.004745253
94         0.01559640           1         1         0         0.0  0.004468480
95         0.01662304           0         0         0         0.0  0.003953641
96         0.01720102           0         0         0         0.0  0.004951395
97         0.01872958           0         0         0         0.0  0.004829452
98         0.01717173           0         0         0         0.0  0.006003045
99         0.01639379           0         0         0         0.0  0.004964397
100        0.01796385           0         0         0         0.0  0.004181424
    DEA.NTP.Oracle DEA.R.Oracle DEA.V.Oracle DEA.FDP.Oracle DEA.PAUC.Oracle
1              128          131            3    0.022900763      0.02291460
2              135          136            1    0.007352941      0.01936192
3              151          152            1    0.006578947      0.02178496
4              114          116            2    0.017241379      0.01974380
5              131          137            6    0.043795620      0.02172852
6              142          150            8    0.053333333      0.02212999
7              181          194           13    0.067010309      0.02099108
8              122          127            5    0.039370079      0.02306348
9              150          158            8    0.050632911      0.02250878
10             137          142            5    0.035211268      0.02094417
11             115          120            5    0.041666667      0.01932354
12             150          159            9    0.056603774      0.01751751
13             151          157            6    0.038216561      0.02339700
14             177          185            8    0.043243243      0.02069726
15             145          156           11    0.070512821      0.01879900
16             143          152            9    0.059210526      0.01947192
17             167          178           11    0.061797753      0.02168002
18             123          128            5    0.039062500      0.02100054
19             144          145            1    0.006896552      0.02103128
20             104          109            5    0.045871560      0.01936923
21             146          155            9    0.058064516      0.02019817
22              95           99            4    0.040404040      0.01990408
23             112          116            4    0.034482759      0.02128554
24             110          116            6    0.051724138      0.01937271
25             118          125            7    0.056000000      0.01958618
26             142          147            5    0.034013605      0.02121586
27             172          178            6    0.033707865      0.02220160
28             166          172            6    0.034883721      0.02239914
29             179          197           18    0.091370558      0.01968817
30             143          151            8    0.052980132      0.01825991
31             177          185            8    0.043243243      0.02270520
32             136          141            5    0.035460993      0.01881826
33             144          159           15    0.094339623      0.02018345
34             115          118            3    0.025423729      0.01880820
35             129          132            3    0.022727273      0.02108583
36             133          138            5    0.036231884      0.02370400
37             187          197           10    0.050761421      0.02155256
38             147          156            9    0.057692308      0.01866462
39             151          159            8    0.050314465      0.02175455
40             140          146            6    0.041095890      0.01926561
41             150          159            9    0.056603774      0.01973490
42             154          158            4    0.025316456      0.02276304
43             146          157           11    0.070063694      0.01964106
44             143          150            7    0.046666667      0.02173318
45             115          122            7    0.057377049      0.01890909
46             171          176            5    0.028409091      0.02185564
47             165          172            7    0.040697674      0.02066449
48             161          168            7    0.041666667      0.01975051
49             186          197           11    0.055837563      0.02061904
50             157          173           16    0.092485549      0.01838613
51             170          182           12    0.065934066      0.01982766
52             159          166            7    0.042168675      0.01973390
53             181          190            9    0.047368421      0.02176911
54             172          181            9    0.049723757      0.02005456
55             122          127            5    0.039370079      0.02038941
56             186          200           14    0.070000000      0.02048664
57             152          160            8    0.050000000      0.02046163
58             148          154            6    0.038961039      0.01904861
59             120          125            5    0.040000000      0.01890618
60             128          135            7    0.051851852      0.02047860
61             125          133            8    0.060150376      0.01971244
62             141          152           11    0.072368421      0.01936507
63             119          122            3    0.024590164      0.02013999
64             130          137            7    0.051094891      0.01915973
65             131          136            5    0.036764706      0.02118754
66             149          153            4    0.026143791      0.02125867
67             152          163           11    0.067484663      0.01860306
68             150          158            8    0.050632911      0.02066955
69             129          132            3    0.022727273      0.01970517
70             169          178            9    0.050561798      0.02155925
71             145          153            8    0.052287582      0.02082917
72             111          114            3    0.026315789      0.01941764
73             150          155            5    0.032258065      0.02375956
74             142          152           10    0.065789474      0.01933058
75             132          139            7    0.050359712      0.01764392
76             146          158           12    0.075949367      0.01811354
77             141          146            5    0.034246575      0.02011510
78             136          141            5    0.035460993      0.02340695
79             153          162            9    0.055555556      0.01939145
80             132          134            2    0.014925373      0.02230133
81             106          116           10    0.086206897      0.01886230
82             140          145            5    0.034482759      0.01959736
83             103          107            4    0.037383178      0.01805961
84             162          170            8    0.047058824      0.02275743
85             155          163            8    0.049079755      0.01965023
86             175          186           11    0.059139785      0.01886548
87             149          153            4    0.026143791      0.02215461
88             152          159            7    0.044025157      0.02022693
89             119          125            6    0.048000000      0.01773901
90             131          136            5    0.036764706      0.02077996
91             131          139            8    0.057553957      0.01877256
92             125          134            9    0.067164179      0.01849955
93             166          171            5    0.029239766      0.02303190
94             124          130            6    0.046153846      0.01763968
95             135          143            8    0.055944056      0.01932961
96             124          137           13    0.094890511      0.01701427
97             151          163           12    0.073619632      0.01998346
98             111          118            7    0.059322034      0.01962918
99             139          148            9    0.060810811      0.02025750
100            123          128            5    0.039062500      0.02131525

     user    system   elapsed 
65052.139  1167.509  4482.801 
