Running task ID: 1
Job ID: 4653269
Node: d6-w6420b-15
[1] "Running scenario 1"
Option= OWN , B= 100 , m= 3 , alpha0 =  0.05 
Option= OWN , B= 100 , m= 3  runs in  31.833  s
No significant surrogate variables
Number of significant surrogate variables is:  2 
Iteration (out of 5 ):1  2  3  4  5  No significant surrogate variables
Option= OWN , B= 100 , m= 3 , alpha0 =  0.05 
Option= OWN , B= 100 , m= 3  runs in  36.586  s
No significant surrogate variables
Number of significant surrogate variables is:  3 
Iteration (out of 5 ):1  2  3  4  5  No significant surrogate variables
Option= OWN , B= 100 , m= 3 , alpha0 =  0.05 
Option= OWN , B= 100 , m= 3  runs in  38.512  s
No significant surrogate variables
Number of significant surrogate variables is:  1 
Iteration (out of 5 ):1  2  3  4  5  No significant surrogate variables
Option= OWN , B= 100 , m= 3 , alpha0 =  0.05 
Option= OWN , B= 100 , m= 3  runs in  35.05  s
Number of significant surrogate variables is:  1 
Iteration (out of 5 ):1  2  3  4  5  Number of significant surrogate variables is:  4 
Iteration (out of 5 ):1  2  3  4  5  No significant surrogate variables
Option= OWN , B= 100 , m= 3 , alpha0 =  0.05 
Option= OWN , B= 100 , m= 3  runs in  35.431  s
Number of significant surrogate variables is:  7 
Iteration (out of 5 ):1  2  3  4  5  Number of significant surrogate variables is:  6 
Iteration (out of 5 ):1  2  3  4  5  No significant surrogate variables
Option= OWN , B= 100 , m= 3 , alpha0 =  0.05 
Option= OWN , B= 100 , m= 3  runs in  39.266  s
Number of significant surrogate variables is:  1 
Iteration (out of 5 ):1  2  3  4  5  Number of significant surrogate variables is:  2 
Iteration (out of 5 ):1  2  3  4  5  No significant surrogate variables
Option= OWN , B= 100 , m= 3 , alpha0 =  0.05 
Option= OWN , B= 100 , m= 3  runs in  34.745  s
No significant surrogate variables
Number of significant surrogate variables is:  5 
Iteration (out of 5 ):1  2  3  4  5  No significant surrogate variables
Option= OWN , B= 100 , m= 3 , alpha0 =  0.05 
Option= OWN , B= 100 , m= 3  runs in  35.925  s
No significant surrogate variables
Number of significant surrogate variables is:  4 
Iteration (out of 5 ):1  2  3  4  5  No significant surrogate variables
Option= OWN , B= 100 , m= 3 , alpha0 =  0.05 
Option= OWN , B= 100 , m= 3  runs in  36.272  s
No significant surrogate variables
Number of significant surrogate variables is:  1 
Iteration (out of 5 ):1  2  3  4  5  No significant surrogate variables
Option= OWN , B= 100 , m= 3 , alpha0 =  0.05 
Option= OWN , B= 100 , m= 3  runs in  36.149  s
No significant surrogate variables
Number of significant surrogate variables is:  1 
Iteration (out of 5 ):1  2  3  4  5  No significant surrogate variables
Option= OWN , B= 100 , m= 3 , alpha0 =  0.05 
Option= OWN , B= 100 , m= 3  runs in  35.982  s
No significant surrogate variables
Number of significant surrogate variables is:  3 
Iteration (out of 5 ):1  2  3  4  5  No significant surrogate variables
Option= OWN , B= 100 , m= 3 , alpha0 =  0.05 
Option= OWN , B= 100 , m= 3  runs in  37.445  s
Number of significant surrogate variables is:  2 
Iteration (out of 5 ):1  2  3  4  5  Number of significant surrogate variables is:  3 
Iteration (out of 5 ):1  2  3  4  5  Number of significant surrogate variables is:  1 
Iteration (out of 5 ):1  2  3  4  5  Option= OWN , B= 100 , m= 3 , alpha0 =  0.05 
Option= OWN , B= 100 , m= 3  runs in  40.851  s
Option= OWN , B= 100 , m= 3 , alpha0 =  0.05 
Option= OWN , B= 100 , m= 3  runs in  37.176  s
Number of significant surrogate variables is:  8 
Iteration (out of 5 ):1  2  3  4  5  Number of significant surrogate variables is:  6 
Iteration (out of 5 ):1  2  3  4  5  No significant surrogate variables
Option= OWN , B= 100 , m= 3 , alpha0 =  0.05 
Option= OWN , B= 100 , m= 3  runs in  38.985  s
No significant surrogate variables
Number of significant surrogate variables is:  3 
Iteration (out of 5 ):1  2  3  4  5  No significant surrogate variables
Option= OWN , B= 100 , m= 3 , alpha0 =  0.05 
Option= OWN , B= 100 , m= 3  runs in  37.039  s
Number of significant surrogate variables is:  2 
Iteration (out of 5 ):1  2  3  4  5  Number of significant surrogate variables is:  4 
Iteration (out of 5 ):1  2  3  4  5  No significant surrogate variables
Option= OWN , B= 100 , m= 3 , alpha0 =  0.05 
Option= OWN , B= 100 , m= 3  runs in  39.385  s
Number of significant surrogate variables is:  2 
Iteration (out of 5 ):1  2  3  4  5  Number of significant surrogate variables is:  3 
Iteration (out of 5 ):1  2  3  4  5  No significant surrogate variables
Option= OWN , B= 100 , m= 3 , alpha0 =  0.05 
Option= OWN , B= 100 , m= 3  runs in  38.5  s
Number of significant surrogate variables is:  3 
Iteration (out of 5 ):1  2  3  4  5  Number of significant surrogate variables is:  4 
Iteration (out of 5 ):1  2  3  4  5  No significant surrogate variables
Option= OWN , B= 100 , m= 3 , alpha0 =  0.05 
Option= OWN , B= 100 , m= 3  runs in  35.434  s
Number of significant surrogate variables is:  3 
Iteration (out of 5 ):1  2  3  4  5  Number of significant surrogate variables is:  4 
Iteration (out of 5 ):1  2  3  4  5  Number of significant surrogate variables is:  1 
Iteration (out of 5 ):1  2  3  4  5  Option= OWN , B= 100 , m= 3 , alpha0 =  0.05 
Option= OWN , B= 100 , m= 3  runs in  36.904  s
Option= OWN , B= 100 , m= 3 , alpha0 =  0.05 
Option= OWN , B= 100 , m= 3  runs in  34.677  s
No significant surrogate variables
Number of significant surrogate variables is:  4 
Iteration (out of 5 ):1  2  3  4  5  No significant surrogate variables
Option= OWN , B= 100 , m= 3 , alpha0 =  0.05 
Option= OWN , B= 100 , m= 3  runs in  34.709  s
Number of significant surrogate variables is:  8 
Iteration (out of 5 ):1  2  3  4  5  Number of significant surrogate variables is:  3 
Iteration (out of 5 ):1  2  3  4  5  No significant surrogate variables
Option= OWN , B= 100 , m= 3 , alpha0 =  0.05 
Option= OWN , B= 100 , m= 3  runs in  39.041  s
Number of significant surrogate variables is:  4 
Iteration (out of 5 ):1  2  3  4  5  Number of significant surrogate variables is:  4 
Iteration (out of 5 ):1  2  3  4  5  Number of significant surrogate variables is:  2 
Iteration (out of 5 ):1  2  3  4  5  Option= OWN , B= 100 , m= 3 , alpha0 =  0.05 
Option= OWN , B= 100 , m= 3  runs in  44.746  s
Option= OWN , B= 100 , m= 3 , alpha0 =  0.05 
Option= OWN , B= 100 , m= 3  runs in  37.661  s
No significant surrogate variables
Number of significant surrogate variables is:  3 
Iteration (out of 5 ):1  2  3  4  5  No significant surrogate variables
Option= OWN , B= 100 , m= 3 , alpha0 =  0.05 
Option= OWN , B= 100 , m= 3  runs in  37.281  s
No significant surrogate variables
Number of significant surrogate variables is:  1 
Iteration (out of 5 ):1  2  3  4  5  No significant surrogate variables
Option= OWN , B= 100 , m= 3 , alpha0 =  0.05 
Option= OWN , B= 100 , m= 3  runs in  34.461  s
No significant surrogate variables
Number of significant surrogate variables is:  2 
Iteration (out of 5 ):1  2  3  4  5  No significant surrogate variables
Option= OWN , B= 100 , m= 3 , alpha0 =  0.05 
Option= OWN , B= 100 , m= 3  runs in  32.431  s
Number of significant surrogate variables is:  3 
Iteration (out of 5 ):1  2  3  4  5  Number of significant surrogate variables is:  4 
Iteration (out of 5 ):1  2  3  4  5  Number of significant surrogate variables is:  2 
Iteration (out of 5 ):1  2  3  4  5  Option= OWN , B= 100 , m= 3 , alpha0 =  0.05 
Option= OWN , B= 100 , m= 3  runs in  38.131  s
Option= OWN , B= 100 , m= 3 , alpha0 =  0.05 
Option= OWN , B= 100 , m= 3  runs in  37.495  s
No significant surrogate variables
Number of significant surrogate variables is:  2 
Iteration (out of 5 ):1  2  3  4  5  Number of significant surrogate variables is:  1 
Iteration (out of 5 ):1  2  3  4  5  Option= OWN , B= 100 , m= 3 , alpha0 =  0.05 
Option= OWN , B= 100 , m= 3  runs in  40.011  s
Option= OWN , B= 100 , m= 3 , alpha0 =  0.05 
Option= OWN , B= 100 , m= 3  runs in  36.632  s
Number of significant surrogate variables is:  3 
Iteration (out of 5 ):1  2  3  4  5  Number of significant surrogate variables is:  4 
Iteration (out of 5 ):1  2  3  4  5  No significant surrogate variables
Option= OWN , B= 100 , m= 3 , alpha0 =  0.05 
Option= OWN , B= 100 , m= 3  runs in  35.485  s
No significant surrogate variables
Number of significant surrogate variables is:  1 
Iteration (out of 5 ):1  2  3  4  5  No significant surrogate variables
Option= OWN , B= 100 , m= 3 , alpha0 =  0.05 
Option= OWN , B= 100 , m= 3  runs in  36.576  s
Number of significant surrogate variables is:  4 
Iteration (out of 5 ):1  2  3  4  5  Number of significant surrogate variables is:  3 
Iteration (out of 5 ):1  2  3  4  5  No significant surrogate variables
Option= OWN , B= 100 , m= 3 , alpha0 =  0.05 
Option= OWN , B= 100 , m= 3  runs in  35.727  s
Number of significant surrogate variables is:  8 
Iteration (out of 5 ):1  2  3  4  5  Number of significant surrogate variables is:  3 
Iteration (out of 5 ):1  2  3  4  5  No significant surrogate variables
Option= OWN , B= 100 , m= 3 , alpha0 =  0.05 
Option= OWN , B= 100 , m= 3  runs in  37.311  s
No significant surrogate variables
Number of significant surrogate variables is:  2 
Iteration (out of 5 ):1  2  3  4  5  No significant surrogate variables
Option= OWN , B= 100 , m= 3 , alpha0 =  0.05 
Option= OWN , B= 100 , m= 3  runs in  38.21  s
Number of significant surrogate variables is:  2 
Iteration (out of 5 ):1  2  3  4  5  Number of significant surrogate variables is:  3 
Iteration (out of 5 ):1  2  3  4  5  No significant surrogate variables
Option= OWN , B= 100 , m= 3 , alpha0 =  0.05 
Option= OWN , B= 100 , m= 3  runs in  36.048  s
No significant surrogate variables
Number of significant surrogate variables is:  3 
Iteration (out of 5 ):1  2  3  4  5  No significant surrogate variables
Option= OWN , B= 100 , m= 3 , alpha0 =  0.05 
Option= OWN , B= 100 , m= 3  runs in  35.656  s
No significant surrogate variables
Number of significant surrogate variables is:  6 
Iteration (out of 5 ):1  2  3  4  5  No significant surrogate variables
Option= OWN , B= 100 , m= 3 , alpha0 =  0.05 
Option= OWN , B= 100 , m= 3  runs in  38.692  s
No significant surrogate variables
Number of significant surrogate variables is:  3 
Iteration (out of 5 ):1  2  3  4  5  No significant surrogate variables
Option= OWN , B= 100 , m= 3 , alpha0 =  0.05 
Option= OWN , B= 100 , m= 3  runs in  38.921  s
No significant surrogate variables
Number of significant surrogate variables is:  6 
Iteration (out of 5 ):1  2  3  4  5  No significant surrogate variables
Option= OWN , B= 100 , m= 3 , alpha0 =  0.05 
Option= OWN , B= 100 , m= 3  runs in  36.528  s
No significant surrogate variables
Number of significant surrogate variables is:  1 
Iteration (out of 5 ):1  2  3  4  5  No significant surrogate variables
Option= OWN , B= 100 , m= 3 , alpha0 =  0.05 
Option= OWN , B= 100 , m= 3  runs in  35.9  s
No significant surrogate variables
Number of significant surrogate variables is:  2 
Iteration (out of 5 ):1  2  3  4  5  No significant surrogate variables
Option= OWN , B= 100 , m= 3 , alpha0 =  0.05 
Option= OWN , B= 100 , m= 3  runs in  35.889  s
No significant surrogate variables
Number of significant surrogate variables is:  4 
Iteration (out of 5 ):1  2  3  4  5  No significant surrogate variables
Option= OWN , B= 100 , m= 3 , alpha0 =  0.05 
Option= OWN , B= 100 , m= 3  runs in  35.416  s
Number of significant surrogate variables is:  5 
Iteration (out of 5 ):1  2  3  4  5  Number of significant surrogate variables is:  3 
Iteration (out of 5 ):1  2  3  4  5  No significant surrogate variables
Option= OWN , B= 100 , m= 3 , alpha0 =  0.05 
Option= OWN , B= 100 , m= 3  runs in  36.416  s
Number of significant surrogate variables is:  1 
Iteration (out of 5 ):1  2  3  4  5  Number of significant surrogate variables is:  2 
Iteration (out of 5 ):1  2  3  4  5  No significant surrogate variables
Option= OWN , B= 100 , m= 3 , alpha0 =  0.05 
Option= OWN , B= 100 , m= 3  runs in  33.456  s
Number of significant surrogate variables is:  2 
Iteration (out of 5 ):1  2  3  4  5  Number of significant surrogate variables is:  3 
Iteration (out of 5 ):1  2  3  4  5  No significant surrogate variables
Option= OWN , B= 100 , m= 3 , alpha0 =  0.05 
Option= OWN , B= 100 , m= 3  runs in  38.612  s
No significant surrogate variables
Number of significant surrogate variables is:  1 
Iteration (out of 5 ):1  2  3  4  5  No significant surrogate variables
Option= OWN , B= 100 , m= 3 , alpha0 =  0.05 
Option= OWN , B= 100 , m= 3  runs in  40.37  s
No significant surrogate variables
Number of significant surrogate variables is:  1 
Iteration (out of 5 ):1  2  3  4  5  No significant surrogate variables
Option= OWN , B= 100 , m= 3 , alpha0 =  0.05 
Option= OWN , B= 100 , m= 3  runs in  38.182  s
Number of significant surrogate variables is:  5 
Iteration (out of 5 ):1  2  3  4  5  Number of significant surrogate variables is:  3 
Iteration (out of 5 ):1  2  3  4  5  No significant surrogate variables
Option= OWN , B= 100 , m= 3 , alpha0 =  0.05 
Option= OWN , B= 100 , m= 3  runs in  37.248  s
No significant surrogate variables
Number of significant surrogate variables is:  1 
Iteration (out of 5 ):1  2  3  4  5  No significant surrogate variables
Option= OWN , B= 100 , m= 3 , alpha0 =  0.05 
Option= OWN , B= 100 , m= 3  runs in  36.664  s
Number of significant surrogate variables is:  1 
Iteration (out of 5 ):1  2  3  4  5  Number of significant surrogate variables is:  4 
Iteration (out of 5 ):1  2  3  4  5  No significant surrogate variables
Option= OWN , B= 100 , m= 3 , alpha0 =  0.05 
Option= OWN , B= 100 , m= 3  runs in  36.338  s
Number of significant surrogate variables is:  1 
Iteration (out of 5 ):1  2  3  4  5  Number of significant surrogate variables is:  2 
Iteration (out of 5 ):1  2  3  4  5  No significant surrogate variables
Option= OWN , B= 100 , m= 3 , alpha0 =  0.05 
Option= OWN , B= 100 , m= 3  runs in  38.581  s
Number of significant surrogate variables is:  1 
Iteration (out of 5 ):1  2  3  4  5  Number of significant surrogate variables is:  2 
Iteration (out of 5 ):1  2  3  4  5  No significant surrogate variables
Option= OWN , B= 100 , m= 3 , alpha0 =  0.05 
Option= OWN , B= 100 , m= 3  runs in  39.001  s
No significant surrogate variables
Number of significant surrogate variables is:  2 
Iteration (out of 5 ):1  2  3  4  5  No significant surrogate variables
Option= OWN , B= 100 , m= 3 , alpha0 =  0.05 
Option= OWN , B= 100 , m= 3  runs in  39.359  s
No significant surrogate variables
Number of significant surrogate variables is:  5 
Iteration (out of 5 ):1  2  3  4  5  No significant surrogate variables
Option= OWN , B= 100 , m= 3 , alpha0 =  0.05 
Option= OWN , B= 100 , m= 3  runs in  35.659  s
Number of significant surrogate variables is:  1 
Iteration (out of 5 ):1  2  3  4  5  Number of significant surrogate variables is:  2 
Iteration (out of 5 ):1  2  3  4  5  No significant surrogate variables
Option= OWN , B= 100 , m= 3 , alpha0 =  0.05 
Option= OWN , B= 100 , m= 3  runs in  38.29  s
Number of significant surrogate variables is:  7 
Iteration (out of 5 ):1  2  3  4  5  Number of significant surrogate variables is:  5 
Iteration (out of 5 ):1  2  3  4  5  No significant surrogate variables
Option= OWN , B= 100 , m= 3 , alpha0 =  0.05 
Option= OWN , B= 100 , m= 3  runs in  35.251  s
Number of significant surrogate variables is:  3 
Iteration (out of 5 ):1  2  3  4  5  Number of significant surrogate variables is:  4 
Iteration (out of 5 ):1  2  3  4  5  No significant surrogate variables
Option= OWN , B= 100 , m= 3 , alpha0 =  0.05 
Option= OWN , B= 100 , m= 3  runs in  34.331  s
No significant surrogate variables
Number of significant surrogate variables is:  2 
Iteration (out of 5 ):1  2  3  4  5  No significant surrogate variables
Option= OWN , B= 100 , m= 3 , alpha0 =  0.05 
Option= OWN , B= 100 , m= 3  runs in  37.495  s
No significant surrogate variables
Number of significant surrogate variables is:  1 
Iteration (out of 5 ):1  2  3  4  5  No significant surrogate variables
Option= OWN , B= 100 , m= 3 , alpha0 =  0.05 
Option= OWN , B= 100 , m= 3  runs in  35.946  s
No significant surrogate variables
Number of significant surrogate variables is:  3 
Iteration (out of 5 ):1  2  3  4  5  No significant surrogate variables
Option= OWN , B= 100 , m= 3 , alpha0 =  0.05 
Option= OWN , B= 100 , m= 3  runs in  36.878  s
Number of significant surrogate variables is:  2 
Iteration (out of 5 ):1  2  3  4  5  Number of significant surrogate variables is:  2 
Iteration (out of 5 ):1  2  3  4  5  No significant surrogate variables
Option= OWN , B= 100 , m= 3 , alpha0 =  0.05 
Option= OWN , B= 100 , m= 3  runs in  35.916  s
Number of significant surrogate variables is:  1 
Iteration (out of 5 ):1  2  3  4  5  Number of significant surrogate variables is:  2 
Iteration (out of 5 ):1  2  3  4  5  No significant surrogate variables
Option= OWN , B= 100 , m= 3 , alpha0 =  0.05 
Option= OWN , B= 100 , m= 3  runs in  36.113  s
No significant surrogate variables
Number of significant surrogate variables is:  8 
Iteration (out of 5 ):1  2  3  4  5  No significant surrogate variables
Option= OWN , B= 100 , m= 3 , alpha0 =  0.05 
Option= OWN , B= 100 , m= 3  runs in  37.941  s
Number of significant surrogate variables is:  11 
Iteration (out of 5 ):1  2  3  4  5  Number of significant surrogate variables is:  4 
Iteration (out of 5 ):1  2  3  4  5  No significant surrogate variables
Option= OWN , B= 100 , m= 3 , alpha0 =  0.05 
Option= OWN , B= 100 , m= 3  runs in  38.253  s
No significant surrogate variables
Number of significant surrogate variables is:  1 
Iteration (out of 5 ):1  2  3  4  5  No significant surrogate variables
Option= OWN , B= 100 , m= 3 , alpha0 =  0.05 
Option= OWN , B= 100 , m= 3  runs in  37.839  s
Number of significant surrogate variables is:  1 
Iteration (out of 5 ):1  2  3  4  5  Number of significant surrogate variables is:  2 
Iteration (out of 5 ):1  2  3  4  5  No significant surrogate variables
Option= OWN , B= 100 , m= 3 , alpha0 =  0.05 
Option= OWN , B= 100 , m= 3  runs in  36.849  s
Number of significant surrogate variables is:  1 
Iteration (out of 5 ):1  2  3  4  5  Number of significant surrogate variables is:  3 
Iteration (out of 5 ):1  2  3  4  5  No significant surrogate variables
Option= OWN , B= 100 , m= 3 , alpha0 =  0.05 
Option= OWN , B= 100 , m= 3  runs in  34.904  s
Number of significant surrogate variables is:  1 
Iteration (out of 5 ):1  2  3  4  5  Number of significant surrogate variables is:  2 
Iteration (out of 5 ):1  2  3  4  5  No significant surrogate variables
Option= OWN , B= 100 , m= 3 , alpha0 =  0.05 
Option= OWN , B= 100 , m= 3  runs in  35.521  s
No significant surrogate variables
Number of significant surrogate variables is:  4 
Iteration (out of 5 ):1  2  3  4  5  No significant surrogate variables
Option= OWN , B= 100 , m= 3 , alpha0 =  0.05 
Option= OWN , B= 100 , m= 3  runs in  38.445  s
Number of significant surrogate variables is:  3 
Iteration (out of 5 ):1  2  3  4  5  Number of significant surrogate variables is:  4 
Iteration (out of 5 ):1  2  3  4  5  No significant surrogate variables
Option= OWN , B= 100 , m= 3 , alpha0 =  0.05 
Option= OWN , B= 100 , m= 3  runs in  36.992  s
Number of significant surrogate variables is:  1 
Iteration (out of 5 ):1  2  3  4  5  Number of significant surrogate variables is:  6 
Iteration (out of 5 ):1  2  3  4  5  No significant surrogate variables
Option= OWN , B= 100 , m= 3 , alpha0 =  0.05 
Option= OWN , B= 100 , m= 3  runs in  37.697  s
Number of significant surrogate variables is:  7 
Iteration (out of 5 ):1  2  3  4  5  Number of significant surrogate variables is:  3 
Iteration (out of 5 ):1  2  3  4  5  No significant surrogate variables
Option= OWN , B= 100 , m= 3 , alpha0 =  0.05 
Option= OWN , B= 100 , m= 3  runs in  38.066  s
Number of significant surrogate variables is:  3 
Iteration (out of 5 ):1  2  3  4  5  Number of significant surrogate variables is:  2 
Iteration (out of 5 ):1  2  3  4  5  No significant surrogate variables
Option= OWN , B= 100 , m= 3 , alpha0 =  0.05 
Option= OWN , B= 100 , m= 3  runs in  39.525  s
No significant surrogate variables
Number of significant surrogate variables is:  3 
Iteration (out of 5 ):1  2  3  4  5  No significant surrogate variables
Option= OWN , B= 100 , m= 3 , alpha0 =  0.05 
Option= OWN , B= 100 , m= 3  runs in  34.77  s
Number of significant surrogate variables is:  2 
Iteration (out of 5 ):1  2  3  4  5  Number of significant surrogate variables is:  3 
Iteration (out of 5 ):1  2  3  4  5  No significant surrogate variables
Option= OWN , B= 100 , m= 3 , alpha0 =  0.05 
Option= OWN , B= 100 , m= 3  runs in  34.265  s
Number of significant surrogate variables is:  1 
Iteration (out of 5 ):1  2  3  4  5  Number of significant surrogate variables is:  3 
Iteration (out of 5 ):1  2  3  4  5  No significant surrogate variables
Option= OWN , B= 100 , m= 3 , alpha0 =  0.05 
Option= OWN , B= 100 , m= 3  runs in  35.7  s
No significant surrogate variables
Number of significant surrogate variables is:  2 
Iteration (out of 5 ):1  2  3  4  5  No significant surrogate variables
Option= OWN , B= 100 , m= 3 , alpha0 =  0.05 
Option= OWN , B= 100 , m= 3  runs in  35.225  s
Number of significant surrogate variables is:  5 
Iteration (out of 5 ):1  2  3  4  5  Number of significant surrogate variables is:  5 
Iteration (out of 5 ):1  2  3  4  5  No significant surrogate variables
Option= OWN , B= 100 , m= 3 , alpha0 =  0.05 
Option= OWN , B= 100 , m= 3  runs in  33.835  s
No significant surrogate variables
Number of significant surrogate variables is:  1 
Iteration (out of 5 ):1  2  3  4  5  No significant surrogate variables
Option= OWN , B= 100 , m= 3 , alpha0 =  0.05 
Option= OWN , B= 100 , m= 3  runs in  37.534  s
No significant surrogate variables
Number of significant surrogate variables is:  1 
Iteration (out of 5 ):1  2  3  4  5  No significant surrogate variables
Option= OWN , B= 100 , m= 3 , alpha0 =  0.05 
Option= OWN , B= 100 , m= 3  runs in  35.843  s
No significant surrogate variables
Number of significant surrogate variables is:  2 
Iteration (out of 5 ):1  2  3  4  5  No significant surrogate variables
Option= OWN , B= 100 , m= 3 , alpha0 =  0.05 
Option= OWN , B= 100 , m= 3  runs in  35.945  s
Number of significant surrogate variables is:  4 
Iteration (out of 5 ):1  2  3  4  5  Number of significant surrogate variables is:  5 
Iteration (out of 5 ):1  2  3  4  5  No significant surrogate variables
Option= OWN , B= 100 , m= 3 , alpha0 =  0.05 
Option= OWN , B= 100 , m= 3  runs in  38.978  s
No significant surrogate variables
Number of significant surrogate variables is:  1 
Iteration (out of 5 ):1  2  3  4  5  No significant surrogate variables
Option= OWN , B= 100 , m= 3 , alpha0 =  0.05 
Option= OWN , B= 100 , m= 3  runs in  37.979  s
No significant surrogate variables
Number of significant surrogate variables is:  5 
Iteration (out of 5 ):1  2  3  4  5  No significant surrogate variables
Option= OWN , B= 100 , m= 3 , alpha0 =  0.05 
Option= OWN , B= 100 , m= 3  runs in  32.239  s
No significant surrogate variables
Number of significant surrogate variables is:  5 
Iteration (out of 5 ):1  2  3  4  5  No significant surrogate variables
Option= OWN , B= 100 , m= 3 , alpha0 =  0.05 
Option= OWN , B= 100 , m= 3  runs in  36.501  s
Number of significant surrogate variables is:  1 
Iteration (out of 5 ):1  2  3  4  5  Number of significant surrogate variables is:  2 
Iteration (out of 5 ):1  2  3  4  5  No significant surrogate variables
Option= OWN , B= 100 , m= 3 , alpha0 =  0.05 
Option= OWN , B= 100 , m= 3  runs in  36.919  s
No significant surrogate variables
Number of significant surrogate variables is:  1 
Iteration (out of 5 ):1  2  3  4  5  No significant surrogate variables
Option= OWN , B= 100 , m= 3 , alpha0 =  0.05 
Option= OWN , B= 100 , m= 3  runs in  37.575  s
No significant surrogate variables
Number of significant surrogate variables is:  4 
Iteration (out of 5 ):1  2  3  4  5  No significant surrogate variables
Option= OWN , B= 100 , m= 3 , alpha0 =  0.05 
Option= OWN , B= 100 , m= 3  runs in  36.733  s
Number of significant surrogate variables is:  1 
Iteration (out of 5 ):1  2  3  4  5  Number of significant surrogate variables is:  2 
Iteration (out of 5 ):1  2  3  4  5  No significant surrogate variables
Option= OWN , B= 100 , m= 3 , alpha0 =  0.05 
Option= OWN , B= 100 , m= 3  runs in  38.601  s
Number of significant surrogate variables is:  3 
Iteration (out of 5 ):1  2  3  4  5  Number of significant surrogate variables is:  4 
Iteration (out of 5 ):1  2  3  4  5  No significant surrogate variables
Option= OWN , B= 100 , m= 3 , alpha0 =  0.05 
Option= OWN , B= 100 , m= 3  runs in  38.554  s
Number of significant surrogate variables is:  2 
Iteration (out of 5 ):1  2  3  4  5  Number of significant surrogate variables is:  3 
Iteration (out of 5 ):1  2  3  4  5  No significant surrogate variables
Option= OWN , B= 100 , m= 3 , alpha0 =  0.05 
Option= OWN , B= 100 , m= 3  runs in  35.406  s
No significant surrogate variables
Number of significant surrogate variables is:  3 
Iteration (out of 5 ):1  2  3  4  5  No significant surrogate variables
Option= OWN , B= 100 , m= 3 , alpha0 =  0.05 
Option= OWN , B= 100 , m= 3  runs in  35.015  s
No significant surrogate variables
Number of significant surrogate variables is:  1 
Iteration (out of 5 ):1  2  3  4  5  No significant surrogate variables
Option= OWN , B= 100 , m= 3 , alpha0 =  0.05 
Option= OWN , B= 100 , m= 3  runs in  36.985  s
Number of significant surrogate variables is:  8 
Iteration (out of 5 ):1  2  3  4  5  Number of significant surrogate variables is:  6 
Iteration (out of 5 ):1  2  3  4  5  No significant surrogate variables
Option= OWN , B= 100 , m= 3 , alpha0 =  0.05 
Option= OWN , B= 100 , m= 3  runs in  38.652  s
No significant surrogate variables
Number of significant surrogate variables is:  1 
Iteration (out of 5 ):1  2  3  4  5  No significant surrogate variables
Option= OWN , B= 100 , m= 3 , alpha0 =  0.05 
Option= OWN , B= 100 , m= 3  runs in  38.429  s
No significant surrogate variables
Number of significant surrogate variables is:  1 
Iteration (out of 5 ):1  2  3  4  5  No significant surrogate variables
Option= OWN , B= 100 , m= 3 , alpha0 =  0.05 
Option= OWN , B= 100 , m= 3  runs in  38.633  s
Number of significant surrogate variables is:  4 
Iteration (out of 5 ):1  2  3  4  5  Number of significant surrogate variables is:  5 
Iteration (out of 5 ):1  2  3  4  5  No significant surrogate variables
Option= OWN , B= 100 , m= 3 , alpha0 =  0.05 
Option= OWN , B= 100 , m= 3  runs in  38.84  s
No significant surrogate variables
Number of significant surrogate variables is:  2 
Iteration (out of 5 ):1  2  3  4  5  No significant surrogate variables
Option= OWN , B= 100 , m= 3 , alpha0 =  0.05 
Option= OWN , B= 100 , m= 3  runs in  35.875  s
Number of significant surrogate variables is:  1 
Iteration (out of 5 ):1  2  3  4  5  Number of significant surrogate variables is:  1 
Iteration (out of 5 ):1  2  3  4  5  No significant surrogate variables
Option= OWN , B= 100 , m= 3 , alpha0 =  0.05 
Option= OWN , B= 100 , m= 3  runs in  36.182  s
No significant surrogate variables
Number of significant surrogate variables is:  6 
Iteration (out of 5 ):1  2  3  4  5  No significant surrogate variables
Option= OWN , B= 100 , m= 3 , alpha0 =  0.05 
Option= OWN , B= 100 , m= 3  runs in  38.09  s
No significant surrogate variables
Number of significant surrogate variables is:  5 
Iteration (out of 5 ):1  2  3  4  5  No significant surrogate variables
Option= OWN , B= 100 , m= 3 , alpha0 =  0.05 
Option= OWN , B= 100 , m= 3  runs in  37.19  s
No significant surrogate variables
Number of significant surrogate variables is:  5 
Iteration (out of 5 ):1  2  3  4  5  No significant surrogate variables
Option= OWN , B= 100 , m= 3 , alpha0 =  0.05 
Option= OWN , B= 100 , m= 3  runs in  36.496  s
No significant surrogate variables
Number of significant surrogate variables is:  8 
Iteration (out of 5 ):1  2  3  4  5  No significant surrogate variables
$TrueSelCov
[1] "mono"

$nSimSelCov
    FSR.S.OWN.RE FSR.R.OWN.RE FSR.U.OWN.RE FSR.FSP.OWN.RE DEA.NTP.OnlyFSR
1              1            1            0      0.0000000             246
2              1            2            1      0.3333333              50
3              1            3            2      0.5000000              25
4              1            4            3      0.6000000             173
5              1            1            0      0.0000000             250
6              1            1            0      0.0000000             193
7              1            1            0      0.0000000             235
8              1            1            0      0.0000000             195
9              1            1            0      0.0000000             226
10             1            2            1      0.3333333             168
11             1            1            0      0.0000000             201
12             1            1            0      0.0000000             221
13             1            1            0      0.0000000             215
14             1            2            1      0.3333333             229
15             1            4            3      0.6000000              56
16             1            1            0      0.0000000             211
17             1            1            0      0.0000000             209
18             1            1            0      0.0000000             243
19             1            1            0      0.0000000             232
20             1            1            0      0.0000000             227
21             1            1            0      0.0000000             236
22             1            1            0      0.0000000             201
23             1            1            0      0.0000000             205
24             1            1            0      0.0000000             202
25             1            1            0      0.0000000             253
26             1            2            1      0.3333333              48
27             1            1            0      0.0000000             207
28             1            4            3      0.6000000              37
29             1            1            0      0.0000000             231
30             1            1            0      0.0000000             165
31             1            1            0      0.0000000             214
32             1            1            0      0.0000000             180
33             1            1            0      0.0000000             166
34             1            1            0      0.0000000             156
35             1            2            1      0.3333333             209
36             1            1            0      0.0000000             217
37             1            4            3      0.6000000             164
38             1            1            0      0.0000000             224
39             1            2            1      0.3333333             197
40             1            1            0      0.0000000             189
41             1            1            0      0.0000000             184
42             1            1            0      0.0000000             207
43             1            1            0      0.0000000             199
44             1            1            0      0.0000000             243
45             1            1            0      0.0000000             235
46             1            1            0      0.0000000             214
47             1            1            0      0.0000000             252
48             1            1            0      0.0000000             202
49             1            1            0      0.0000000             205
50             1            5            4      0.6666667              99
51             1            2            1      0.3333333             154
52             1            1            0      0.0000000             226
53             1            1            0      0.0000000             202
54             1            1            0      0.0000000             219
55             1            1            0      0.0000000             188
56             1            1            0      0.0000000             249
57             1            1            0      0.0000000             218
58             1            1            0      0.0000000             181
59             1            1            0      0.0000000             175
60             1            1            0      0.0000000             211
61             1            1            0      0.0000000             198
62             1            1            0      0.0000000             184
63             1            1            0      0.0000000             196
64             1            2            1      0.3333333             207
65             1            1            0      0.0000000             182
66             1            1            0      0.0000000             250
67             1            1            0      0.0000000             249
68             1            1            0      0.0000000             210
69             1            1            0      0.0000000             225
70             1            1            0      0.0000000             198
71             1            1            0      0.0000000             197
72             1            4            3      0.6000000               0
73             1            1            0      0.0000000             223
74             1            1            0      0.0000000             228
75             1            1            0      0.0000000             208
76             1            1            0      0.0000000             202
77             1            1            0      0.0000000             225
78             1            1            0      0.0000000             207
79             1            1            0      0.0000000             229
80             1            1            0      0.0000000             200
81             1            1            0      0.0000000             186
82             1            1            0      0.0000000             252
83             1            1            0      0.0000000             195
84             1            1            0      0.0000000             198
85             1            1            0      0.0000000             217
86             1            1            0      0.0000000             181
87             1            1            0      0.0000000             217
88             1            1            0      0.0000000             223
89             1            1            0      0.0000000             196
90             1            2            1      0.3333333             173
91             1            1            0      0.0000000             227
92             1            1            0      0.0000000             218
93             1            2            1      0.3333333             199
94             1            1            0      0.0000000             227
95             1            1            0      0.0000000             206
96             1            1            0      0.0000000             195
97             1            1            0      0.0000000             204
98             1            1            0      0.0000000             235
99             1            1            0      0.0000000             196
100            1            1            0      0.0000000             173
    DEA.R.OnlyFSR DEA.V.OnlyFSR DEA.FDP.OnlyFSR DEA.PAUC.OnlyFSR DEA.NTP.FSRsva
1             261            15      0.05747126      0.017942414            246
2              52             2      0.03846154      0.007757955             50
3              27             2      0.07407407      0.009258096             25
4             176             3      0.01704545      0.017738985            165
5             262            12      0.04580153      0.018293980            183
6             197             4      0.02030457      0.019698448            190
7             250            15      0.06000000      0.018493750            235
8             200             5      0.02500000      0.019673029            195
9             234             8      0.03418803      0.018545369            226
10            169             1      0.00591716      0.018543360            168
11            206             5      0.02427184      0.019507783            201
12            225             4      0.01777778      0.019767847            209
13            228            13      0.05701754      0.016521258            197
14            236             7      0.02966102      0.019628361            229
15             61             5      0.08196721      0.011396749             41
16            219             8      0.03652968      0.017369727            182
17            217             8      0.03686636      0.019623792            193
18            250             7      0.02800000      0.020935848            219
19            241             9      0.03734440      0.019512723            232
20            241            14      0.05809129      0.018599417            123
21            245             9      0.03673469      0.019826840            188
22            211            10      0.04739336      0.017559346            201
23            219            14      0.06392694      0.016828211            205
24            213            11      0.05164319      0.018376946            202
25            266            13      0.04887218      0.019221772            229
26             49             1      0.02040816      0.010377402             48
27            210             3      0.01428571      0.019116667            179
28             39             2      0.05128205      0.009847264             37
29            247            16      0.06477733      0.017345043            189
30            171             6      0.03508772      0.015798598            111
31            227            13      0.05726872      0.018580286            214
32            187             7      0.03743316      0.018459253            175
33            170             4      0.02352941      0.019651814            166
34            161             5      0.03105590      0.016576002            156
35            220            11      0.05000000      0.017559899            209
36            232            15      0.06465517      0.018189995            217
37            170             6      0.03529412      0.016609709            164
38            234            10      0.04273504      0.019341024            224
39            209            12      0.05741627      0.016646537            197
40            199            10      0.05025126      0.018366402            155
41            190             6      0.03157895      0.019044818            188
42            215             8      0.03720930      0.020693178            189
43            208             9      0.04326923      0.017958992            199
44            252             9      0.03571429      0.019511169            243
45            244             9      0.03688525      0.019861570            168
46            222             8      0.03603604      0.019483255            214
47            258             6      0.02325581      0.021603826            237
48            215            13      0.06046512      0.017202890            205
49            213             8      0.03755869      0.018424189            198
50             99             0      0.00000000      0.014922964             99
51            163             9      0.05521472      0.015688408            154
52            233             7      0.03004292      0.020080885            224
53            212            10      0.04716981      0.017071844            171
54            232            13      0.05603448      0.017501171            220
55            199            11      0.05527638      0.018452744            188
56            270            21      0.07777778      0.016617023            249
57            232            14      0.06034483      0.016999819            218
58            185             4      0.02162162      0.020462738            180
59            184             9      0.04891304      0.016680735            165
60            222            11      0.04954955      0.018558211            211
61            205             7      0.03414634      0.019007134            146
62            192             8      0.04166667      0.019019546            184
63            205             9      0.04390244      0.017974533            186
64            213             6      0.02816901      0.020389921            200
65            190             8      0.04210526      0.017023565            152
66            266            16      0.06015038      0.018614606            250
67            264            15      0.05681818      0.018846798            215
68            224            14      0.06250000      0.018677465            196
69            235            10      0.04255319      0.019101403            151
70            206             8      0.03883495      0.018588422            177
71            202             5      0.02475248      0.018379682            197
72              0             0      0.00000000      0.003786421              0
73            231             8      0.03463203      0.019326183            170
74            236             8      0.03389831      0.019826988            228
75            219            11      0.05022831      0.020571383            199
76            208             6      0.02884615      0.017501806            202
77            236            11      0.04661017      0.018022257            225
78            217            10      0.04608295      0.017723846            207
79            241            12      0.04979253      0.018937306            212
80            213            13      0.06103286      0.017758134            200
81            195             9      0.04615385      0.018766121            186
82            257             5      0.01945525      0.021862783            252
83            199             4      0.02010050      0.018151154            200
84            213            15      0.07042254      0.017207031            198
85            228            11      0.04824561      0.018604457            217
86            188             7      0.03723404      0.018716077            183
87            228            11      0.04824561      0.018168533            166
88            233            10      0.04291845      0.020278125            183
89            205             9      0.04390244      0.018698308            196
90            180             7      0.03888889      0.016884219            173
91            239            12      0.05020921      0.018941867            182
92            229            11      0.04803493      0.019395271            218
93            212            13      0.06132075      0.016809260            199
94            231             4      0.01731602      0.021211875            105
95            210             4      0.01904762      0.019207909            206
96            203             8      0.03940887      0.017084088            200
97            217            13      0.05990783      0.016893175            204
98            244             9      0.03688525      0.017603070            235
99            201             5      0.02487562      0.019810332            196
100           177             4      0.02259887      0.016784094            173
    DEA.R.FSRsva DEA.V.FSRsva DEA.FDP.FSRsva DEA.PAUC.FSRsva DEA.NTP.SVA0
1            261           15    0.057471264     0.017942414          201
2             52            2    0.038461538     0.007757955          179
3             27            2    0.074074074     0.009258096          203
4            168            3    0.017857143     0.017415009          131
5            191            8    0.041884817     0.016928007          145
6            195            5    0.025641026     0.019019804          131
7            250           15    0.060000000     0.018493750          186
8            200            5    0.025000000     0.019673029          151
9            234            8    0.034188034     0.018545369          184
10           169            1    0.005917160     0.018543360          141
11           206            5    0.024271845     0.019507783          168
12           215            6    0.027906977     0.018850215          149
13           211           14    0.066350711     0.015393602          158
14           236            7    0.029661017     0.019628361          164
15            46            5    0.108695652     0.009544646          134
16           193           11    0.056994819     0.015948653          106
17           200            7    0.035000000     0.019094157          164
18           227            8    0.035242291     0.020646209          142
19           241            9    0.037344398     0.019512723          180
20           129            6    0.046511628     0.014003918          159
21           192            4    0.020833333     0.018839616          156
22           211           10    0.047393365     0.017559346          174
23           219           14    0.063926941     0.016828211          180
24           213           11    0.051643192     0.018376946          150
25           245           16    0.065306122     0.018005598          171
26            49            1    0.020408163     0.010377402          192
27           182            3    0.016483516     0.019183333          145
28            39            2    0.051282051     0.009847264          222
29           203           14    0.068965517     0.016215107          150
30           114            3    0.026315789     0.013766577          107
31           227           13    0.057268722     0.018580286          142
32           180            5    0.027777778     0.017945671          193
33           170            4    0.023529412     0.019651814          120
34           161            5    0.031055901     0.016576002           73
35           220           11    0.050000000     0.017559899          139
36           232           15    0.064655172     0.018189995           53
37           170            6    0.035294118     0.016609709          179
38           234           10    0.042735043     0.019341024          186
39           209           12    0.057416268     0.016646537          174
40           165           10    0.060606061     0.017274118          134
41           195            7    0.035897436     0.019050033          167
42           194            5    0.025773196     0.020083353           67
43           208            9    0.043269231     0.017958992          182
44           252            9    0.035714286     0.019511169          186
45           178           10    0.056179775     0.016744870          158
46           222            8    0.036036036     0.019483255          197
47           240            3    0.012500000     0.021508851          165
48           219           14    0.063926941     0.017499076          151
49           205            7    0.034146341     0.017628871          186
50            99            0    0.000000000     0.014922964          180
51           163            9    0.055214724     0.015688408           71
52           230            6    0.026086957     0.019762325          200
53           182           11    0.060439560     0.014848179          107
54           234           14    0.059829060     0.016701577          165
55           199           11    0.055276382     0.018452744          141
56           270           21    0.077777778     0.016617023          160
57           232           14    0.060344828     0.016999819          186
58           181            1    0.005524862     0.020232169          148
59           177           12    0.067796610     0.016171536          140
60           222           11    0.049549550     0.018558211          119
61           152            6    0.039473684     0.015368012          172
62           192            8    0.041666667     0.019019546          176
63           193            7    0.036269430     0.016956617          157
64           209            9    0.043062201     0.018773391          174
65           161            9    0.055900621     0.015223026          103
66           266           16    0.060150376     0.018614606          214
67           227           12    0.052863436     0.017560969          197
68           208           12    0.057692308     0.017830024           74
69           156            5    0.032051282     0.016739205          133
70           187           10    0.053475936     0.017597827          155
71           202            5    0.024752475     0.018379682          112
72             0            0    0.000000000     0.003146215          140
73           176            6    0.034090909     0.017878337          122
74           236            8    0.033898305     0.019826988          225
75           206            7    0.033980583     0.019287649          162
76           208            6    0.028846154     0.017501806          163
77           236           11    0.046610169     0.018022257          169
78           217           10    0.046082949     0.017723846          123
79           226           14    0.061946903     0.017099744          168
80           213           13    0.061032864     0.017758134          205
81           195            9    0.046153846     0.018766121           88
82           257            5    0.019455253     0.021862783          140
83           204            4    0.019607843     0.018630294          146
84           213           15    0.070422535     0.017207031          142
85           228           11    0.048245614     0.018604457          136
86           187            4    0.021390374     0.018404142          157
87           178           12    0.067415730     0.015363658          149
88           192            9    0.046875000     0.019321875           99
89           205            9    0.043902439     0.018698308          159
90           180            7    0.038888889     0.016884219          190
91           194           12    0.061855670     0.016154667          112
92           229           11    0.048034934     0.019395271          174
93           212           13    0.061320755     0.016809260          126
94           110            5    0.045454545     0.014044535           79
95           210            4    0.019047619     0.019207909          130
96           210           10    0.047619048     0.016871440          165
97           217           13    0.059907834     0.016893175          132
98           244            9    0.036885246     0.017603070           60
99           201            5    0.024875622     0.019810332          115
100          177            4    0.022598870     0.016784094           57
    DEA.R.SVA0 DEA.V.SVA0 DEA.FDP.SVA0 DEA.PAUC.SVA0 DEA.NTP.SVAall_FSR
1          209          8  0.038277512   0.016464473                246
2          193         14  0.072538860   0.015922899                 50
3          217         14  0.064516129   0.017024133                 25
4          140          9  0.064285714   0.013765301                173
5          152          7  0.046052632   0.015668881                250
6          139          8  0.057553957   0.014337266                193
7          201         15  0.074626866   0.015656250                235
8          157          6  0.038216561   0.016095826                195
9          194         10  0.051546392   0.015167410                226
10         143          2  0.013986014   0.014685097                168
11         172          4  0.023255814   0.017437625                201
12         158          9  0.056962025   0.014362618                221
13         169         11  0.065088757   0.013468361                215
14         171          7  0.040935673   0.016564066                229
15         145         11  0.075862069   0.013463528                 56
16         113          7  0.061946903   0.011846465                211
17         170          6  0.035294118   0.016613073                209
18         149          7  0.046979866   0.015173505                243
19         185          5  0.027027027   0.016955453                232
20         173         14  0.080924855   0.014573450                227
21         163          7  0.042944785   0.014267765                236
22         181          7  0.038674033   0.016740384                201
23         193         13  0.067357513   0.013945911                205
24         158          8  0.050632911   0.015028398                202
25         179          8  0.044692737   0.016427158                253
26         196          4  0.020408163   0.020817627                208
27         148          3  0.020270270   0.016577083                207
28         224          2  0.008928571   0.019890156                 37
29         167         17  0.101796407   0.012032268                231
30         112          5  0.044642857   0.012780292                165
31         152         10  0.065789474   0.013639134                214
32         201          8  0.039800995   0.018764856                180
33         124          4  0.032258065   0.014422405                166
34          77          4  0.051948052   0.011324116                156
35         145          6  0.041379310   0.013848256                209
36          59          6  0.101694915   0.009458630                217
37         188          9  0.047872340   0.016816573                164
38         196         10  0.051020408   0.015753172                224
39         181          7  0.038674033   0.015914981                197
40         139          5  0.035971223   0.014925074                189
41         174          7  0.040229885   0.016488474                184
42          70          3  0.042857143   0.012606276                207
43         191          9  0.047120419   0.017536353                199
44         196         10  0.051020408   0.017340326                243
45         172         14  0.081395349   0.014661880                235
46         206          9  0.043689320   0.019363784                214
47         173          8  0.046242775   0.017200887                252
48         165         14  0.084848485   0.012938013                202
49         194          8  0.041237113   0.017135690                205
50         190         10  0.052631579   0.016494186                 99
51          78          7  0.089743590   0.009989762                154
52         204          4  0.019607843   0.019227524                226
53         111          4  0.036036036   0.012395333                202
54         175         10  0.057142857   0.014562011                219
55         157         16  0.101910828   0.013198080                188
56         184         24  0.130434783   0.010195883                249
57         194          8  0.041237113   0.015649608                218
58         151          3  0.019867550   0.017721178                181
59         149          9  0.060402685   0.013228680                175
60         125          6  0.048000000   0.013924754                211
61         180          8  0.044444444   0.016485454                198
62         183          7  0.038251366   0.018895544                184
63         160          3  0.018750000   0.015868070                196
64         184         10  0.054347826   0.017002455                207
65         108          5  0.046296296   0.012393307                182
66         226         12  0.053097345   0.017093488                250
67         206          9  0.043689320   0.016382463                249
68          77          3  0.038961039   0.011621440                210
69         140          7  0.050000000   0.014508705                225
70         163          8  0.049079755   0.016139333                198
71         116          4  0.034482759   0.013263818                197
72         156         16  0.102564103   0.012480401                  0
73         128          6  0.046875000   0.015866802                223
74         235         10  0.042553191   0.019661138                228
75         169          7  0.041420118   0.016355209                208
76         172          9  0.052325581   0.015943707                202
77         181         12  0.066298343   0.013460967                225
78         131          8  0.061068702   0.014090400                207
79         180         12  0.066666667   0.015982691                229
80         218         13  0.059633028   0.017804164                200
81          91          3  0.032967033   0.012846578                186
82         143          3  0.020979021   0.016960777                252
83         149          3  0.020134228   0.016338477                195
84         158         16  0.101265823   0.013419360                198
85         147         11  0.074829932   0.013232556                217
86         161          4  0.024844720   0.017486315                181
87         165         16  0.096969697   0.011212192                217
88         108          9  0.083333333   0.010840625                223
89         169         10  0.059171598   0.015613014                196
90         201         11  0.054726368   0.017105386                173
91         117          5  0.042735043   0.014889600                227
92         188         14  0.074468085   0.016169811                218
93         138         12  0.086956522   0.012279149                199
94          85          6  0.070588235   0.008771985                227
95         140         10  0.071428571   0.013485542                206
96         175         10  0.057142857   0.013959320                195
97         142         10  0.070422535   0.013564117                204
98          63          3  0.047619048   0.009484011                235
99         119          4  0.033613445   0.013761207                196
100         57          0  0.000000000   0.011817436                173
    DEA.R.SVAall_FSR DEA.V.SVAall_FSR DEA.FDP.SVAall_FSR DEA.PAUC.SVAall_FSR
1                261               15         0.05747126         0.017942414
2                 52                2         0.03846154         0.007757955
3                 27                2         0.07407407         0.009258096
4                176                3         0.01704545         0.017738985
5                262               12         0.04580153         0.018293980
6                197                4         0.02030457         0.019698448
7                250               15         0.06000000         0.018493750
8                200                5         0.02500000         0.019673029
9                234                8         0.03418803         0.018545369
10               169                1         0.00591716         0.018543360
11               206                5         0.02427184         0.019507783
12               225                4         0.01777778         0.019767847
13               228               13         0.05701754         0.016521258
14               236                7         0.02966102         0.019628361
15                61                5         0.08196721         0.011396749
16               219                8         0.03652968         0.017369727
17               217                8         0.03686636         0.019623792
18               250                7         0.02800000         0.020935848
19               241                9         0.03734440         0.019512723
20               241               14         0.05809129         0.018599417
21               245                9         0.03673469         0.019826840
22               211               10         0.04739336         0.017559346
23               219               14         0.06392694         0.016828211
24               213               11         0.05164319         0.018376946
25               266               13         0.04887218         0.019221772
26               212                4         0.01886792         0.021187239
27               210                3         0.01428571         0.019116667
28                39                2         0.05128205         0.009847264
29               247               16         0.06477733         0.017345043
30               171                6         0.03508772         0.015798598
31               227               13         0.05726872         0.018580286
32               187                7         0.03743316         0.018459253
33               170                4         0.02352941         0.019651814
34               161                5         0.03105590         0.016576002
35               220               11         0.05000000         0.017559899
36               232               15         0.06465517         0.018189995
37               170                6         0.03529412         0.016609709
38               234               10         0.04273504         0.019341024
39               209               12         0.05741627         0.016646537
40               199               10         0.05025126         0.018366402
41               190                6         0.03157895         0.019044818
42               215                8         0.03720930         0.020693178
43               208                9         0.04326923         0.017958992
44               252                9         0.03571429         0.019511169
45               244                9         0.03688525         0.019861570
46               222                8         0.03603604         0.019483255
47               258                6         0.02325581         0.021603826
48               215               13         0.06046512         0.017202890
49               213                8         0.03755869         0.018424189
50                99                0         0.00000000         0.014922964
51               163                9         0.05521472         0.015688408
52               233                7         0.03004292         0.020080885
53               212               10         0.04716981         0.017071844
54               232               13         0.05603448         0.017501171
55               199               11         0.05527638         0.018452744
56               270               21         0.07777778         0.016617023
57               232               14         0.06034483         0.016999819
58               185                4         0.02162162         0.020462738
59               184                9         0.04891304         0.016680735
60               222               11         0.04954955         0.018558211
61               205                7         0.03414634         0.019007134
62               192                8         0.04166667         0.019019546
63               205                9         0.04390244         0.017974533
64               213                6         0.02816901         0.020389921
65               190                8         0.04210526         0.017023565
66               266               16         0.06015038         0.018614606
67               264               15         0.05681818         0.018846798
68               224               14         0.06250000         0.018677465
69               235               10         0.04255319         0.019101403
70               206                8         0.03883495         0.018588422
71               202                5         0.02475248         0.018379682
72                 0                0         0.00000000         0.003786421
73               231                8         0.03463203         0.019326183
74               236                8         0.03389831         0.019826988
75               219               11         0.05022831         0.020571383
76               208                6         0.02884615         0.017501806
77               236               11         0.04661017         0.018022257
78               217               10         0.04608295         0.017723846
79               241               12         0.04979253         0.018937306
80               213               13         0.06103286         0.017758134
81               195                9         0.04615385         0.018766121
82               257                5         0.01945525         0.021862783
83               199                4         0.02010050         0.018151154
84               213               15         0.07042254         0.017207031
85               228               11         0.04824561         0.018604457
86               188                7         0.03723404         0.018716077
87               228               11         0.04824561         0.018168533
88               233               10         0.04291845         0.020278125
89               205                9         0.04390244         0.018698308
90               180                7         0.03888889         0.016884219
91               239               12         0.05020921         0.018941867
92               229               11         0.04803493         0.019395271
93               212               13         0.06132075         0.016809260
94               231                4         0.01731602         0.021211875
95               210                4         0.01904762         0.019207909
96               203                8         0.03940887         0.017084088
97               217               13         0.05990783         0.016893175
98               244                9         0.03688525         0.017603070
99               201                5         0.02487562         0.019810332
100              177                4         0.02259887         0.016784094
    DEA.NTP.OnlyLine DEA.R.OnlyLine DEA.V.OnlyLine DEA.FDP.OnlyLine
1                194            205             11      0.053658537
2                147            154              7      0.045454545
3                195            202              7      0.034653465
4                181            185              4      0.021621622
5                196            204              8      0.039215686
6                164            165              1      0.006060606
7                196            205              9      0.043902439
8                152            156              4      0.025641026
9                179            185              6      0.032432432
10               138            138              0      0.000000000
11               167            170              3      0.017647059
12               170            173              3      0.017341040
13               184            195             11      0.056410256
14               193            200              7      0.035000000
15               133            138              5      0.036231884
16               164            169              5      0.029585799
17               157            158              1      0.006329114
18               192            196              4      0.020408163
19               186            191              5      0.026178010
20               173            179              6      0.033519553
21               198            204              6      0.029411765
22               162            168              6      0.035714286
23               160            168              8      0.047619048
24               154            158              4      0.025316456
25               191            198              7      0.035353535
26               155            157              2      0.012738854
27               153            155              2      0.012903226
28               182            183              1      0.005464481
29               197            209             12      0.057416268
30               115            116              1      0.008620690
31               168            175              7      0.040000000
32               141            144              3      0.020833333
33               120            124              4      0.032258065
34               139            143              4      0.027972028
35               183            187              4      0.021390374
36               170            180             10      0.055555556
37               152            160              8      0.050000000
38               183            191              8      0.041884817
39               159            164              5      0.030487805
40               145            152              7      0.046052632
41               153            157              4      0.025477707
42               149            151              2      0.013245033
43               157            161              4      0.024844720
44               186            194              8      0.041237113
45               172            179              7      0.039106145
46               141            146              5      0.034246575
47               186            187              1      0.005347594
48               152            161              9      0.055900621
49               164            170              6      0.035294118
50               194            198              4      0.020202020
51               127            133              6      0.045112782
52               163            166              3      0.018072289
53               180            188              8      0.042553191
54               181            185              4      0.021621622
55               143            147              4      0.027210884
56               211            226             15      0.066371681
57               180            187              7      0.037433155
58               151            152              1      0.006578947
59               145            150              5      0.033333333
60               154            157              3      0.019108280
61               153            157              4      0.025477707
62               153            158              5      0.031645570
63               166            173              7      0.040462428
64               188            193              5      0.025906736
65               143            145              2      0.013793103
66               191            201             10      0.049751244
67               196            200              4      0.020000000
68               156            161              5      0.031055901
69               183            189              6      0.031746032
70               152            159              7      0.044025157
71               178            182              4      0.021978022
72               196            208             12      0.057692308
73               173            178              5      0.028089888
74               198            206              8      0.038834951
75               157            165              8      0.048484848
76               167            173              6      0.034682081
77               176            180              4      0.022222222
78               163            168              5      0.029761905
79               194            203              9      0.044334975
80               165            172              7      0.040697674
81               151            159              8      0.050314465
82               200            203              3      0.014778325
83               134            136              2      0.014705882
84               156            163              7      0.042944785
85               169            175              6      0.034285714
86               135            138              3      0.021739130
87               158            163              5      0.030674847
88               182            190              8      0.042105263
89               153            160              7      0.043750000
90               162            167              5      0.029940120
91               201            210              9      0.042857143
92               183            192              9      0.046875000
93               167            173              6      0.034682081
94               169            170              1      0.005882353
95               136            138              2      0.014492754
96               158            162              4      0.024691358
97               177            186              9      0.048387097
98               210            217              7      0.032258065
99               168            173              5      0.028901734
100              120            121              1      0.008264463
    DEA.PAUC.OnlyLine DEA.NTP.All DEA.R.All DEA.V.All DEA.FDP.All DEA.PAUC.All
1          0.01702130           0         0         0   0.0000000  0.002891353
2          0.01627639           0         0         0   0.0000000  0.002245779
3          0.01974230           0         0         0   0.0000000  0.002739106
4          0.01819402           0         0         0   0.0000000  0.002606485
5          0.01782259           0         0         0   0.0000000  0.003267231
6          0.01869564           0         0         0   0.0000000  0.002422832
7          0.01845417           0         0         0   0.0000000  0.002340625
8          0.01906079           0         0         0   0.0000000  0.003028409
9          0.01845142           0         0         0   0.0000000  0.002300686
10         0.01820377           0         0         0   0.0000000  0.002481899
11         0.01893950           0         0         0   0.0000000  0.002590560
12         0.01920009           0         0         0   0.0000000  0.001403684
13         0.01608082           1         1         0   0.0000000  0.002014788
14         0.01859779           0         0         0   0.0000000  0.003476735
15         0.01697621           0         0         0   0.0000000  0.002577160
16         0.01667854           0         0         0   0.0000000  0.002336041
17         0.01921606           0         0         0   0.0000000  0.002677596
18         0.02098937           0         0         0   0.0000000  0.003828269
19         0.01875262           0         0         0   0.0000000  0.002966475
20         0.01850715           0         0         0   0.0000000  0.002782966
21         0.01911414           0         0         0   0.0000000  0.001957555
22         0.01699638           0         0         0   0.0000000  0.001916222
23         0.01622326           0         0         0   0.0000000  0.003359242
24         0.01824305           0         0         0   0.0000000  0.002227796
25         0.01931182           0         0         0   0.0000000  0.002614517
26         0.02102076           0         0         0   0.0000000  0.002808212
27         0.01882708           0         0         0   0.0000000  0.002341667
28         0.02037556           0         0         0   0.0000000  0.001899780
29         0.01772134           0         0         0   0.0000000  0.003164859
30         0.01556397           0         0         0   0.0000000  0.002900462
31         0.01786255           0         0         0   0.0000000  0.003351198
32         0.01801677           0         0         0   0.0000000  0.003013582
33         0.01902100           0         0         0   0.0000000  0.002355022
34         0.01648147           0         0         0   0.0000000  0.001527248
35         0.01817570           0         0         0   0.0000000  0.003540353
36         0.01809609           0         0         0   0.0000000  0.002699336
37         0.01723239           0         0         0   0.0000000  0.002864752
38         0.01860051           0         0         0   0.0000000  0.002533399
39         0.01778139           0         0         0   0.0000000  0.003015843
40         0.01822196           0         0         0   0.0000000  0.002896240
41         0.01861094           0         0         0   0.0000000  0.003153972
42         0.02058347           0         0         0   0.0000000  0.003012557
43         0.01845695           0         0         0   0.0000000  0.002134114
44         0.01923321           0         0         0   0.0000000  0.002568233
45         0.02015321           2         2         0   0.0000000  0.002944415
46         0.01884817           0         0         0   0.0000000  0.002914471
47         0.02112069           0         0         0   0.0000000  0.003033022
48         0.01704276           0         0         0   0.0000000  0.003305149
49         0.01792686           0         0         0   0.0000000  0.002585305
50         0.02053001           0         0         0   0.0000000  0.003031032
51         0.01622928           0         0         0   0.0000000  0.002432336
52         0.01958300           0         0         0   0.0000000  0.002760502
53         0.01633785           0         0         0   0.0000000  0.002663443
54         0.01735066           0         0         0   0.0000000  0.003410554
55         0.01831402           0         0         0   0.0000000  0.003111286
56         0.01632762           0         0         0   0.0000000  0.002585799
57         0.01663638           0         0         0   0.0000000  0.001935233
58         0.01999212           0         0         0   0.0000000  0.003763855
59         0.01638047           0         0         0   0.0000000  0.002122888
60         0.01792536           0         0         0   0.0000000  0.003022189
61         0.01829758           0         0         0   0.0000000  0.002047935
62         0.01822615           0         0         0   0.0000000  0.001917823
63         0.01750193           1         1         0   0.0000000  0.002707865
64         0.02042458           0         0         0   0.0000000  0.002464185
65         0.01678469           0         0         0   0.0000000  0.002592945
66         0.01831327           0         0         0   0.0000000  0.003955526
67         0.01846910           0         0         0   0.0000000  0.002798692
68         0.01815296           0         0         0   0.0000000  0.003428810
69         0.01822969           0         0         0   0.0000000  0.002304711
70         0.01780859           0         0         0   0.0000000  0.002336330
71         0.01801802           0         0         0   0.0000000  0.003144585
72         0.01875525           0         0         0   0.0000000  0.002390172
73         0.01879694           0         0         0   0.0000000  0.003008429
74         0.01862801           0         0         0   0.0000000  0.002320842
75         0.01986464           0         0         0   0.0000000  0.002593838
76         0.01663444           0         0         0   0.0000000  0.002411794
77         0.01771370           1         1         0   0.0000000  0.002499422
78         0.01798196           0         0         0   0.0000000  0.002398012
79         0.01850184           0         0         0   0.0000000  0.002586472
80         0.01731143           0         0         0   0.0000000  0.002232451
81         0.01782877           0         0         0   0.0000000  0.002714275
82         0.02124064           0         0         0   0.0000000  0.003490697
83         0.01764339           0         0         0   0.0000000  0.002666014
84         0.01707871           0         0         0   0.0000000  0.002371897
85         0.01836071           0         0         0   0.0000000  0.003136311
86         0.01824024           0         0         0   0.0000000  0.002389736
87         0.01793888           0         0         0   0.0000000  0.002857068
88         0.01971771           1         2         1   0.5000000  0.002085417
89         0.01774359           0         0         0   0.0000000  0.002477458
90         0.01733400           2         3         1   0.3333333  0.002216991
91         0.01855253           0         0         0   0.0000000  0.002263467
92         0.01884583           0         0         0   0.0000000  0.002460277
93         0.01693986           0         0         0   0.0000000  0.002727887
94         0.02109956           0         0         0   0.0000000  0.001942628
95         0.01919024           0         0         0   0.0000000  0.002104193
96         0.01682430           0         0         0   0.0000000  0.002432353
97         0.01632673           0         0         0   0.0000000  0.002353336
98         0.01757440           0         0         0   0.0000000  0.002479032
99         0.02036676           0         0         0   0.0000000  0.003640414
100        0.01610569           0         0         0   0.0000000  0.002567739
    DEA.NTP.Oracle DEA.R.Oracle DEA.V.Oracle DEA.FDP.Oracle DEA.PAUC.Oracle
1              246          261           15     0.05747126      0.01794241
2              183          195           12     0.06153846      0.01579388
3              256          268           12     0.04477612      0.01964597
4              206          212            6     0.02830189      0.01834709
5              250          262           12     0.04580153      0.01829398
6              193          197            4     0.02030457      0.01969845
7              235          250           15     0.06000000      0.01849375
8              195          200            5     0.02500000      0.01967303
9              226          234            8     0.03418803      0.01854537
10             175          177            2     0.01129944      0.01880044
11             201          206            5     0.02427184      0.01950778
12             221          225            4     0.01777778      0.01976785
13             215          228           13     0.05701754      0.01652126
14             233          243           10     0.04115226      0.01966844
15             192          205           13     0.06341463      0.01722561
16             211          219            8     0.03652968      0.01736973
17             209          217            8     0.03686636      0.01962379
18             243          250            7     0.02800000      0.02093585
19             232          241            9     0.03734440      0.01951272
20             227          241           14     0.05809129      0.01859942
21             236          245            9     0.03673469      0.01982684
22             201          211           10     0.04739336      0.01755935
23             205          219           14     0.06392694      0.01682821
24             202          213           11     0.05164319      0.01837695
25             253          266           13     0.04887218      0.01922177
26             208          212            4     0.01886792      0.02118724
27             207          210            3     0.01428571      0.01911667
28             237          241            4     0.01659751      0.02068417
29             231          247           16     0.06477733      0.01734504
30             165          171            6     0.03508772      0.01579860
31             214          227           13     0.05726872      0.01858029
32             180          187            7     0.03743316      0.01845925
33             166          170            4     0.02352941      0.01965181
34             156          161            5     0.03105590      0.01657600
35             214          223            9     0.04035874      0.01834384
36             217          232           15     0.06465517      0.01818999
37             203          214           11     0.05140187      0.01799194
38             224          234           10     0.04273504      0.01934102
39             207          216            9     0.04166667      0.01788247
40             189          199           10     0.05025126      0.01836640
41             184          190            6     0.03157895      0.01904482
42             207          215            8     0.03720930      0.02069318
43             199          208            9     0.04326923      0.01795899
44             243          252            9     0.03571429      0.01951117
45             235          244            9     0.03688525      0.01986157
46             214          222            8     0.03603604      0.01948326
47             252          258            6     0.02325581      0.02160383
48             202          215           13     0.06046512      0.01720289
49             205          213            8     0.03755869      0.01842419
50             253          263           10     0.03802281      0.01994379
51             172          182           10     0.05494505      0.01647388
52             226          233            7     0.03004292      0.02008088
53             202          212           10     0.04716981      0.01707184
54             219          232           13     0.05603448      0.01750117
55             188          199           11     0.05527638      0.01845274
56             249          270           21     0.07777778      0.01661702
57             218          232           14     0.06034483      0.01699982
58             181          185            4     0.02162162      0.02046274
59             175          184            9     0.04891304      0.01668074
60             211          222           11     0.04954955      0.01855821
61             198          205            7     0.03414634      0.01900713
62             184          192            8     0.04166667      0.01901955
63             196          205            9     0.04390244      0.01797453
64             226          232            6     0.02586207      0.02083528
65             182          190            8     0.04210526      0.01702356
66             250          266           16     0.06015038      0.01861461
67             249          264           15     0.05681818      0.01884680
68             210          224           14     0.06250000      0.01867746
69             225          235           10     0.04255319      0.01910140
70             198          206            8     0.03883495      0.01858842
71             197          202            5     0.02475248      0.01837968
72             243          264           21     0.07954545      0.01852151
73             223          231            8     0.03463203      0.01932618
74             228          236            8     0.03389831      0.01982699
75             208          219           11     0.05022831      0.02057138
76             202          208            6     0.02884615      0.01750181
77             225          236           11     0.04661017      0.01802226
78             207          217           10     0.04608295      0.01772385
79             229          241           12     0.04979253      0.01893731
80             200          213           13     0.06103286      0.01775813
81             186          195            9     0.04615385      0.01876612
82             252          257            5     0.01945525      0.02186278
83             195          199            4     0.02010050      0.01815115
84             198          213           15     0.07042254      0.01720703
85             217          228           11     0.04824561      0.01860446
86             181          188            7     0.03723404      0.01871608
87             217          228           11     0.04824561      0.01816853
88             223          233           10     0.04291845      0.02027813
89             196          205            9     0.04390244      0.01869831
90             196          207           11     0.05314010      0.01736909
91             227          239           12     0.05020921      0.01894187
92             218          229           11     0.04803493      0.01939527
93             213          224           11     0.04910714      0.01725747
94             227          231            4     0.01731602      0.02121188
95             206          210            4     0.01904762      0.01920791
96             195          203            8     0.03940887      0.01708409
97             204          217           13     0.05990783      0.01689317
98             235          244            9     0.03688525      0.01760307
99             196          201            5     0.02487562      0.01981033
100            173          177            4     0.02259887      0.01678409

     user    system   elapsed 
62953.156  1156.259  4465.162 
