Running task ID: 5
Job ID: 4653273
Node: d1-w6420a-13
[1] "Running scenario 5"
Option= OWN , B= 100 , m= 3 , alpha0 =  0.05 
Option= OWN , B= 100 , m= 3  runs in  37.352  s
No significant surrogate variables
Number of significant surrogate variables is:  7 
Iteration (out of 5 ):1  2  3  4  5  No significant surrogate variables
Option= OWN , B= 100 , m= 3 , alpha0 =  0.05 
Option= OWN , B= 100 , m= 3  runs in  36.694  s
No significant surrogate variables
Number of significant surrogate variables is:  7 
Iteration (out of 5 ):1  2  3  4  5  No significant surrogate variables
Option= OWN , B= 100 , m= 3 , alpha0 =  0.05 
Option= OWN , B= 100 , m= 3  runs in  35.701  s
No significant surrogate variables
Number of significant surrogate variables is:  5 
Iteration (out of 5 ):1  2  3  4  5  No significant surrogate variables
Option= OWN , B= 100 , m= 3 , alpha0 =  0.05 
Option= OWN , B= 100 , m= 3  runs in  34.738  s
No significant surrogate variables
Number of significant surrogate variables is:  5 
Iteration (out of 5 ):1  2  3  4  5  No significant surrogate variables
Option= OWN , B= 100 , m= 3 , alpha0 =  0.05 
Option= OWN , B= 100 , m= 3  runs in  34.559  s
No significant surrogate variables
Number of significant surrogate variables is:  5 
Iteration (out of 5 ):1  2  3  4  5  No significant surrogate variables
Option= OWN , B= 100 , m= 3 , alpha0 =  0.05 
Option= OWN , B= 100 , m= 3  runs in  35.932  s
No significant surrogate variables
Number of significant surrogate variables is:  5 
Iteration (out of 5 ):1  2  3  4  5  No significant surrogate variables
Option= OWN , B= 100 , m= 3 , alpha0 =  0.05 
Option= OWN , B= 100 , m= 3  runs in  33.07  s
No significant surrogate variables
Number of significant surrogate variables is:  6 
Iteration (out of 5 ):1  2  3  4  5  No significant surrogate variables
Option= OWN , B= 100 , m= 3 , alpha0 =  0.05 
Option= OWN , B= 100 , m= 3  runs in  35.191  s
No significant surrogate variables
Number of significant surrogate variables is:  6 
Iteration (out of 5 ):1  2  3  4  5  Number of significant surrogate variables is:  1 
Iteration (out of 5 ):1  2  3  4  5  Option= OWN , B= 100 , m= 3 , alpha0 =  0.05 
Option= OWN , B= 100 , m= 3  runs in  39.14  s
Option= OWN , B= 100 , m= 3 , alpha0 =  0.05 
Option= OWN , B= 100 , m= 3  runs in  37.48  s
No significant surrogate variables
Number of significant surrogate variables is:  6 
Iteration (out of 5 ):1  2  3  4  5  No significant surrogate variables
Option= OWN , B= 100 , m= 3 , alpha0 =  0.05 
Option= OWN , B= 100 , m= 3  runs in  36.706  s
Number of significant surrogate variables is:  1 
Iteration (out of 5 ):1  2  3  4  5  Number of significant surrogate variables is:  6 
Iteration (out of 5 ):1  2  3  4  5  No significant surrogate variables
Option= OWN , B= 100 , m= 3 , alpha0 =  0.05 
Option= OWN , B= 100 , m= 3  runs in  35.151  s
Number of significant surrogate variables is:  2 
Iteration (out of 5 ):1  2  3  4  5  Number of significant surrogate variables is:  5 
Iteration (out of 5 ):1  2  3  4  5  No significant surrogate variables
Option= OWN , B= 100 , m= 3 , alpha0 =  0.05 
Option= OWN , B= 100 , m= 3  runs in  35.057  s
No significant surrogate variables
Number of significant surrogate variables is:  6 
Iteration (out of 5 ):1  2  3  4  5  No significant surrogate variables
Option= OWN , B= 100 , m= 3 , alpha0 =  0.05 
Option= OWN , B= 100 , m= 3  runs in  35.613  s
No significant surrogate variables
Number of significant surrogate variables is:  6 
Iteration (out of 5 ):1  2  3  4  5  No significant surrogate variables
Option= OWN , B= 100 , m= 3 , alpha0 =  0.05 
Option= OWN , B= 100 , m= 3  runs in  35.006  s
No significant surrogate variables
Number of significant surrogate variables is:  6 
Iteration (out of 5 ):1  2  3  4  5  No significant surrogate variables
Option= OWN , B= 100 , m= 3 , alpha0 =  0.05 
Option= OWN , B= 100 , m= 3  runs in  36.814  s
No significant surrogate variables
Number of significant surrogate variables is:  6 
Iteration (out of 5 ):1  2  3  4  5  No significant surrogate variables
Option= OWN , B= 100 , m= 3 , alpha0 =  0.05 
Option= OWN , B= 100 , m= 3  runs in  36.64  s
No significant surrogate variables
Number of significant surrogate variables is:  5 
Iteration (out of 5 ):1  2  3  4  5  No significant surrogate variables
Option= OWN , B= 100 , m= 3 , alpha0 =  0.05 
Option= OWN , B= 100 , m= 3  runs in  37.508  s
No significant surrogate variables
Number of significant surrogate variables is:  5 
Iteration (out of 5 ):1  2  3  4  5  No significant surrogate variables
Option= OWN , B= 100 , m= 3 , alpha0 =  0.05 
Option= OWN , B= 100 , m= 3  runs in  36.234  s
Number of significant surrogate variables is:  1 
Iteration (out of 5 ):1  2  3  4  5  Number of significant surrogate variables is:  6 
Iteration (out of 5 ):1  2  3  4  5  No significant surrogate variables
Option= OWN , B= 100 , m= 3 , alpha0 =  0.05 
Option= OWN , B= 100 , m= 3  runs in  35.702  s
No significant surrogate variables
Number of significant surrogate variables is:  6 
Iteration (out of 5 ):1  2  3  4  5  No significant surrogate variables
Option= OWN , B= 100 , m= 3 , alpha0 =  0.05 
Option= OWN , B= 100 , m= 3  runs in  37.86  s
Number of significant surrogate variables is:  5 
Iteration (out of 5 ):1  2  3  4  5  Number of significant surrogate variables is:  5 
Iteration (out of 5 ):1  2  3  4  5  No significant surrogate variables
Option= OWN , B= 100 , m= 3 , alpha0 =  0.05 
Option= OWN , B= 100 , m= 3  runs in  36.951  s
No significant surrogate variables
Number of significant surrogate variables is:  6 
Iteration (out of 5 ):1  2  3  4  5  No significant surrogate variables
Option= OWN , B= 100 , m= 3 , alpha0 =  0.05 
Option= OWN , B= 100 , m= 3  runs in  36.967  s
No significant surrogate variables
Number of significant surrogate variables is:  6 
Iteration (out of 5 ):1  2  3  4  5  No significant surrogate variables
Option= OWN , B= 100 , m= 3 , alpha0 =  0.05 
Option= OWN , B= 100 , m= 3  runs in  36.445  s
Number of significant surrogate variables is:  3 
Iteration (out of 5 ):1  2  3  4  5  Number of significant surrogate variables is:  6 
Iteration (out of 5 ):1  2  3  4  5  No significant surrogate variables
Option= OWN , B= 100 , m= 3 , alpha0 =  0.05 
Option= OWN , B= 100 , m= 3  runs in  35.923  s
No significant surrogate variables
Number of significant surrogate variables is:  5 
Iteration (out of 5 ):1  2  3  4  5  No significant surrogate variables
Option= OWN , B= 100 , m= 3 , alpha0 =  0.05 
Option= OWN , B= 100 , m= 3  runs in  37.679  s
No significant surrogate variables
Number of significant surrogate variables is:  6 
Iteration (out of 5 ):1  2  3  4  5  No significant surrogate variables
Option= OWN , B= 100 , m= 3 , alpha0 =  0.05 
Option= OWN , B= 100 , m= 3  runs in  34.864  s
Number of significant surrogate variables is:  1 
Iteration (out of 5 ):1  2  3  4  5  Number of significant surrogate variables is:  5 
Iteration (out of 5 ):1  2  3  4  5  No significant surrogate variables
Option= OWN , B= 100 , m= 3 , alpha0 =  0.05 
Option= OWN , B= 100 , m= 3  runs in  34.286  s
No significant surrogate variables
Number of significant surrogate variables is:  6 
Iteration (out of 5 ):1  2  3  4  5  No significant surrogate variables
Option= OWN , B= 100 , m= 3 , alpha0 =  0.05 
Option= OWN , B= 100 , m= 3  runs in  37.699  s
Number of significant surrogate variables is:  1 
Iteration (out of 5 ):1  2  3  4  5  Number of significant surrogate variables is:  5 
Iteration (out of 5 ):1  2  3  4  5  Number of significant surrogate variables is:  1 
Iteration (out of 5 ):1  2  3  4  5  Option= OWN , B= 100 , m= 3 , alpha0 =  0.05 
Option= OWN , B= 100 , m= 3  runs in  40.74  s
Option= OWN , B= 100 , m= 3 , alpha0 =  0.05 
Option= OWN , B= 100 , m= 3  runs in  35.874  s
Number of significant surrogate variables is:  1 
Iteration (out of 5 ):1  2  3  4  5  Number of significant surrogate variables is:  5 
Iteration (out of 5 ):1  2  3  4  5  No significant surrogate variables
Option= OWN , B= 100 , m= 3 , alpha0 =  0.05 
Option= OWN , B= 100 , m= 3  runs in  36.862  s
No significant surrogate variables
Number of significant surrogate variables is:  7 
Iteration (out of 5 ):1  2  3  4  5  No significant surrogate variables
Option= OWN , B= 100 , m= 3 , alpha0 =  0.05 
Option= OWN , B= 100 , m= 3  runs in  35.251  s
No significant surrogate variables
Number of significant surrogate variables is:  7 
Iteration (out of 5 ):1  2  3  4  5  No significant surrogate variables
Option= OWN , B= 100 , m= 3 , alpha0 =  0.05 
Option= OWN , B= 100 , m= 3  runs in  35.957  s
Number of significant surrogate variables is:  1 
Iteration (out of 5 ):1  2  3  4  5  Number of significant surrogate variables is:  5 
Iteration (out of 5 ):1  2  3  4  5  No significant surrogate variables
Option= OWN , B= 100 , m= 3 , alpha0 =  0.05 
Option= OWN , B= 100 , m= 3  runs in  35.68  s
Number of significant surrogate variables is:  1 
Iteration (out of 5 ):1  2  3  4  5  Number of significant surrogate variables is:  6 
Iteration (out of 5 ):1  2  3  4  5  No significant surrogate variables
Option= OWN , B= 100 , m= 3 , alpha0 =  0.05 
Option= OWN , B= 100 , m= 3  runs in  36.027  s
Number of significant surrogate variables is:  1 
Iteration (out of 5 ):1  2  3  4  5  Number of significant surrogate variables is:  7 
Iteration (out of 5 ):1  2  3  4  5  No significant surrogate variables
Option= OWN , B= 100 , m= 3 , alpha0 =  0.05 
Option= OWN , B= 100 , m= 3  runs in  36.285  s
No significant surrogate variables
Number of significant surrogate variables is:  6 
Iteration (out of 5 ):1  2  3  4  5  No significant surrogate variables
Option= OWN , B= 100 , m= 3 , alpha0 =  0.05 
Option= OWN , B= 100 , m= 3  runs in  35.846  s
Number of significant surrogate variables is:  1 
Iteration (out of 5 ):1  2  3  4  5  Number of significant surrogate variables is:  6 
Iteration (out of 5 ):1  2  3  4  5  No significant surrogate variables
Option= OWN , B= 100 , m= 3 , alpha0 =  0.05 
Option= OWN , B= 100 , m= 3  runs in  35.735  s
No significant surrogate variables
Number of significant surrogate variables is:  5 
Iteration (out of 5 ):1  2  3  4  5  No significant surrogate variables
Option= OWN , B= 100 , m= 3 , alpha0 =  0.05 
Option= OWN , B= 100 , m= 3  runs in  37.463  s
No significant surrogate variables
Number of significant surrogate variables is:  6 
Iteration (out of 5 ):1  2  3  4  5  Number of significant surrogate variables is:  1 
Iteration (out of 5 ):1  2  3  4  5  Option= OWN , B= 100 , m= 3 , alpha0 =  0.05 
Option= OWN , B= 100 , m= 3  runs in  39.612  s
Option= OWN , B= 100 , m= 3 , alpha0 =  0.05 
Option= OWN , B= 100 , m= 3  runs in  33.414  s
No significant surrogate variables
Number of significant surrogate variables is:  7 
Iteration (out of 5 ):1  2  3  4  5  No significant surrogate variables
Option= OWN , B= 100 , m= 3 , alpha0 =  0.05 
Option= OWN , B= 100 , m= 3  runs in  34.753  s
Number of significant surrogate variables is:  2 
Iteration (out of 5 ):1  2  3  4  5  Number of significant surrogate variables is:  6 
Iteration (out of 5 ):1  2  3  4  5  No significant surrogate variables
Option= OWN , B= 100 , m= 3 , alpha0 =  0.05 
Option= OWN , B= 100 , m= 3  runs in  35.866  s
No significant surrogate variables
Number of significant surrogate variables is:  7 
Iteration (out of 5 ):1  2  3  4  5  No significant surrogate variables
Option= OWN , B= 100 , m= 3 , alpha0 =  0.05 
Option= OWN , B= 100 , m= 3  runs in  35.003  s
Number of significant surrogate variables is:  2 
Iteration (out of 5 ):1  2  3  4  5  Number of significant surrogate variables is:  6 
Iteration (out of 5 ):1  2  3  4  5  No significant surrogate variables
Option= OWN , B= 100 , m= 3 , alpha0 =  0.05 
Option= OWN , B= 100 , m= 3  runs in  35.744  s
No significant surrogate variables
Number of significant surrogate variables is:  6 
Iteration (out of 5 ):1  2  3  4  5  No significant surrogate variables
Option= OWN , B= 100 , m= 3 , alpha0 =  0.05 
Option= OWN , B= 100 , m= 3  runs in  34.979  s
Number of significant surrogate variables is:  1 
Iteration (out of 5 ):1  2  3  4  5  Number of significant surrogate variables is:  6 
Iteration (out of 5 ):1  2  3  4  5  No significant surrogate variables
Option= OWN , B= 100 , m= 3 , alpha0 =  0.05 
Option= OWN , B= 100 , m= 3  runs in  37.718  s
No significant surrogate variables
Number of significant surrogate variables is:  6 
Iteration (out of 5 ):1  2  3  4  5  No significant surrogate variables
Option= OWN , B= 100 , m= 3 , alpha0 =  0.05 
Option= OWN , B= 100 , m= 3  runs in  33.391  s
No significant surrogate variables
Number of significant surrogate variables is:  6 
Iteration (out of 5 ):1  2  3  4  5  Number of significant surrogate variables is:  1 
Iteration (out of 5 ):1  2  3  4  5  Option= OWN , B= 100 , m= 3 , alpha0 =  0.05 
Option= OWN , B= 100 , m= 3  runs in  35.754  s
Option= OWN , B= 100 , m= 3 , alpha0 =  0.05 
Option= OWN , B= 100 , m= 3  runs in  36.843  s
No significant surrogate variables
Number of significant surrogate variables is:  6 
Iteration (out of 5 ):1  2  3  4  5  No significant surrogate variables
Option= OWN , B= 100 , m= 3 , alpha0 =  0.05 
Option= OWN , B= 100 , m= 3  runs in  36.127  s
No significant surrogate variables
Number of significant surrogate variables is:  6 
Iteration (out of 5 ):1  2  3  4  5  No significant surrogate variables
Option= OWN , B= 100 , m= 3 , alpha0 =  0.05 
Option= OWN , B= 100 , m= 3  runs in  37.235  s
Number of significant surrogate variables is:  2 
Iteration (out of 5 ):1  2  3  4  5  Number of significant surrogate variables is:  7 
Iteration (out of 5 ):1  2  3  4  5  No significant surrogate variables
Option= OWN , B= 100 , m= 3 , alpha0 =  0.05 
Option= OWN , B= 100 , m= 3  runs in  37.721  s
Number of significant surrogate variables is:  2 
Iteration (out of 5 ):1  2  3  4  5  Number of significant surrogate variables is:  5 
Iteration (out of 5 ):1  2  3  4  5  Number of significant surrogate variables is:  1 
Iteration (out of 5 ):1  2  3  4  5  Option= OWN , B= 100 , m= 3 , alpha0 =  0.05 
Option= OWN , B= 100 , m= 3  runs in  39.878  s
Option= OWN , B= 100 , m= 3 , alpha0 =  0.05 
Option= OWN , B= 100 , m= 3  runs in  37.489  s
No significant surrogate variables
Number of significant surrogate variables is:  6 
Iteration (out of 5 ):1  2  3  4  5  No significant surrogate variables
Option= OWN , B= 100 , m= 3 , alpha0 =  0.05 
Option= OWN , B= 100 , m= 3  runs in  35.92  s
No significant surrogate variables
Number of significant surrogate variables is:  6 
Iteration (out of 5 ):1  2  3  4  5  No significant surrogate variables
Option= OWN , B= 100 , m= 3 , alpha0 =  0.05 
Option= OWN , B= 100 , m= 3  runs in  36.061  s
No significant surrogate variables
Number of significant surrogate variables is:  6 
Iteration (out of 5 ):1  2  3  4  5  No significant surrogate variables
Option= OWN , B= 100 , m= 3 , alpha0 =  0.05 
Option= OWN , B= 100 , m= 3  runs in  35.609  s
Number of significant surrogate variables is:  1 
Iteration (out of 5 ):1  2  3  4  5  Number of significant surrogate variables is:  6 
Iteration (out of 5 ):1  2  3  4  5  No significant surrogate variables
Option= OWN , B= 100 , m= 3 , alpha0 =  0.05 
Option= OWN , B= 100 , m= 3  runs in  37.01  s
No significant surrogate variables
Number of significant surrogate variables is:  6 
Iteration (out of 5 ):1  2  3  4  5  No significant surrogate variables
Option= OWN , B= 100 , m= 3 , alpha0 =  0.05 
Option= OWN , B= 100 , m= 3  runs in  37.174  s
No significant surrogate variables
Number of significant surrogate variables is:  6 
Iteration (out of 5 ):1  2  3  4  5  No significant surrogate variables
Option= OWN , B= 100 , m= 3 , alpha0 =  0.05 
Option= OWN , B= 100 , m= 3  runs in  34.106  s
No significant surrogate variables
Number of significant surrogate variables is:  6 
Iteration (out of 5 ):1  2  3  4  5  No significant surrogate variables
Option= OWN , B= 100 , m= 3 , alpha0 =  0.05 
Option= OWN , B= 100 , m= 3  runs in  35.791  s
No significant surrogate variables
Number of significant surrogate variables is:  6 
Iteration (out of 5 ):1  2  3  4  5  No significant surrogate variables
Option= OWN , B= 100 , m= 3 , alpha0 =  0.05 
Option= OWN , B= 100 , m= 3  runs in  35.918  s
No significant surrogate variables
Number of significant surrogate variables is:  7 
Iteration (out of 5 ):1  2  3  4  5  No significant surrogate variables
Option= OWN , B= 100 , m= 3 , alpha0 =  0.05 
Option= OWN , B= 100 , m= 3  runs in  35.399  s
No significant surrogate variables
Number of significant surrogate variables is:  5 
Iteration (out of 5 ):1  2  3  4  5  No significant surrogate variables
Option= OWN , B= 100 , m= 3 , alpha0 =  0.05 
Option= OWN , B= 100 , m= 3  runs in  37.488  s
Number of significant surrogate variables is:  1 
Iteration (out of 5 ):1  2  3  4  5  Number of significant surrogate variables is:  6 
Iteration (out of 5 ):1  2  3  4  5  Number of significant surrogate variables is:  2 
Iteration (out of 5 ):1  2  3  4  5  Option= OWN , B= 100 , m= 3 , alpha0 =  0.05 
Option= OWN , B= 100 , m= 3  runs in  43.271  s
Option= OWN , B= 100 , m= 3 , alpha0 =  0.05 
Option= OWN , B= 100 , m= 3  runs in  36.269  s
Number of significant surrogate variables is:  1 
Iteration (out of 5 ):1  2  3  4  5  Number of significant surrogate variables is:  6 
Iteration (out of 5 ):1  2  3  4  5  No significant surrogate variables
Option= OWN , B= 100 , m= 3 , alpha0 =  0.05 
Option= OWN , B= 100 , m= 3  runs in  37.868  s
No significant surrogate variables
Number of significant surrogate variables is:  4 
Iteration (out of 5 ):1  2  3  4  5  No significant surrogate variables
Option= OWN , B= 100 , m= 3 , alpha0 =  0.05 
Option= OWN , B= 100 , m= 3  runs in  36.094  s
No significant surrogate variables
Number of significant surrogate variables is:  6 
Iteration (out of 5 ):1  2  3  4  5  No significant surrogate variables
Option= OWN , B= 100 , m= 3 , alpha0 =  0.05 
Option= OWN , B= 100 , m= 3  runs in  34.204  s
No significant surrogate variables
Number of significant surrogate variables is:  5 
Iteration (out of 5 ):1  2  3  4  5  No significant surrogate variables
Option= OWN , B= 100 , m= 3 , alpha0 =  0.05 
Option= OWN , B= 100 , m= 3  runs in  35.341  s
No significant surrogate variables
Number of significant surrogate variables is:  6 
Iteration (out of 5 ):1  2  3  4  5  No significant surrogate variables
Option= OWN , B= 100 , m= 3 , alpha0 =  0.05 
Option= OWN , B= 100 , m= 3  runs in  36.113  s
No significant surrogate variables
Number of significant surrogate variables is:  5 
Iteration (out of 5 ):1  2  3  4  5  Number of significant surrogate variables is:  1 
Iteration (out of 5 ):1  2  3  4  5  Option= OWN , B= 100 , m= 3 , alpha0 =  0.05 
Option= OWN , B= 100 , m= 3  runs in  38.227  s
Option= OWN , B= 100 , m= 3 , alpha0 =  0.05 
Option= OWN , B= 100 , m= 3  runs in  36.816  s
Number of significant surrogate variables is:  1 
Iteration (out of 5 ):1  2  3  4  5  Number of significant surrogate variables is:  8 
Iteration (out of 5 ):1  2  3  4  5  No significant surrogate variables
Option= OWN , B= 100 , m= 3 , alpha0 =  0.05 
Option= OWN , B= 100 , m= 3  runs in  34.754  s
No significant surrogate variables
Number of significant surrogate variables is:  6 
Iteration (out of 5 ):1  2  3  4  5  No significant surrogate variables
Option= OWN , B= 100 , m= 3 , alpha0 =  0.05 
Option= OWN , B= 100 , m= 3  runs in  34.138  s
No significant surrogate variables
Number of significant surrogate variables is:  6 
Iteration (out of 5 ):1  2  3  4  5  No significant surrogate variables
Option= OWN , B= 100 , m= 3 , alpha0 =  0.05 
Option= OWN , B= 100 , m= 3  runs in  34.661  s
No significant surrogate variables
Number of significant surrogate variables is:  6 
Iteration (out of 5 ):1  2  3  4  5  No significant surrogate variables
Option= OWN , B= 100 , m= 3 , alpha0 =  0.05 
Option= OWN , B= 100 , m= 3  runs in  36.022  s
Number of significant surrogate variables is:  1 
Iteration (out of 5 ):1  2  3  4  5  Number of significant surrogate variables is:  7 
Iteration (out of 5 ):1  2  3  4  5  No significant surrogate variables
Option= OWN , B= 100 , m= 3 , alpha0 =  0.05 
Option= OWN , B= 100 , m= 3  runs in  34.74  s
No significant surrogate variables
Number of significant surrogate variables is:  8 
Iteration (out of 5 ):1  2  3  4  5  No significant surrogate variables
Option= OWN , B= 100 , m= 3 , alpha0 =  0.05 
Option= OWN , B= 100 , m= 3  runs in  34.247  s
No significant surrogate variables
Number of significant surrogate variables is:  5 
Iteration (out of 5 ):1  2  3  4  5  No significant surrogate variables
Option= OWN , B= 100 , m= 3 , alpha0 =  0.05 
Option= OWN , B= 100 , m= 3  runs in  36.491  s
Number of significant surrogate variables is:  1 
Iteration (out of 5 ):1  2  3  4  5  Number of significant surrogate variables is:  7 
Iteration (out of 5 ):1  2  3  4  5  No significant surrogate variables
Option= OWN , B= 100 , m= 3 , alpha0 =  0.05 
Option= OWN , B= 100 , m= 3  runs in  35.127  s
Number of significant surrogate variables is:  4 
Iteration (out of 5 ):1  2  3  4  5  Number of significant surrogate variables is:  6 
Iteration (out of 5 ):1  2  3  4  5  No significant surrogate variables
Option= OWN , B= 100 , m= 3 , alpha0 =  0.05 
Option= OWN , B= 100 , m= 3  runs in  34.315  s
No significant surrogate variables
Number of significant surrogate variables is:  5 
Iteration (out of 5 ):1  2  3  4  5  No significant surrogate variables
Option= OWN , B= 100 , m= 3 , alpha0 =  0.05 
Option= OWN , B= 100 , m= 3  runs in  35.737  s
No significant surrogate variables
Number of significant surrogate variables is:  5 
Iteration (out of 5 ):1  2  3  4  5  No significant surrogate variables
Option= OWN , B= 100 , m= 3 , alpha0 =  0.05 
Option= OWN , B= 100 , m= 3  runs in  35.003  s
No significant surrogate variables
Number of significant surrogate variables is:  6 
Iteration (out of 5 ):1  2  3  4  5  No significant surrogate variables
Option= OWN , B= 100 , m= 3 , alpha0 =  0.05 
Option= OWN , B= 100 , m= 3  runs in  37.203  s
No significant surrogate variables
Number of significant surrogate variables is:  5 
Iteration (out of 5 ):1  2  3  4  5  No significant surrogate variables
Option= OWN , B= 100 , m= 3 , alpha0 =  0.05 
Option= OWN , B= 100 , m= 3  runs in  35.379  s
Number of significant surrogate variables is:  1 
Iteration (out of 5 ):1  2  3  4  5  Number of significant surrogate variables is:  6 
Iteration (out of 5 ):1  2  3  4  5  No significant surrogate variables
Option= OWN , B= 100 , m= 3 , alpha0 =  0.05 
Option= OWN , B= 100 , m= 3  runs in  36.746  s
No significant surrogate variables
Number of significant surrogate variables is:  6 
Iteration (out of 5 ):1  2  3  4  5  No significant surrogate variables
Option= OWN , B= 100 , m= 3 , alpha0 =  0.05 
Option= OWN , B= 100 , m= 3  runs in  36.073  s
No significant surrogate variables
Number of significant surrogate variables is:  7 
Iteration (out of 5 ):1  2  3  4  5  No significant surrogate variables
Option= OWN , B= 100 , m= 3 , alpha0 =  0.05 
Option= OWN , B= 100 , m= 3  runs in  36.626  s
Number of significant surrogate variables is:  1 
Iteration (out of 5 ):1  2  3  4  5  Number of significant surrogate variables is:  6 
Iteration (out of 5 ):1  2  3  4  5  No significant surrogate variables
Option= OWN , B= 100 , m= 3 , alpha0 =  0.05 
Option= OWN , B= 100 , m= 3  runs in  33.962  s
No significant surrogate variables
Number of significant surrogate variables is:  6 
Iteration (out of 5 ):1  2  3  4  5  No significant surrogate variables
Option= OWN , B= 100 , m= 3 , alpha0 =  0.05 
Option= OWN , B= 100 , m= 3  runs in  37.776  s
No significant surrogate variables
Number of significant surrogate variables is:  4 
Iteration (out of 5 ):1  2  3  4  5  No significant surrogate variables
Option= OWN , B= 100 , m= 3 , alpha0 =  0.05 
Option= OWN , B= 100 , m= 3  runs in  37.961  s
No significant surrogate variables
Number of significant surrogate variables is:  6 
Iteration (out of 5 ):1  2  3  4  5  No significant surrogate variables
Option= OWN , B= 100 , m= 3 , alpha0 =  0.05 
Option= OWN , B= 100 , m= 3  runs in  34.141  s
No significant surrogate variables
Number of significant surrogate variables is:  6 
Iteration (out of 5 ):1  2  3  4  5  No significant surrogate variables
Option= OWN , B= 100 , m= 3 , alpha0 =  0.05 
Option= OWN , B= 100 , m= 3  runs in  37.236  s
No significant surrogate variables
Number of significant surrogate variables is:  5 
Iteration (out of 5 ):1  2  3  4  5  No significant surrogate variables
Option= OWN , B= 100 , m= 3 , alpha0 =  0.05 
Option= OWN , B= 100 , m= 3  runs in  36.953  s
No significant surrogate variables
Number of significant surrogate variables is:  5 
Iteration (out of 5 ):1  2  3  4  5  No significant surrogate variables
Option= OWN , B= 100 , m= 3 , alpha0 =  0.05 
Option= OWN , B= 100 , m= 3  runs in  35.684  s
No significant surrogate variables
Number of significant surrogate variables is:  6 
Iteration (out of 5 ):1  2  3  4  5  No significant surrogate variables
Option= OWN , B= 100 , m= 3 , alpha0 =  0.05 
Option= OWN , B= 100 , m= 3  runs in  36.668  s
Number of significant surrogate variables is:  1 
Iteration (out of 5 ):1  2  3  4  5  Number of significant surrogate variables is:  6 
Iteration (out of 5 ):1  2  3  4  5  Number of significant surrogate variables is:  1 
Iteration (out of 5 ):1  2  3  4  5  Option= OWN , B= 100 , m= 3 , alpha0 =  0.05 
Option= OWN , B= 100 , m= 3  runs in  39.102  s
Option= OWN , B= 100 , m= 3 , alpha0 =  0.05 
Option= OWN , B= 100 , m= 3  runs in  34.91  s
No significant surrogate variables
Number of significant surrogate variables is:  5 
Iteration (out of 5 ):1  2  3  4  5  Number of significant surrogate variables is:  1 
Iteration (out of 5 ):1  2  3  4  5  Option= OWN , B= 100 , m= 3 , alpha0 =  0.05 
Option= OWN , B= 100 , m= 3  runs in  37.845  s
Option= OWN , B= 100 , m= 3 , alpha0 =  0.05 
Option= OWN , B= 100 , m= 3  runs in  37.731  s
Number of significant surrogate variables is:  1 
Iteration (out of 5 ):1  2  3  4  5  Number of significant surrogate variables is:  5 
Iteration (out of 5 ):1  2  3  4  5  No significant surrogate variables
Option= OWN , B= 100 , m= 3 , alpha0 =  0.05 
Option= OWN , B= 100 , m= 3  runs in  37.015  s
No significant surrogate variables
Number of significant surrogate variables is:  5 
Iteration (out of 5 ):1  2  3  4  5  No significant surrogate variables
Option= OWN , B= 100 , m= 3 , alpha0 =  0.05 
Option= OWN , B= 100 , m= 3  runs in  37.32  s
No significant surrogate variables
Number of significant surrogate variables is:  6 
Iteration (out of 5 ):1  2  3  4  5  No significant surrogate variables
Option= OWN , B= 100 , m= 3 , alpha0 =  0.05 
Option= OWN , B= 100 , m= 3  runs in  36.988  s
Number of significant surrogate variables is:  4 
Iteration (out of 5 ):1  2  3  4  5  Number of significant surrogate variables is:  6 
Iteration (out of 5 ):1  2  3  4  5  No significant surrogate variables
Option= OWN , B= 100 , m= 3 , alpha0 =  0.05 
Option= OWN , B= 100 , m= 3  runs in  37.065  s
No significant surrogate variables
Number of significant surrogate variables is:  6 
Iteration (out of 5 ):1  2  3  4  5  No significant surrogate variables
Option= OWN , B= 100 , m= 3 , alpha0 =  0.05 
Option= OWN , B= 100 , m= 3  runs in  36.577  s
No significant surrogate variables
Number of significant surrogate variables is:  6 
Iteration (out of 5 ):1  2  3  4  5  No significant surrogate variables
Option= OWN , B= 100 , m= 3 , alpha0 =  0.05 
Option= OWN , B= 100 , m= 3  runs in  35.712  s
Number of significant surrogate variables is:  3 
Iteration (out of 5 ):1  2  3  4  5  Number of significant surrogate variables is:  7 
Iteration (out of 5 ):1  2  3  4  5  No significant surrogate variables
$TrueSelCov
[1] "mono"  "Concb" "neut"  "Block" "RINa" 

$nSimSelCov
    FSR.S.OWN.RE FSR.R.OWN.RE FSR.U.OWN.RE FSR.FSP.OWN.RE DEA.NTP.OnlyFSR
1              5            5            0      0.0000000             217
2              5            5            0      0.0000000             182
3              5            5            0      0.0000000             218
4              5            5            0      0.0000000             192
5              5            5            0      0.0000000             207
6              5            5            0      0.0000000             209
7              5            5            0      0.0000000             200
8              5            6            1      0.1428571             195
9              5            5            0      0.0000000             144
10             5            6            1      0.1428571             145
11             5            5            0      0.0000000             209
12             5            5            0      0.0000000             208
13             5            5            0      0.0000000             159
14             5            6            1      0.1428571             167
15             5            5            0      0.0000000             172
16             5            5            0      0.0000000             178
17             5            5            0      0.0000000             185
18             5            6            1      0.1428571             189
19             5            5            0      0.0000000             204
20             5            5            0      0.0000000             193
21             5            6            1      0.1428571             183
22             5            5            0      0.0000000             181
23             5            5            0      0.0000000             147
24             5            5            0      0.0000000             153
25             5            5            0      0.0000000             187
26             5            5            0      0.0000000             251
27             5            5            0      0.0000000             229
28             5            5            0      0.0000000             183
29             5            6            1      0.1428571             210
30             5            5            0      0.0000000             178
31             5            5            0      0.0000000             193
32             5            5            0      0.0000000             189
33             5            5            0      0.0000000             158
34             5            5            0      0.0000000             167
35             5            5            0      0.0000000             185
36             5            5            0      0.0000000             150
37             5            5            0      0.0000000             177
38             5            5            0      0.0000000             219
39             5            5            0      0.0000000             170
40             5            5            0      0.0000000             191
41             5            5            0      0.0000000             158
42             5            5            0      0.0000000             166
43             5            5            0      0.0000000             158
44             5            5            0      0.0000000             171
45             5            8            3      0.3333333              77
46             5            6            1      0.1428571             193
47             5            5            0      0.0000000             200
48             5            5            0      0.0000000             172
49             5            5            0      0.0000000             198
50             5            5            0      0.0000000             200
51             5            5            0      0.0000000             188
52             5            5            0      0.0000000             204
53             5            5            0      0.0000000             212
54             5            5            0      0.0000000             164
55             5            6            1      0.1428571             161
56             5            6            1      0.1428571             101
57             5            5            0      0.0000000             213
58             5            5            0      0.0000000             158
59             5            6            1      0.1428571             163
60             5            5            0      0.0000000             195
61             5            5            0      0.0000000             186
62             5            6            1      0.1428571              31
63             5            7            2      0.2500000              82
64             5            5            0      0.0000000             164
65             5            6            1      0.1428571             166
66             5            5            0      0.0000000             240
67             5            5            0      0.0000000             231
68             5            5            0      0.0000000             196
69             5            5            0      0.0000000             193
70             5            5            0      0.0000000             182
71             5            5            0      0.0000000             214
72             5            5            0      0.0000000             181
73             5            5            0      0.0000000             223
74             5            7            2      0.2500000             148
75             5            6            1      0.1428571             180
76             5            5            0      0.0000000             166
77             5            5            0      0.0000000             166
78             5            5            0      0.0000000             212
79             5            5            0      0.0000000             206
80             5            5            0      0.0000000             179
81             5            6            1      0.1428571             161
82             5            5            0      0.0000000             212
83             5            5            0      0.0000000             209
84             5            5            0      0.0000000             205
85             5            5            0      0.0000000             200
86             5            5            0      0.0000000             171
87             5            7            2      0.2500000              97
88             5            5            0      0.0000000             214
89             5            5            0      0.0000000             243
90             5            5            0      0.0000000             162
91             5            5            0      0.0000000             185
92             5            5            0      0.0000000             182
93             5            5            0      0.0000000             200
94             5            5            0      0.0000000             175
95             5           10            5      0.4545455               8
96             5            5            0      0.0000000             224
97             5            5            0      0.0000000             145
98             5            5            0      0.0000000             179
99             5            5            0      0.0000000             176
100            5            5            0      0.0000000             181
    DEA.R.OnlyFSR DEA.V.OnlyFSR DEA.FDP.OnlyFSR DEA.PAUC.OnlyFSR DEA.NTP.FSRsva
1             226             9      0.03982301      0.021041309            217
2             186             4      0.02150538      0.020365284            182
3             228            10      0.04385965      0.021152360            218
4             203            11      0.05418719      0.020722602            192
5             219            12      0.05479452      0.022164075            207
6             223            14      0.06278027      0.019406009            209
7             210            10      0.04761905      0.020485030            200
8             208            13      0.06250000      0.019593585            195
9             148             4      0.02702703      0.019550028            144
10            151             6      0.03973510      0.018340319            147
11            220            11      0.05000000      0.020090149            191
12            218            10      0.04587156      0.020979527            208
13            164             5      0.03048780      0.023319154            159
14            184            17      0.09239130      0.017956958            167
15            183            11      0.06010929      0.019321580            172
16            186             8      0.04301075      0.019468421            178
17            195            10      0.05128205      0.021755294            185
18            206            17      0.08252427      0.018433544            166
19            212             8      0.03773585      0.022671790            204
20            203            10      0.04926108      0.020236310             65
21            197            14      0.07106599      0.018990628            183
22            188             7      0.03723404      0.021908858            181
23            153             6      0.03921569      0.020141676            137
24            156             3      0.01923077      0.019741743            153
25            194             7      0.03608247      0.020064597            187
26            264            13      0.04924242      0.023657105            223
27            245            16      0.06530612      0.021598070            229
28            192             9      0.04687500      0.019561982            158
29            220            10      0.04545455      0.021052146            199
30            190            12      0.06315789      0.019874340            178
31            205            12      0.05853659      0.021148614            193
32            198             9      0.04545455      0.019648521            189
33            165             7      0.04242424      0.019800084            110
34            177            10      0.05649718      0.020033707            159
35            191             6      0.03141361      0.024426726            185
36            153             3      0.01960784      0.021329801             95
37            183             6      0.03278689      0.021096345            177
38            234            15      0.06410256      0.022047068            219
39            182            12      0.06593407      0.020369738            170
40            201            10      0.04975124      0.022141045            180
41            165             7      0.04242424      0.019933206            158
42            171             5      0.02923977      0.022399653            143
43            164             6      0.03658537      0.018518229            158
44            177             6      0.03389831      0.021663117            173
45             80             3      0.03750000      0.015308124             77
46            210            17      0.08095238      0.018759542            193
47            212            12      0.05660377      0.020084326            200
48            175             3      0.01714286      0.020991848            172
49            205             7      0.03414634      0.020100364            186
50            210            10      0.04761905      0.021752147            176
51            196             8      0.04081633      0.020320175            188
52            214            10      0.04672897      0.020884039            204
53            225            13      0.05777778      0.020185353            212
54            170             6      0.03529412      0.021140760            160
55            166             5      0.03012048      0.020879897            161
56            103             2      0.01941748      0.017568521            101
57            218             5      0.02293578      0.021347317            213
58            161             3      0.01863354      0.018908626            158
59            171             8      0.04678363      0.021532828            163
60            197             2      0.01015228      0.021247370            195
61            194             8      0.04123711      0.022011752            185
62             34             3      0.08823529      0.010869043             13
63             89             7      0.07865169      0.013274984             82
64            170             6      0.03529412      0.019864921            164
65            175             9      0.05142857      0.018987748            166
66            252            12      0.04761905      0.022341648            240
67            242            11      0.04545455      0.021164320            231
68            208            12      0.05769231      0.019289757            138
69            208            15      0.07211538      0.019538378            193
70            194            12      0.06185567      0.017127058            182
71            223             9      0.04035874      0.022078286            214
72            195            14      0.07179487      0.018314874            145
73            234            11      0.04700855      0.021950825            223
74            154             6      0.03896104      0.019147360            148
75            185             5      0.02702703      0.020610080            166
76            170             4      0.02352941      0.022301335            162
77            171             5      0.02923977      0.019958044            166
78            222            10      0.04504505      0.020135159            212
79            220            14      0.06363636      0.019956489            206
80            192            13      0.06770833      0.018459832            179
81            163             2      0.01226994      0.020690445            152
82            224            12      0.05357143      0.021356583            212
83            216             7      0.03240741      0.020978931            209
84            215            10      0.04651163      0.021331943            198
85            209             9      0.04306220      0.022011376            200
86            179             8      0.04469274      0.019207499            171
87            105             8      0.07619048      0.014717713             97
88            226            12      0.05309735      0.021729570            214
89            267            24      0.08988764      0.018468963            243
90            170             8      0.04705882      0.020217962            162
91            197            12      0.06091371      0.018806738            185
92            186             4      0.02150538      0.021216244            189
93            209             9      0.04306220      0.021607782            200
94            185            10      0.05405405      0.018811675            166
95              8             0      0.00000000      0.009521791              8
96            240            16      0.06666667      0.020842457            224
97            154             9      0.05844156      0.018451566            106
98            189            10      0.05291005      0.020413856            179
99            187            11      0.05882353      0.020727602            176
100           193            12      0.06217617      0.018446401            163
    DEA.R.FSRsva DEA.V.FSRsva DEA.FDP.FSRsva DEA.PAUC.FSRsva DEA.NTP.SVA0
1            226            9     0.03982301     0.021041309          123
2            186            4     0.02150538     0.020365284          120
3            228           10     0.04385965     0.021152360          144
4            203           11     0.05418719     0.020722602          148
5            219           12     0.05479452     0.022164075          137
6            223           14     0.06278027     0.019406009          111
7            210           10     0.04761905     0.020485030          132
8            208           13     0.06250000     0.019593585          134
9            148            4     0.02702703     0.019550028           81
10           152            5     0.03289474     0.018203699           95
11           202           11     0.05445545     0.019775264          126
12           218           10     0.04587156     0.020979527          196
13           164            5     0.03048780     0.023319154           94
14           184           17     0.09239130     0.017956958          114
15           183           11     0.06010929     0.019321580           99
16           186            8     0.04301075     0.019468421          109
17           195           10     0.05128205     0.021755294          146
18           183           17     0.09289617     0.016246694           90
19           212            8     0.03773585     0.022671790          162
20            69            4     0.05797101     0.016236039           86
21           197           14     0.07106599     0.018990628          118
22           188            7     0.03723404     0.021908858          109
23           141            4     0.02836879     0.019030724           85
24           156            3     0.01923077     0.019741743          121
25           194            7     0.03608247     0.020064597          118
26           229            6     0.02620087     0.022710774          164
27           245           16     0.06530612     0.021598070          176
28           166            8     0.04819277     0.018961958          143
29           210           11     0.05238095     0.020693443          138
30           190           12     0.06315789     0.019874340          102
31           205           12     0.05853659     0.021148614          109
32           197            8     0.04060914     0.019357396          117
33           116            6     0.05172414     0.016564516          138
34           171           12     0.07017544     0.019051402           91
35           191            6     0.03141361     0.024426726          163
36            99            4     0.04040404     0.017479208           57
37           183            6     0.03278689     0.021096345          119
38           234           15     0.06410256     0.022047068          163
39           182           12     0.06593407     0.020369738          119
40           192           12     0.06250000     0.021333021           95
41           165            7     0.04242424     0.019933206          109
42           149            6     0.04026846     0.022092892           95
43           164            6     0.03658537     0.018518229          113
44           178            5     0.02808989     0.021727736           99
45            80            3     0.03750000     0.015308124          129
46           210           17     0.08095238     0.018759542          133
47           212           12     0.05660377     0.020084326           78
48           175            3     0.01714286     0.020991848           90
49           190            4     0.02105263     0.020349438           70
50           185            9     0.04864865     0.020656011          134
51           196            8     0.04081633     0.020320175          150
52           214           10     0.04672897     0.020884039          114
53           225           13     0.05777778     0.020185353          100
54           166            6     0.03614458     0.021485694          151
55           166            5     0.03012048     0.020879897           75
56           103            2     0.01941748     0.017568521          148
57           218            5     0.02293578     0.021347317          164
58           161            3     0.01863354     0.018908626          145
59           171            8     0.04678363     0.021532828           77
60           197            2     0.01015228     0.021247370          168
61           192            7     0.03645833     0.021859187          128
62            14            1     0.07142857     0.010006726          140
63            89            7     0.07865169     0.013274984          128
64           170            6     0.03529412     0.019864921          145
65           175            9     0.05142857     0.018987748           71
66           252           12     0.04761905     0.022341648          133
67           242           11     0.04545455     0.021164320          132
68           145            7     0.04827586     0.017862122           49
69           208           15     0.07211538     0.019538378          119
70           194           12     0.06185567     0.017127058          156
71           223            9     0.04035874     0.022078286          123
72           158           13     0.08227848     0.015587127          103
73           234           11     0.04700855     0.021950825          145
74           154            6     0.03896104     0.019147360           85
75           169            3     0.01775148     0.020176031          148
76           167            5     0.02994012     0.021194854          115
77           171            5     0.02923977     0.019958044          116
78           222           10     0.04504505     0.020135159          129
79           220           14     0.06363636     0.019956489          155
80           192           13     0.06770833     0.018459832          118
81           156            4     0.02564103     0.020006800          101
82           224           12     0.05357143     0.021356583          156
83           216            7     0.03240741     0.020978931          115
84           207            9     0.04347826     0.020878553          172
85           209            9     0.04306220     0.022011376          161
86           179            8     0.04469274     0.019207499          115
87           105            8     0.07619048     0.014717713          159
88           226           12     0.05309735     0.021729570          157
89           267           24     0.08988764     0.018468963          155
90           170            8     0.04705882     0.020217962           96
91           197           12     0.06091371     0.018806738          162
92           193            4     0.02072539     0.021607405          118
93           209            9     0.04306220     0.021607782          118
94           178           12     0.06741573     0.018631568          123
95             8            0     0.00000000     0.009521791          113
96           240           16     0.06666667     0.020842457          165
97           114            8     0.07017544     0.015683173           79
98           189           10     0.05291005     0.020413856          107
99           187           11     0.05882353     0.020727602          133
100          172            9     0.05232558     0.018124277          155
    DEA.R.SVA0 DEA.V.SVA0 DEA.FDP.SVA0 DEA.PAUC.SVA0 DEA.NTP.SVAall_FSR
1          129          6  0.046511628   0.015150771                217
2          136         16  0.117647059   0.011632818                182
3          152          8  0.052631579   0.018651430                218
4          158         10  0.063291139   0.015240917                192
5          144          7  0.048611111   0.018827200                207
6          112          1  0.008928571   0.016833207                209
7          144         12  0.083333333   0.015960822                200
8          142          8  0.056338028   0.017301042                186
9           84          3  0.035714286   0.015470639                144
10          98          3  0.030612245   0.014928387                145
11         135          9  0.066666667   0.016181798                209
12         219         23  0.105022831   0.016441424                208
13         101          7  0.069306931   0.014362687                159
14         118          4  0.033898305   0.013785422                167
15         104          5  0.048076923   0.016733181                172
16         121         12  0.099173554   0.013591274                178
17         158         12  0.075949367   0.017267762                185
18          97          7  0.072164948   0.010874032                189
19         168          6  0.035714286   0.017156274                204
20          88          2  0.022727273   0.016564248                193
21         127          9  0.070866142   0.014896623                183
22         114          5  0.043859649   0.014684624                181
23          89          4  0.044943820   0.015598719                147
24         125          4  0.032000000   0.017680147                153
25         122          4  0.032786885   0.017656939                187
26         176         12  0.068181818   0.018602541                251
27         195         19  0.097435897   0.017442747                229
28         152          9  0.059210526   0.015877835                183
29         147          9  0.061224490   0.019308356                210
30         112         10  0.089285714   0.014206531                178
31         118          9  0.076271186   0.014209732                193
32         118          1  0.008474576   0.018577515                189
33         142          4  0.028169014   0.018208801                158
34         100          9  0.090000000   0.013190081                167
35         169          6  0.035502959   0.019323274                185
36          58          1  0.017241379   0.017442984                150
37         126          7  0.055555556   0.014630449                177
38         177         14  0.079096045   0.016172215                219
39         129         10  0.077519380   0.017037625                170
40          99          4  0.040404040   0.016470409                191
41         115          6  0.052173913   0.016239265                158
42          99          4  0.040404040   0.017550382                166
43         121          8  0.066115702   0.013813982                158
44         103          4  0.038834951   0.017103846                171
45         137          8  0.058394161   0.015066652                 77
46         147         14  0.095238095   0.014689885                193
47          84          6  0.071428571   0.013070564                200
48          92          2  0.021739130   0.016373454                172
49          70          0  0.000000000   0.015721487                198
50         139          5  0.035971223   0.018052242                200
51         158          8  0.050632911   0.017707512                188
52         116          2  0.017241379   0.017252753                204
53         106          6  0.056603774   0.014375568                212
54         158          7  0.044303797   0.017532769                164
55          81          6  0.074074074   0.014552873                161
56         157          9  0.057324841   0.015987236                101
57         170          6  0.035294118   0.019523201                213
58         160         15  0.093750000   0.014301679                158
59          82          5  0.060975610   0.012406420                163
60         173          5  0.028901734   0.021598083                195
61         134          6  0.044776119   0.018347768                  4
62         149          9  0.060402685   0.017568217                 31
63         131          3  0.022900763   0.019540652                 82
64         162         17  0.104938272   0.013712271                164
65          76          5  0.065789474   0.014266059                166
66         134          1  0.007462687   0.018523756                240
67         136          4  0.029411765   0.018445276                231
68          51          2  0.039215686   0.008115355                196
69         130         11  0.084615385   0.014071234                193
70         171         15  0.087719298   0.014450656                182
71         130          7  0.053846154   0.017494880                214
72         113         10  0.088495575   0.015009164                181
73         151          6  0.039735099   0.018842615                223
74          89          4  0.044943820   0.014591464                148
75         156          8  0.051282051   0.017727273                180
76         121          6  0.049586777   0.014940516                166
77         125          9  0.072000000   0.014752122                166
78         130          1  0.007692308   0.017074586                212
79         167         12  0.071856287   0.018310653                206
80         123          5  0.040650407   0.016698326                179
81         106          5  0.047169811   0.015258233                161
82         164          8  0.048780488   0.017848053                212
83         122          7  0.057377049   0.015317802                209
84         186         14  0.075268817   0.017462063                205
85         175         14  0.080000000   0.017909915                200
86         122          7  0.057377049   0.018146926                171
87         171         12  0.070175439   0.017033195                 97
88         167         10  0.059880240   0.017167054                214
89         179         24  0.134078212   0.013593619                243
90         101          5  0.049504950   0.016946717                162
91         172         10  0.058139535   0.018140276                185
92         123          5  0.040650407   0.018048081                165
93         121          3  0.024793388   0.018040631                200
94         126          3  0.023809524   0.018016598                175
95         121          8  0.066115702   0.014221028                  8
96         171          6  0.035087719   0.018602105                224
97          85          6  0.070588235   0.013803681                145
98         114          7  0.061403509   0.013490071                179
99         140          7  0.050000000   0.018917310                176
100        169         14  0.082840237   0.014619377                181
    DEA.R.SVAall_FSR DEA.V.SVAall_FSR DEA.FDP.SVAall_FSR DEA.PAUC.SVAall_FSR
1                226                9         0.03982301         0.021041309
2                186                4         0.02150538         0.020365284
3                228               10         0.04385965         0.021152360
4                203               11         0.05418719         0.020722602
5                219               12         0.05479452         0.022164075
6                223               14         0.06278027         0.019406009
7                210               10         0.04761905         0.020485030
8                199               13         0.06532663         0.019936122
9                148                4         0.02702703         0.019550028
10               151                6         0.03973510         0.018340319
11               220               11         0.05000000         0.020090149
12               218               10         0.04587156         0.020979527
13               164                5         0.03048780         0.023319154
14               184               17         0.09239130         0.017956958
15               183               11         0.06010929         0.019321580
16               186                8         0.04301075         0.019468421
17               195               10         0.05128205         0.021755294
18               206               17         0.08252427         0.018433544
19               212                8         0.03773585         0.022671790
20               203               10         0.04926108         0.020236310
21               197               14         0.07106599         0.018990628
22               188                7         0.03723404         0.021908858
23               153                6         0.03921569         0.020141676
24               156                3         0.01923077         0.019741743
25               194                7         0.03608247         0.020064597
26               264               13         0.04924242         0.023657105
27               245               16         0.06530612         0.021598070
28               192                9         0.04687500         0.019561982
29               220               10         0.04545455         0.021052146
30               190               12         0.06315789         0.019874340
31               205               12         0.05853659         0.021148614
32               198                9         0.04545455         0.019648521
33               165                7         0.04242424         0.019800084
34               177               10         0.05649718         0.020033707
35               191                6         0.03141361         0.024426726
36               153                3         0.01960784         0.021329801
37               183                6         0.03278689         0.021096345
38               234               15         0.06410256         0.022047068
39               182               12         0.06593407         0.020369738
40               201               10         0.04975124         0.022141045
41               165                7         0.04242424         0.019933206
42               171                5         0.02923977         0.022399653
43               164                6         0.03658537         0.018518229
44               177                6         0.03389831         0.021663117
45                80                3         0.03750000         0.015308124
46               210               17         0.08095238         0.018759542
47               212               12         0.05660377         0.020084326
48               175                3         0.01714286         0.020991848
49               205                7         0.03414634         0.020100364
50               210               10         0.04761905         0.021752147
51               196                8         0.04081633         0.020320175
52               214               10         0.04672897         0.020884039
53               225               13         0.05777778         0.020185353
54               170                6         0.03529412         0.021140760
55               166                5         0.03012048         0.020879897
56               103                2         0.01941748         0.017568521
57               218                5         0.02293578         0.021347317
58               161                3         0.01863354         0.018908626
59               171                8         0.04678363         0.021532828
60               197                2         0.01015228         0.021247370
61                 4                0         0.00000000         0.006935657
62                34                3         0.08823529         0.010869043
63                89                7         0.07865169         0.013274984
64               170                6         0.03529412         0.019864921
65               175                9         0.05142857         0.018987748
66               252               12         0.04761905         0.022341648
67               242               11         0.04545455         0.021164320
68               208               12         0.05769231         0.019289757
69               208               15         0.07211538         0.019538378
70               194               12         0.06185567         0.017127058
71               223                9         0.04035874         0.022078286
72               195               14         0.07179487         0.018314874
73               234               11         0.04700855         0.021950825
74               154                6         0.03896104         0.019147360
75               185                5         0.02702703         0.020610080
76               170                4         0.02352941         0.022301335
77               171                5         0.02923977         0.019958044
78               222               10         0.04504505         0.020135159
79               220               14         0.06363636         0.019956489
80               192               13         0.06770833         0.018459832
81               163                2         0.01226994         0.020690445
82               224               12         0.05357143         0.021356583
83               216                7         0.03240741         0.020978931
84               215               10         0.04651163         0.021331943
85               209                9         0.04306220         0.022011376
86               179                8         0.04469274         0.019207499
87               105                8         0.07619048         0.014717713
88               226               12         0.05309735         0.021729570
89               267               24         0.08988764         0.018468963
90               170                8         0.04705882         0.020217962
91               197               12         0.06091371         0.018806738
92               169                4         0.02366864         0.020057338
93               209                9         0.04306220         0.021607782
94               185               10         0.05405405         0.018811675
95                 8                0         0.00000000         0.009521791
96               240               16         0.06666667         0.020842457
97               154                9         0.05844156         0.018451566
98               189               10         0.05291005         0.020413856
99               187               11         0.05882353         0.020727602
100              193               12         0.06217617         0.018446401
    DEA.NTP.OnlyLine DEA.R.OnlyLine DEA.V.OnlyLine DEA.FDP.OnlyLine
1                 94             97              3      0.030927835
2                 90             91              1      0.010989011
3                 92             92              0      0.000000000
4                 86             87              1      0.011494253
5                 92             94              2      0.021276596
6                 83             83              0      0.000000000
7                 89             92              3      0.032608696
8                 69             69              0      0.000000000
9                 64             64              0      0.000000000
10                61             61              0      0.000000000
11                95             99              4      0.040404040
12                97             98              1      0.010204082
13                69             69              0      0.000000000
14                92             96              4      0.041666667
15                66             68              2      0.029411765
16                55             55              0      0.000000000
17                88             89              1      0.011235955
18               102            106              4      0.037735849
19               111            113              2      0.017699115
20                75             75              0      0.000000000
21                60             61              1      0.016393443
22                64             64              0      0.000000000
23                38             39              1      0.025641026
24                51             51              0      0.000000000
25                75             76              1      0.013157895
26               134            139              5      0.035971223
27                83             83              0      0.000000000
28                75             78              3      0.038461538
29               101            103              2      0.019417476
30                44             44              0      0.000000000
31                78             80              2      0.025000000
32                90             91              1      0.010989011
33                81             84              3      0.035714286
34                66             67              1      0.014925373
35                66             67              1      0.014925373
36                49             49              0      0.000000000
37                72             72              0      0.000000000
38               115            116              1      0.008620690
39                84             88              4      0.045454545
40                95             99              4      0.040404040
41                79             79              0      0.000000000
42                70             71              1      0.014084507
43                65             67              2      0.029850746
44                82             82              0      0.000000000
45                84             84              0      0.000000000
46                96            101              5      0.049504950
47                91             93              2      0.021505376
48                86             86              0      0.000000000
49                75             76              1      0.013157895
50               100            102              2      0.019607843
51                77             80              3      0.037500000
52                97             98              1      0.010204082
53                73             75              2      0.026666667
54                89             90              1      0.011111111
55                47             47              0      0.000000000
56                94             94              0      0.000000000
57               112            114              2      0.017543860
58                70             71              1      0.014084507
59                65             66              1      0.015151515
60                84             85              1      0.011764706
61                82             85              3      0.035294118
62                83             88              5      0.056818182
63                83             84              1      0.011904762
64                62             64              2      0.031250000
65                60             61              1      0.016393443
66               123            123              0      0.000000000
67               119            120              1      0.008333333
68                52             52              0      0.000000000
69               104            107              3      0.028037383
70                96             98              2      0.020408163
71                97             99              2      0.020202020
72                87             88              1      0.011363636
73                79             81              2      0.024691358
74                79             80              1      0.012500000
75                83             83              0      0.000000000
76                73             74              1      0.013513514
77                66             66              0      0.000000000
78                97             98              1      0.010204082
79                67             67              0      0.000000000
80                69             69              0      0.000000000
81                60             61              1      0.016393443
82                81             82              1      0.012195122
83                66             66              0      0.000000000
84                92             93              1      0.010752688
85                85             89              4      0.044943820
86                64             65              1      0.015384615
87               112            114              2      0.017543860
88                81             81              0      0.000000000
89                88             89              1      0.011235955
90                70             71              1      0.014084507
91                84             86              2      0.023255814
92                89             90              1      0.011111111
93               110            111              1      0.009009009
94                64             64              0      0.000000000
95                58             59              1      0.016949153
96                87             88              1      0.011363636
97                73             75              2      0.026666667
98                78             79              1      0.012658228
99                88             88              0      0.000000000
100               68             68              0      0.000000000
    DEA.PAUC.OnlyLine DEA.NTP.All DEA.R.All DEA.V.All DEA.FDP.All DEA.PAUC.All
1          0.01782361           0         0         0           0  0.002871608
2          0.01799312           0         0         0           0  0.002205803
3          0.02067650           1         1         0           0  0.003821164
4          0.01935188           0         0         0           0  0.003041282
5          0.02002245           0         0         0           0  0.003211248
6          0.01899074           0         0         0           0  0.002488101
7          0.01844169           0         0         0           0  0.002882027
8          0.01886876           0         0         0           0  0.003370424
9          0.01764447           0         0         0           0  0.002019845
10         0.01745051           0         0         0           0  0.003821791
11         0.01709343           0         0         0           0  0.002589843
12         0.01715859           0         0         0           0  0.002165751
13         0.01998250           0         0         0           0  0.002987902
14         0.01728260           0         1         1           1  0.002754650
15         0.01755348           0         0         0           0  0.002785656
16         0.01824575           1         1         0           0  0.002971376
17         0.02001521           0         0         0           0  0.002580750
18         0.01831783           0         0         0           0  0.003962781
19         0.02187437           0         0         0           0  0.002255871
20         0.01805633           0         0         0           0  0.003157344
21         0.01925511           0         0         0           0  0.002841650
22         0.01844523           0         0         0           0  0.003044984
23         0.01866996           0         0         0           0  0.002822773
24         0.01879398           0         0         0           0  0.002604871
25         0.01862636           0         0         0           0  0.002592590
26         0.01996252           0         0         0           0  0.003627407
27         0.01845516           0         0         0           0  0.003051640
28         0.01637826           0         0         0           0  0.003266531
29         0.01898517           0         0         0           0  0.002786749
30         0.01783825           1         1         0           0  0.002260571
31         0.01939495           0         0         0           0  0.003140478
32         0.01668876           0         0         0           0  0.002986982
33         0.01806184           0         0         0           0  0.002895869
34         0.01519080           0         0         0           0  0.003131094
35         0.02160684           0         0         0           0  0.002792477
36         0.01855506           0         0         0           0  0.003052462
37         0.02074370           0         0         0           0  0.002599986
38         0.02028878           0         0         0           0  0.003299918
39         0.01842304           0         0         0           0  0.003465987
40         0.02005345           0         0         0           0  0.002700245
41         0.01810234           0         0         0           0  0.003507872
42         0.01728166           1         1         0           0  0.002912998
43         0.01622092           0         0         0           0  0.003554989
44         0.01750233           0         0         0           0  0.002323912
45         0.02050742           0         1         1           1  0.002556066
46         0.01954556           1         1         0           0  0.003401718
47         0.02046569           0         0         0           0  0.004469763
48         0.01868324           0         0         0           0  0.002559267
49         0.01962288           0         0         0           0  0.003184012
50         0.01922948           0         0         0           0  0.002662214
51         0.01813311           0         0         0           0  0.003104572
52         0.01969138           0         0         0           0  0.002743007
53         0.01966568           0         0         0           0  0.003091156
54         0.01864449           0         0         0           0  0.003742600
55         0.01901577           0         0         0           0  0.003424346
56         0.02025303           0         0         0           0  0.002896849
57         0.01965433           0         0         0           0  0.002936383
58         0.01845656           0         0         0           0  0.003142844
59         0.01890079           0         0         0           0  0.003867205
60         0.01857727           0         0         0           0  0.002509937
61         0.01824848           2         2         0           0  0.003880723
62         0.01845215           0         1         1           1  0.002364767
63         0.01900285           0         0         0           0  0.003375561
64         0.01611141           0         0         0           0  0.001543243
65         0.01961152           0         0         0           0  0.002952541
66         0.02023482           0         0         0           0  0.003770168
67         0.01966602           0         0         0           0  0.003502297
68         0.01845201           0         0         0           0  0.003041173
69         0.01883127           0         0         0           0  0.003524711
70         0.01608829           0         0         0           0  0.002683574
71         0.02118014           1         1         0           0  0.003277765
72         0.01853653           1         1         0           0  0.003234210
73         0.02023720           0         0         0           0  0.003214556
74         0.01868671           2         2         0           0  0.003855654
75         0.01817820           1         1         0           0  0.002898481
76         0.01937611           0         0         0           0  0.002572115
77         0.01820626           0         0         0           0  0.003585552
78         0.01979914           0         0         0           0  0.003665637
79         0.02091803           0         0         0           0  0.002199166
80         0.01857546           0         0         0           0  0.003113607
81         0.01923693           0         0         0           0  0.003388666
82         0.01925752           1         1         0           0  0.002783797
83         0.01923409           1         1         0           0  0.002501294
84         0.01880200           0         0         0           0  0.002255050
85         0.02005596           0         0         0           0  0.003022905
86         0.01838487           0         1         1           1  0.003292919
87         0.01788312           0         0         0           0  0.003479797
88         0.02011387           0         0         0           0  0.003439525
89         0.01946244           0         0         0           0  0.002546223
90         0.01993781           0         0         0           0  0.002586566
91         0.01601960           0         0         0           0  0.002730781
92         0.01880732           0         0         0           0  0.002882688
93         0.01998635           0         0         0           0  0.003726368
94         0.01671675           1         1         0           0  0.003416103
95         0.01844256           0         0         0           0  0.002675871
96         0.02009607           0         0         0           0  0.002592357
97         0.01614617           0         0         0           0  0.003633366
98         0.02046543           0         0         0           0  0.001883617
99         0.01935415           0         0         0           0  0.003320482
100        0.01832621           0         0         0           0  0.002652714
    DEA.NTP.Oracle DEA.R.Oracle DEA.V.Oracle DEA.FDP.Oracle DEA.PAUC.Oracle
1              217          226            9     0.03982301      0.02104131
2              182          186            4     0.02150538      0.02036528
3              218          228           10     0.04385965      0.02115236
4              192          203           11     0.05418719      0.02072260
5              207          219           12     0.05479452      0.02216408
6              209          223           14     0.06278027      0.01940601
7              200          210           10     0.04761905      0.02048503
8              187          198           11     0.05555556      0.02011616
9              144          148            4     0.02702703      0.01955003
10             168          172            4     0.02325581      0.01996550
11             209          220           11     0.05000000      0.02009015
12             208          218           10     0.04587156      0.02097953
13             159          164            5     0.03048780      0.02331915
14             188          207           19     0.09178744      0.01961851
15             172          183           11     0.06010929      0.01932158
16             178          186            8     0.04301075      0.01946842
17             185          195           10     0.05128205      0.02175529
18             191          208           17     0.08173077      0.01846425
19             204          212            8     0.03773585      0.02267179
20             193          203           10     0.04926108      0.02023631
21             188          201           13     0.06467662      0.01897131
22             181          188            7     0.03723404      0.02190886
23             147          153            6     0.03921569      0.02014168
24             153          156            3     0.01923077      0.01974174
25             187          194            7     0.03608247      0.02006460
26             251          264           13     0.04924242      0.02365711
27             229          245           16     0.06530612      0.02159807
28             183          192            9     0.04687500      0.01956198
29             223          233           10     0.04291845      0.02205249
30             178          190           12     0.06315789      0.01987434
31             193          205           12     0.05853659      0.02114861
32             189          198            9     0.04545455      0.01964852
33             158          165            7     0.04242424      0.01980008
34             167          177           10     0.05649718      0.02003371
35             185          191            6     0.03141361      0.02442673
36             150          153            3     0.01960784      0.02132980
37             177          183            6     0.03278689      0.02109635
38             219          234           15     0.06410256      0.02204707
39             170          182           12     0.06593407      0.02036974
40             191          201           10     0.04975124      0.02214104
41             158          165            7     0.04242424      0.01993321
42             166          171            5     0.02923977      0.02239965
43             158          164            6     0.03658537      0.01851823
44             171          177            6     0.03389831      0.02166312
45             194          202            8     0.03960396      0.02092558
46             194          211           17     0.08056872      0.01884781
47             200          212           12     0.05660377      0.02008433
48             172          175            3     0.01714286      0.02099185
49             198          205            7     0.03414634      0.02010036
50             200          210           10     0.04761905      0.02175215
51             188          196            8     0.04081633      0.02032017
52             204          214           10     0.04672897      0.02088404
53             212          225           13     0.05777778      0.02018535
54             164          170            6     0.03529412      0.02114076
55             171          178            7     0.03932584      0.02105458
56             214          222            8     0.03603604      0.02303837
57             213          218            5     0.02293578      0.02134732
58             158          161            3     0.01863354      0.01890863
59             157          164            7     0.04268293      0.02163252
60             195          197            2     0.01015228      0.02124737
61             186          194            8     0.04123711      0.02201175
62             180          187            7     0.03743316      0.01956548
63             196          209           13     0.06220096      0.02177397
64             164          170            6     0.03529412      0.01986492
65             187          197           10     0.05076142      0.01985391
66             240          252           12     0.04761905      0.02234165
67             231          242           11     0.04545455      0.02116432
68             196          208           12     0.05769231      0.01928976
69             193          208           15     0.07211538      0.01953838
70             182          194           12     0.06185567      0.01712706
71             214          223            9     0.04035874      0.02207829
72             181          195           14     0.07179487      0.01831487
73             223          234           11     0.04700855      0.02195082
74             150          156            6     0.03846154      0.01980191
75             181          183            2     0.01092896      0.02111406
76             166          170            4     0.02352941      0.02230134
77             166          171            5     0.02923977      0.01995804
78             212          222           10     0.04504505      0.02013516
79             206          220           14     0.06363636      0.01995649
80             179          192           13     0.06770833      0.01845983
81             173          176            3     0.01704545      0.02146401
82             212          224           12     0.05357143      0.02135658
83             209          216            7     0.03240741      0.02097893
84             205          215           10     0.04651163      0.02133194
85             200          209            9     0.04306220      0.02201138
86             171          179            8     0.04469274      0.01920750
87             207          225           18     0.08000000      0.02017709
88             214          226           12     0.05309735      0.02172957
89             243          267           24     0.08988764      0.01846896
90             162          170            8     0.04705882      0.02021796
91             185          197           12     0.06091371      0.01880674
92             182          186            4     0.02150538      0.02121624
93             200          209            9     0.04306220      0.02160778
94             175          185           10     0.05405405      0.01881167
95             166          176           10     0.05681818      0.02069460
96             224          240           16     0.06666667      0.02084246
97             145          154            9     0.05844156      0.01845157
98             179          189           10     0.05291005      0.02041386
99             176          187           11     0.05882353      0.02072760
100            181          193           12     0.06217617      0.01844640

     user    system   elapsed 
66253.357  1147.636  4565.863 
