Running task ID: 2
Job ID: 4653270
Node: d6-w6420b-18
[1] "Running scenario 2"
Option= OWN , B= 100 , m= 3 , alpha0 =  0.05 
Option= OWN , B= 100 , m= 3  runs in  35.943  s
No significant surrogate variables
Number of significant surrogate variables is:  4 
Iteration (out of 5 ):1  2  3  4  5  No significant surrogate variables
Option= OWN , B= 100 , m= 3 , alpha0 =  0.05 
Option= OWN , B= 100 , m= 3  runs in  35.871  s
Number of significant surrogate variables is:  1 
Iteration (out of 5 ):1  2  3  4  5  Number of significant surrogate variables is:  3 
Iteration (out of 5 ):1  2  3  4  5  No significant surrogate variables
Option= OWN , B= 100 , m= 3 , alpha0 =  0.05 
Option= OWN , B= 100 , m= 3  runs in  37.763  s
No significant surrogate variables
Number of significant surrogate variables is:  3 
Iteration (out of 5 ):1  2  3  4  5  No significant surrogate variables
Option= OWN , B= 100 , m= 3 , alpha0 =  0.05 
Option= OWN , B= 100 , m= 3  runs in  37.161  s
Number of significant surrogate variables is:  1 
Iteration (out of 5 ):1  2  3  4  5  Number of significant surrogate variables is:  3 
Iteration (out of 5 ):1  2  3  4  5  No significant surrogate variables
Option= OWN , B= 100 , m= 3 , alpha0 =  0.05 
Option= OWN , B= 100 , m= 3  runs in  35.982  s
Number of significant surrogate variables is:  5 
Iteration (out of 5 ):1  2  3  4  5  Number of significant surrogate variables is:  2 
Iteration (out of 5 ):1  2  3  4  5  No significant surrogate variables
Option= OWN , B= 100 , m= 3 , alpha0 =  0.05 
Option= OWN , B= 100 , m= 3  runs in  38.795  s
No significant surrogate variables
Number of significant surrogate variables is:  4 
Iteration (out of 5 ):1  2  3  4  5  No significant surrogate variables
Option= OWN , B= 100 , m= 3 , alpha0 =  0.05 
Option= OWN , B= 100 , m= 3  runs in  35.904  s
Number of significant surrogate variables is:  1 
Iteration (out of 5 ):1  2  3  4  5  Number of significant surrogate variables is:  2 
Iteration (out of 5 ):1  2  3  4  5  No significant surrogate variables
Option= OWN , B= 100 , m= 3 , alpha0 =  0.05 
Option= OWN , B= 100 , m= 3  runs in  37.06  s
No significant surrogate variables
Number of significant surrogate variables is:  3 
Iteration (out of 5 ):1  2  3  4  5  No significant surrogate variables
Option= OWN , B= 100 , m= 3 , alpha0 =  0.05 
Option= OWN , B= 100 , m= 3  runs in  37.802  s
No significant surrogate variables
Number of significant surrogate variables is:  2 
Iteration (out of 5 ):1  2  3  4  5  Number of significant surrogate variables is:  3 
Iteration (out of 5 ):1  2  3  4  5  Option= OWN , B= 100 , m= 3 , alpha0 =  0.05 
Option= OWN , B= 100 , m= 3  runs in  46.625  s
Option= OWN , B= 100 , m= 3 , alpha0 =  0.05 
Option= OWN , B= 100 , m= 3  runs in  37.965  s
Number of significant surrogate variables is:  1 
Iteration (out of 5 ):1  2  3  4  5  Number of significant surrogate variables is:  3 
Iteration (out of 5 ):1  2  3  4  5  No significant surrogate variables
Option= OWN , B= 100 , m= 3 , alpha0 =  0.05 
Option= OWN , B= 100 , m= 3  runs in  38.354  s
Number of significant surrogate variables is:  1 
Iteration (out of 5 ):1  2  3  4  5  Number of significant surrogate variables is:  3 
Iteration (out of 5 ):1  2  3  4  5  No significant surrogate variables
Option= OWN , B= 100 , m= 3 , alpha0 =  0.05 
Option= OWN , B= 100 , m= 3  runs in  33.576  s
Number of significant surrogate variables is:  7 
Iteration (out of 5 ):1  2  3  4  5  Number of significant surrogate variables is:  2 
Iteration (out of 5 ):1  2  3  4  5  No significant surrogate variables
Option= OWN , B= 100 , m= 3 , alpha0 =  0.05 
Option= OWN , B= 100 , m= 3  runs in  34.103  s
Number of significant surrogate variables is:  1 
Iteration (out of 5 ):1  2  3  4  5  Number of significant surrogate variables is:  3 
Iteration (out of 5 ):1  2  3  4  5  Number of significant surrogate variables is:  1 
Iteration (out of 5 ):1  2  3  4  5  Option= OWN , B= 100 , m= 3 , alpha0 =  0.05 
Option= OWN , B= 100 , m= 3  runs in  39.325  s
Option= OWN , B= 100 , m= 3 , alpha0 =  0.05 
Option= OWN , B= 100 , m= 3  runs in  39.355  s
No significant surrogate variables
Number of significant surrogate variables is:  3 
Iteration (out of 5 ):1  2  3  4  5  No significant surrogate variables
Option= OWN , B= 100 , m= 3 , alpha0 =  0.05 
Option= OWN , B= 100 , m= 3  runs in  36.959  s
Number of significant surrogate variables is:  1 
Iteration (out of 5 ):1  2  3  4  5  Number of significant surrogate variables is:  3 
Iteration (out of 5 ):1  2  3  4  5  Number of significant surrogate variables is:  1 
Iteration (out of 5 ):1  2  3  4  5  Option= OWN , B= 100 , m= 3 , alpha0 =  0.05 
Option= OWN , B= 100 , m= 3  runs in  40.308  s
Option= OWN , B= 100 , m= 3 , alpha0 =  0.05 
Option= OWN , B= 100 , m= 3  runs in  35.326  s
No significant surrogate variables
Number of significant surrogate variables is:  2 
Iteration (out of 5 ):1  2  3  4  5  No significant surrogate variables
Option= OWN , B= 100 , m= 3 , alpha0 =  0.05 
Option= OWN , B= 100 , m= 3  runs in  36.066  s
No significant surrogate variables
Number of significant surrogate variables is:  2 
Iteration (out of 5 ):1  2  3  4  5  No significant surrogate variables
Option= OWN , B= 100 , m= 3 , alpha0 =  0.05 
Option= OWN , B= 100 , m= 3  runs in  36.078  s
Number of significant surrogate variables is:  4 
Iteration (out of 5 ):1  2  3  4  5  Number of significant surrogate variables is:  3 
Iteration (out of 5 ):1  2  3  4  5  No significant surrogate variables
Option= OWN , B= 100 , m= 3 , alpha0 =  0.05 
Option= OWN , B= 100 , m= 3  runs in  36.687  s
No significant surrogate variables
Number of significant surrogate variables is:  2 
Iteration (out of 5 ):1  2  3  4  5  No significant surrogate variables
Option= OWN , B= 100 , m= 3 , alpha0 =  0.05 
Option= OWN , B= 100 , m= 3  runs in  35.092  s
No significant surrogate variables
Number of significant surrogate variables is:  2 
Iteration (out of 5 ):1  2  3  4  5  No significant surrogate variables
Option= OWN , B= 100 , m= 3 , alpha0 =  0.05 
Option= OWN , B= 100 , m= 3  runs in  35.585  s
Number of significant surrogate variables is:  13 
Iteration (out of 5 ):1  2  3  4  5  Number of significant surrogate variables is:  2 
Iteration (out of 5 ):1  2  3  4  5  No significant surrogate variables
Option= OWN , B= 100 , m= 3 , alpha0 =  0.05 
Option= OWN , B= 100 , m= 3  runs in  38.94  s
No significant surrogate variables
Number of significant surrogate variables is:  2 
Iteration (out of 5 ):1  2  3  4  5  No significant surrogate variables
Option= OWN , B= 100 , m= 3 , alpha0 =  0.05 
Option= OWN , B= 100 , m= 3  runs in  36.248  s
No significant surrogate variables
Number of significant surrogate variables is:  2 
Iteration (out of 5 ):1  2  3  4  5  No significant surrogate variables
Option= OWN , B= 100 , m= 3 , alpha0 =  0.05 
Option= OWN , B= 100 , m= 3  runs in  36.223  s
Number of significant surrogate variables is:  6 
Iteration (out of 5 ):1  2  3  4  5  Number of significant surrogate variables is:  2 
Iteration (out of 5 ):1  2  3  4  5  No significant surrogate variables
Option= OWN , B= 100 , m= 3 , alpha0 =  0.05 
Option= OWN , B= 100 , m= 3  runs in  33.805  s
No significant surrogate variables
Number of significant surrogate variables is:  2 
Iteration (out of 5 ):1  2  3  4  5  No significant surrogate variables
Option= OWN , B= 100 , m= 3 , alpha0 =  0.05 
Option= OWN , B= 100 , m= 3  runs in  35.974  s
No significant surrogate variables
Number of significant surrogate variables is:  2 
Iteration (out of 5 ):1  2  3  4  5  No significant surrogate variables
Option= OWN , B= 100 , m= 3 , alpha0 =  0.05 
Option= OWN , B= 100 , m= 3  runs in  36.451  s
Number of significant surrogate variables is:  5 
Iteration (out of 5 ):1  2  3  4  5  Number of significant surrogate variables is:  3 
Iteration (out of 5 ):1  2  3  4  5  No significant surrogate variables
Option= OWN , B= 100 , m= 3 , alpha0 =  0.05 
Option= OWN , B= 100 , m= 3  runs in  37.004  s
No significant surrogate variables
Number of significant surrogate variables is:  2 
Iteration (out of 5 ):1  2  3  4  5  No significant surrogate variables
Option= OWN , B= 100 , m= 3 , alpha0 =  0.05 
Option= OWN , B= 100 , m= 3  runs in  35.636  s
No significant surrogate variables
Number of significant surrogate variables is:  3 
Iteration (out of 5 ):1  2  3  4  5  No significant surrogate variables
Option= OWN , B= 100 , m= 3 , alpha0 =  0.05 
Option= OWN , B= 100 , m= 3  runs in  37.754  s
Number of significant surrogate variables is:  10 
Iteration (out of 5 ):1  2  3  4  5  Number of significant surrogate variables is:  4 
Iteration (out of 5 ):1  2  3  4  5  No significant surrogate variables
Option= OWN , B= 100 , m= 3 , alpha0 =  0.05 
Option= OWN , B= 100 , m= 3  runs in  38.111  s
No significant surrogate variables
Number of significant surrogate variables is:  2 
Iteration (out of 5 ):1  2  3  4  5  No significant surrogate variables
Option= OWN , B= 100 , m= 3 , alpha0 =  0.05 
Option= OWN , B= 100 , m= 3  runs in  37.882  s
No significant surrogate variables
Number of significant surrogate variables is:  2 
Iteration (out of 5 ):1  2  3  4  5  No significant surrogate variables
Option= OWN , B= 100 , m= 3 , alpha0 =  0.05 
Option= OWN , B= 100 , m= 3  runs in  35.174  s
No significant surrogate variables
Number of significant surrogate variables is:  3 
Iteration (out of 5 ):1  2  3  4  5  No significant surrogate variables
Option= OWN , B= 100 , m= 3 , alpha0 =  0.05 
Option= OWN , B= 100 , m= 3  runs in  36.217  s
No significant surrogate variables
Number of significant surrogate variables is:  4 
Iteration (out of 5 ):1  2  3  4  5  No significant surrogate variables
Option= OWN , B= 100 , m= 3 , alpha0 =  0.05 
Option= OWN , B= 100 , m= 3  runs in  35.635  s
Number of significant surrogate variables is:  1 
Iteration (out of 5 ):1  2  3  4  5  Number of significant surrogate variables is:  3 
Iteration (out of 5 ):1  2  3  4  5  No significant surrogate variables
Option= OWN , B= 100 , m= 3 , alpha0 =  0.05 
Option= OWN , B= 100 , m= 3  runs in  35.632  s
No significant surrogate variables
Number of significant surrogate variables is:  4 
Iteration (out of 5 ):1  2  3  4  5  No significant surrogate variables
Option= OWN , B= 100 , m= 3 , alpha0 =  0.05 
Option= OWN , B= 100 , m= 3  runs in  34.409  s
No significant surrogate variables
Number of significant surrogate variables is:  2 
Iteration (out of 5 ):1  2  3  4  5  No significant surrogate variables
Option= OWN , B= 100 , m= 3 , alpha0 =  0.05 
Option= OWN , B= 100 , m= 3  runs in  37.886  s
No significant surrogate variables
Number of significant surrogate variables is:  4 
Iteration (out of 5 ):1  2  3  4  5  No significant surrogate variables
Option= OWN , B= 100 , m= 3 , alpha0 =  0.05 
Option= OWN , B= 100 , m= 3  runs in  35.849  s
No significant surrogate variables
Number of significant surrogate variables is:  3 
Iteration (out of 5 ):1  2  3  4  5  No significant surrogate variables
Option= OWN , B= 100 , m= 3 , alpha0 =  0.05 
Option= OWN , B= 100 , m= 3  runs in  34.194  s
Number of significant surrogate variables is:  7 
Iteration (out of 5 ):1  2  3  4  5  Number of significant surrogate variables is:  2 
Iteration (out of 5 ):1  2  3  4  5  No significant surrogate variables
Option= OWN , B= 100 , m= 3 , alpha0 =  0.05 
Option= OWN , B= 100 , m= 3  runs in  38.382  s
No significant surrogate variables
Number of significant surrogate variables is:  3 
Iteration (out of 5 ):1  2  3  4  5  No significant surrogate variables
Option= OWN , B= 100 , m= 3 , alpha0 =  0.05 
Option= OWN , B= 100 , m= 3  runs in  37.171  s
No significant surrogate variables
Number of significant surrogate variables is:  2 
Iteration (out of 5 ):1  2  3  4  5  No significant surrogate variables
Option= OWN , B= 100 , m= 3 , alpha0 =  0.05 
Option= OWN , B= 100 , m= 3  runs in  37.758  s
No significant surrogate variables
Number of significant surrogate variables is:  2 
Iteration (out of 5 ):1  2  3  4  5  No significant surrogate variables
Option= OWN , B= 100 , m= 3 , alpha0 =  0.05 
Option= OWN , B= 100 , m= 3  runs in  37.474  s
Number of significant surrogate variables is:  1 
Iteration (out of 5 ):1  2  3  4  5  Number of significant surrogate variables is:  3 
Iteration (out of 5 ):1  2  3  4  5  No significant surrogate variables
Option= OWN , B= 100 , m= 3 , alpha0 =  0.05 
Option= OWN , B= 100 , m= 3  runs in  37.752  s
Number of significant surrogate variables is:  5 
Iteration (out of 5 ):1  2  3  4  5  Number of significant surrogate variables is:  2 
Iteration (out of 5 ):1  2  3  4  5  No significant surrogate variables
Option= OWN , B= 100 , m= 3 , alpha0 =  0.05 
Option= OWN , B= 100 , m= 3  runs in  37.527  s
Number of significant surrogate variables is:  1 
Iteration (out of 5 ):1  2  3  4  5  Number of significant surrogate variables is:  2 
Iteration (out of 5 ):1  2  3  4  5  No significant surrogate variables
Option= OWN , B= 100 , m= 3 , alpha0 =  0.05 
Option= OWN , B= 100 , m= 3  runs in  35.064  s
No significant surrogate variables
Number of significant surrogate variables is:  5 
Iteration (out of 5 ):1  2  3  4  5  No significant surrogate variables
Option= OWN , B= 100 , m= 3 , alpha0 =  0.05 
Option= OWN , B= 100 , m= 3  runs in  35.643  s
Number of significant surrogate variables is:  1 
Iteration (out of 5 ):1  2  3  4  5  Number of significant surrogate variables is:  3 
Iteration (out of 5 ):1  2  3  4  5  No significant surrogate variables
Option= OWN , B= 100 , m= 3 , alpha0 =  0.05 
Option= OWN , B= 100 , m= 3  runs in  39.325  s
No significant surrogate variables
Number of significant surrogate variables is:  3 
Iteration (out of 5 ):1  2  3  4  5  No significant surrogate variables
Option= OWN , B= 100 , m= 3 , alpha0 =  0.05 
Option= OWN , B= 100 , m= 3  runs in  38.61  s
No significant surrogate variables
Number of significant surrogate variables is:  2 
Iteration (out of 5 ):1  2  3  4  5  No significant surrogate variables
Option= OWN , B= 100 , m= 3 , alpha0 =  0.05 
Option= OWN , B= 100 , m= 3  runs in  38.345  s
No significant surrogate variables
Number of significant surrogate variables is:  2 
Iteration (out of 5 ):1  2  3  4  5  No significant surrogate variables
Option= OWN , B= 100 , m= 3 , alpha0 =  0.05 
Option= OWN , B= 100 , m= 3  runs in  36.785  s
Number of significant surrogate variables is:  3 
Iteration (out of 5 ):1  2  3  4  5  Number of significant surrogate variables is:  4 
Iteration (out of 5 ):1  2  3  4  5  No significant surrogate variables
Option= OWN , B= 100 , m= 3 , alpha0 =  0.05 
Option= OWN , B= 100 , m= 3  runs in  36.613  s
Number of significant surrogate variables is:  3 
Iteration (out of 5 ):1  2  3  4  5  Number of significant surrogate variables is:  2 
Iteration (out of 5 ):1  2  3  4  5  No significant surrogate variables
Option= OWN , B= 100 , m= 3 , alpha0 =  0.05 
Option= OWN , B= 100 , m= 3  runs in  35.181  s
Number of significant surrogate variables is:  8 
Iteration (out of 5 ):1  2  3  4  5  Number of significant surrogate variables is:  2 
Iteration (out of 5 ):1  2  3  4  5  No significant surrogate variables
Option= OWN , B= 100 , m= 3 , alpha0 =  0.05 
Option= OWN , B= 100 , m= 3  runs in  38.725  s
No significant surrogate variables
Number of significant surrogate variables is:  3 
Iteration (out of 5 ):1  2  3  4  5  No significant surrogate variables
Option= OWN , B= 100 , m= 3 , alpha0 =  0.05 
Option= OWN , B= 100 , m= 3  runs in  38.33  s
No significant surrogate variables
Number of significant surrogate variables is:  2 
Iteration (out of 5 ):1  2  3  4  5  No significant surrogate variables
Option= OWN , B= 100 , m= 3 , alpha0 =  0.05 
Option= OWN , B= 100 , m= 3  runs in  36.189  s
No significant surrogate variables
Number of significant surrogate variables is:  4 
Iteration (out of 5 ):1  2  3  4  5  No significant surrogate variables
Option= OWN , B= 100 , m= 3 , alpha0 =  0.05 
Option= OWN , B= 100 , m= 3  runs in  37.502  s
No significant surrogate variables
Number of significant surrogate variables is:  2 
Iteration (out of 5 ):1  2  3  4  5  No significant surrogate variables
Option= OWN , B= 100 , m= 3 , alpha0 =  0.05 
Option= OWN , B= 100 , m= 3  runs in  35.634  s
No significant surrogate variables
Number of significant surrogate variables is:  2 
Iteration (out of 5 ):1  2  3  4  5  No significant surrogate variables
Option= OWN , B= 100 , m= 3 , alpha0 =  0.05 
Option= OWN , B= 100 , m= 3  runs in  35.906  s
No significant surrogate variables
Number of significant surrogate variables is:  2 
Iteration (out of 5 ):1  2  3  4  5  No significant surrogate variables
Option= OWN , B= 100 , m= 3 , alpha0 =  0.05 
Option= OWN , B= 100 , m= 3  runs in  34.016  s
Number of significant surrogate variables is:  10 
Iteration (out of 5 ):1  2  3  4  5  Number of significant surrogate variables is:  2 
Iteration (out of 5 ):1  2  3  4  5  No significant surrogate variables
Option= OWN , B= 100 , m= 3 , alpha0 =  0.05 
Option= OWN , B= 100 , m= 3  runs in  37.74  s
No significant surrogate variables
Number of significant surrogate variables is:  2 
Iteration (out of 5 ):1  2  3  4  5  No significant surrogate variables
Option= OWN , B= 100 , m= 3 , alpha0 =  0.05 
Option= OWN , B= 100 , m= 3  runs in  35.8  s
No significant surrogate variables
Number of significant surrogate variables is:  2 
Iteration (out of 5 ):1  2  3  4  5  No significant surrogate variables
Option= OWN , B= 100 , m= 3 , alpha0 =  0.05 
Option= OWN , B= 100 , m= 3  runs in  37.635  s
Number of significant surrogate variables is:  1 
Iteration (out of 5 ):1  2  3  4  5  Number of significant surrogate variables is:  3 
Iteration (out of 5 ):1  2  3  4  5  No significant surrogate variables
Option= OWN , B= 100 , m= 3 , alpha0 =  0.05 
Option= OWN , B= 100 , m= 3  runs in  38.507  s
No significant surrogate variables
Number of significant surrogate variables is:  2 
Iteration (out of 5 ):1  2  3  4  5  No significant surrogate variables
Option= OWN , B= 100 , m= 3 , alpha0 =  0.05 
Option= OWN , B= 100 , m= 3  runs in  36.668  s
No significant surrogate variables
Number of significant surrogate variables is:  2 
Iteration (out of 5 ):1  2  3  4  5  No significant surrogate variables
Option= OWN , B= 100 , m= 3 , alpha0 =  0.05 
Option= OWN , B= 100 , m= 3  runs in  37.963  s
Number of significant surrogate variables is:  2 
Iteration (out of 5 ):1  2  3  4  5  Number of significant surrogate variables is:  2 
Iteration (out of 5 ):1  2  3  4  5  No significant surrogate variables
Option= OWN , B= 100 , m= 3 , alpha0 =  0.05 
Option= OWN , B= 100 , m= 3  runs in  36.824  s
No significant surrogate variables
Number of significant surrogate variables is:  3 
Iteration (out of 5 ):1  2  3  4  5  No significant surrogate variables
Option= OWN , B= 100 , m= 3 , alpha0 =  0.05 
Option= OWN , B= 100 , m= 3  runs in  33.871  s
Number of significant surrogate variables is:  6 
Iteration (out of 5 ):1  2  3  4  5  Number of significant surrogate variables is:  3 
Iteration (out of 5 ):1  2  3  4  5  No significant surrogate variables
Option= OWN , B= 100 , m= 3 , alpha0 =  0.05 
Option= OWN , B= 100 , m= 3  runs in  36.498  s
Number of significant surrogate variables is:  12 
Iteration (out of 5 ):1  2  3  4  5  Number of significant surrogate variables is:  3 
Iteration (out of 5 ):1  2  3  4  5  No significant surrogate variables
Option= OWN , B= 100 , m= 3 , alpha0 =  0.05 
Option= OWN , B= 100 , m= 3  runs in  36.257  s
No significant surrogate variables
Number of significant surrogate variables is:  2 
Iteration (out of 5 ):1  2  3  4  5  No significant surrogate variables
Option= OWN , B= 100 , m= 3 , alpha0 =  0.05 
Option= OWN , B= 100 , m= 3  runs in  38.573  s
No significant surrogate variables
Number of significant surrogate variables is:  3 
Iteration (out of 5 ):1  2  3  4  5  No significant surrogate variables
Option= OWN , B= 100 , m= 3 , alpha0 =  0.05 
Option= OWN , B= 100 , m= 3  runs in  36.699  s
Number of significant surrogate variables is:  1 
Iteration (out of 5 ):1  2  3  4  5  Number of significant surrogate variables is:  3 
Iteration (out of 5 ):1  2  3  4  5  No significant surrogate variables
Option= OWN , B= 100 , m= 3 , alpha0 =  0.05 
Option= OWN , B= 100 , m= 3  runs in  35.206  s
No significant surrogate variables
Number of significant surrogate variables is:  2 
Iteration (out of 5 ):1  2  3  4  5  No significant surrogate variables
Option= OWN , B= 100 , m= 3 , alpha0 =  0.05 
Option= OWN , B= 100 , m= 3  runs in  37.79  s
No significant surrogate variables
Number of significant surrogate variables is:  2 
Iteration (out of 5 ):1  2  3  4  5  No significant surrogate variables
Option= OWN , B= 100 , m= 3 , alpha0 =  0.05 
Option= OWN , B= 100 , m= 3  runs in  34.645  s
Number of significant surrogate variables is:  3 
Iteration (out of 5 ):1  2  3  4  5  Number of significant surrogate variables is:  3 
Iteration (out of 5 ):1  2  3  4  5  Number of significant surrogate variables is:  1 
Iteration (out of 5 ):1  2  3  4  5  Option= OWN , B= 100 , m= 3 , alpha0 =  0.05 
Option= OWN , B= 100 , m= 3  runs in  38.099  s
Option= OWN , B= 100 , m= 3 , alpha0 =  0.05 
Option= OWN , B= 100 , m= 3  runs in  38.586  s
No significant surrogate variables
Number of significant surrogate variables is:  2 
Iteration (out of 5 ):1  2  3  4  5  No significant surrogate variables
Option= OWN , B= 100 , m= 3 , alpha0 =  0.05 
Option= OWN , B= 100 , m= 3  runs in  37.374  s
No significant surrogate variables
Number of significant surrogate variables is:  3 
Iteration (out of 5 ):1  2  3  4  5  No significant surrogate variables
Option= OWN , B= 100 , m= 3 , alpha0 =  0.05 
Option= OWN , B= 100 , m= 3  runs in  36.709  s
Number of significant surrogate variables is:  9 
Iteration (out of 5 ):1  2  3  4  5  Number of significant surrogate variables is:  2 
Iteration (out of 5 ):1  2  3  4  5  No significant surrogate variables
Option= OWN , B= 100 , m= 3 , alpha0 =  0.05 
Option= OWN , B= 100 , m= 3  runs in  36.626  s
No significant surrogate variables
Number of significant surrogate variables is:  2 
Iteration (out of 5 ):1  2  3  4  5  No significant surrogate variables
Option= OWN , B= 100 , m= 3 , alpha0 =  0.05 
Option= OWN , B= 100 , m= 3  runs in  35.025  s
No significant surrogate variables
Number of significant surrogate variables is:  3 
Iteration (out of 5 ):1  2  3  4  5  No significant surrogate variables
Option= OWN , B= 100 , m= 3 , alpha0 =  0.05 
Option= OWN , B= 100 , m= 3  runs in  36.031  s
No significant surrogate variables
Number of significant surrogate variables is:  3 
Iteration (out of 5 ):1  2  3  4  5  No significant surrogate variables
Option= OWN , B= 100 , m= 3 , alpha0 =  0.05 
Option= OWN , B= 100 , m= 3  runs in  34.308  s
Number of significant surrogate variables is:  7 
Iteration (out of 5 ):1  2  3  4  5  Number of significant surrogate variables is:  3 
Iteration (out of 5 ):1  2  3  4  5  No significant surrogate variables
Option= OWN , B= 100 , m= 3 , alpha0 =  0.05 
Option= OWN , B= 100 , m= 3  runs in  36.618  s
Number of significant surrogate variables is:  3 
Iteration (out of 5 ):1  2  3  4  5  Number of significant surrogate variables is:  3 
Iteration (out of 5 ):1  2  3  4  5  No significant surrogate variables
Option= OWN , B= 100 , m= 3 , alpha0 =  0.05 
Option= OWN , B= 100 , m= 3  runs in  38.766  s
Number of significant surrogate variables is:  1 
Iteration (out of 5 ):1  2  3  4  5  Number of significant surrogate variables is:  3 
Iteration (out of 5 ):1  2  3  4  5  No significant surrogate variables
Option= OWN , B= 100 , m= 3 , alpha0 =  0.05 
Option= OWN , B= 100 , m= 3  runs in  35.643  s
No significant surrogate variables
Number of significant surrogate variables is:  2 
Iteration (out of 5 ):1  2  3  4  5  No significant surrogate variables
Option= OWN , B= 100 , m= 3 , alpha0 =  0.05 
Option= OWN , B= 100 , m= 3  runs in  38.144  s
No significant surrogate variables
Number of significant surrogate variables is:  2 
Iteration (out of 5 ):1  2  3  4  5  No significant surrogate variables
Option= OWN , B= 100 , m= 3 , alpha0 =  0.05 
Option= OWN , B= 100 , m= 3  runs in  35.391  s
No significant surrogate variables
Number of significant surrogate variables is:  2 
Iteration (out of 5 ):1  2  3  4  5  No significant surrogate variables
Option= OWN , B= 100 , m= 3 , alpha0 =  0.05 
Option= OWN , B= 100 , m= 3  runs in  35.531  s
Number of significant surrogate variables is:  2 
Iteration (out of 5 ):1  2  3  4  5  Number of significant surrogate variables is:  3 
Iteration (out of 5 ):1  2  3  4  5  No significant surrogate variables
Option= OWN , B= 100 , m= 3 , alpha0 =  0.05 
Option= OWN , B= 100 , m= 3  runs in  36.326  s
Number of significant surrogate variables is:  1 
Iteration (out of 5 ):1  2  3  4  5  Number of significant surrogate variables is:  2 
Iteration (out of 5 ):1  2  3  4  5  No significant surrogate variables
Option= OWN , B= 100 , m= 3 , alpha0 =  0.05 
Option= OWN , B= 100 , m= 3  runs in  35.404  s
No significant surrogate variables
Number of significant surrogate variables is:  2 
Iteration (out of 5 ):1  2  3  4  5  No significant surrogate variables
Option= OWN , B= 100 , m= 3 , alpha0 =  0.05 
Option= OWN , B= 100 , m= 3  runs in  34.616  s
Number of significant surrogate variables is:  2 
Iteration (out of 5 ):1  2  3  4  5  Number of significant surrogate variables is:  3 
Iteration (out of 5 ):1  2  3  4  5  No significant surrogate variables
Option= OWN , B= 100 , m= 3 , alpha0 =  0.05 
Option= OWN , B= 100 , m= 3  runs in  35.676  s
No significant surrogate variables
Number of significant surrogate variables is:  2 
Iteration (out of 5 ):1  2  3  4  5  Number of significant surrogate variables is:  1 
Iteration (out of 5 ):1  2  3  4  5  Option= OWN , B= 100 , m= 3 , alpha0 =  0.05 
Option= OWN , B= 100 , m= 3  runs in  38.987  s
Option= OWN , B= 100 , m= 3 , alpha0 =  0.05 
Option= OWN , B= 100 , m= 3  runs in  37.547  s
Number of significant surrogate variables is:  1 
Iteration (out of 5 ):1  2  3  4  5  Number of significant surrogate variables is:  3 
Iteration (out of 5 ):1  2  3  4  5  No significant surrogate variables
Option= OWN , B= 100 , m= 3 , alpha0 =  0.05 
Option= OWN , B= 100 , m= 3  runs in  35.092  s
Number of significant surrogate variables is:  6 
Iteration (out of 5 ):1  2  3  4  5  Number of significant surrogate variables is:  3 
Iteration (out of 5 ):1  2  3  4  5  No significant surrogate variables
Option= OWN , B= 100 , m= 3 , alpha0 =  0.05 
Option= OWN , B= 100 , m= 3  runs in  38.145  s
No significant surrogate variables
Number of significant surrogate variables is:  3 
Iteration (out of 5 ):1  2  3  4  5  No significant surrogate variables
Option= OWN , B= 100 , m= 3 , alpha0 =  0.05 
Option= OWN , B= 100 , m= 3  runs in  34.037  s
No significant surrogate variables
Number of significant surrogate variables is:  2 
Iteration (out of 5 ):1  2  3  4  5  No significant surrogate variables
Option= OWN , B= 100 , m= 3 , alpha0 =  0.05 
Option= OWN , B= 100 , m= 3  runs in  36.776  s
No significant surrogate variables
Number of significant surrogate variables is:  4 
Iteration (out of 5 ):1  2  3  4  5  No significant surrogate variables
Option= OWN , B= 100 , m= 3 , alpha0 =  0.05 
Option= OWN , B= 100 , m= 3  runs in  37.185  s
No significant surrogate variables
Number of significant surrogate variables is:  3 
Iteration (out of 5 ):1  2  3  4  5  Number of significant surrogate variables is:  1 
Iteration (out of 5 ):1  2  3  4  5  Option= OWN , B= 100 , m= 3 , alpha0 =  0.05 
Option= OWN , B= 100 , m= 3  runs in  41.877  s
Option= OWN , B= 100 , m= 3 , alpha0 =  0.05 
Option= OWN , B= 100 , m= 3  runs in  37.098  s
Number of significant surrogate variables is:  1 
Iteration (out of 5 ):1  2  3  4  5  Number of significant surrogate variables is:  3 
Iteration (out of 5 ):1  2  3  4  5  Number of significant surrogate variables is:  1 
Iteration (out of 5 ):1  2  3  4  5  Option= OWN , B= 100 , m= 3 , alpha0 =  0.05 
Option= OWN , B= 100 , m= 3  runs in  41.072  s
$TrueSelCov
[1] "mono"  "Concb"

$nSimSelCov
    FSR.S.OWN.RE FSR.R.OWN.RE FSR.U.OWN.RE FSR.FSP.OWN.RE DEA.NTP.OnlyFSR
1              2            2            0      0.0000000             142
2              2            2            0      0.0000000             132
3              2            3            1      0.2500000             186
4              2            2            0      0.0000000             107
5              2            2            0      0.0000000             151
6              2            2            0      0.0000000             151
7              2            2            0      0.0000000             147
8              2            2            0      0.0000000             117
9              2            2            0      0.0000000             121
10             2            2            0      0.0000000             126
11             2            3            1      0.2500000              55
12             2            2            0      0.0000000             135
13             2            2            0      0.0000000             171
14             2            3            1      0.2500000             155
15             2            2            0      0.0000000             121
16             2            2            0      0.0000000             142
17             2            2            0      0.0000000             151
18             2            4            2      0.4000000               1
19             2            2            0      0.0000000             161
20             2            2            0      0.0000000             106
21             2            2            0      0.0000000             146
22             2            2            0      0.0000000             113
23             2            2            0      0.0000000             108
24             2            2            0      0.0000000             140
25             2            2            0      0.0000000             146
26             2            3            1      0.2500000             147
27             2            2            0      0.0000000             146
28             2            8            6      0.6666667               6
29             2            3            1      0.2500000             129
30             2            2            0      0.0000000             100
31             2            2            0      0.0000000             142
32             2            2            0      0.0000000             111
33             2            2            0      0.0000000             138
34             2            2            0      0.0000000             123
35             2            2            0      0.0000000             148
36             2            2            0      0.0000000             156
37             2            2            0      0.0000000             129
38             2            2            0      0.0000000             132
39             2            5            3      0.5000000             112
40             2            3            1      0.2500000             127
41             2            2            0      0.0000000             120
42             2            2            0      0.0000000             132
43             2            2            0      0.0000000             116
44             2            2            0      0.0000000             130
45             2            2            0      0.0000000             151
46             2            2            0      0.0000000             135
47             2            2            0      0.0000000             136
48             2            2            0      0.0000000             119
49             2            4            2      0.4000000              65
50             2            3            1      0.2500000             160
51             2            2            0      0.0000000             129
52             2            2            0      0.0000000             143
53             2            2            0      0.0000000             156
54             2            2            0      0.0000000             134
55             2            2            0      0.0000000              98
56             2            3            1      0.2500000             157
57             2            2            0      0.0000000             143
58             2            2            0      0.0000000             128
59             2            2            0      0.0000000             121
60             2            2            0      0.0000000             149
61             2            2            0      0.0000000             122
62             2            2            0      0.0000000             142
63             2            3            1      0.2500000             123
64             2            2            0      0.0000000             148
65             2            2            0      0.0000000             116
66             2            2            0      0.0000000             155
67             2            2            0      0.0000000             184
68             2            2            0      0.0000000             128
69             2            3            1      0.2500000             138
70             2            2            0      0.0000000             147
71             2            2            0      0.0000000             126
72             2            3            1      0.2500000             105
73             2            3            1      0.2500000             138
74             2            2            0      0.0000000             134
75             2            2            0      0.0000000             143
76             2            2            0      0.0000000             134
77             2            2            0      0.0000000             110
78             2            2            0      0.0000000             139
79             2            2            0      0.0000000             140
80             2            2            0      0.0000000             106
81             2            2            0      0.0000000             135
82             2            3            1      0.2500000             133
83             2            2            0      0.0000000             116
84             2            2            0      0.0000000             123
85             2            4            2      0.4000000              49
86             2            2            0      0.0000000             125
87             2            2            0      0.0000000             151
88             2            2            0      0.0000000             142
89             2            2            0      0.0000000             150
90             2            2            0      0.0000000             123
91             2            4            2      0.4000000             128
92             2            2            0      0.0000000             120
93             2            2            0      0.0000000             139
94             2            2            0      0.0000000             159
95             2            2            0      0.0000000              90
96             2            5            3      0.5000000              36
97             2            2            0      0.0000000             129
98             2            2            0      0.0000000             155
99             2            3            1      0.2500000             166
100            2            2            0      0.0000000             109
    DEA.R.OnlyFSR DEA.V.OnlyFSR DEA.FDP.OnlyFSR DEA.PAUC.OnlyFSR DEA.NTP.FSRsva
1             154            12     0.077922078      0.021431889            142
2             138             6     0.043478261      0.022138416            128
3             199            13     0.065326633      0.024451005            186
4             113             6     0.053097345      0.021256946            104
5             158             7     0.044303797      0.024824735             90
6             157             6     0.038216561      0.022520581            151
7             157            10     0.063694268      0.021235302            141
8             121             4     0.033057851      0.022640198            117
9             126             5     0.039682540      0.021962967            121
10            127             1     0.007874016      0.023379203            111
11             59             4     0.067796610      0.016295826             45
12            145            10     0.068965517      0.023460710            122
13            177             6     0.033898305      0.023445418            163
14            161             6     0.037267081      0.023561368            155
15            128             7     0.054687500      0.022232730            119
16            148             6     0.040540541      0.022549134            142
17            159             8     0.050314465      0.021286919            151
18              1             0     0.000000000      0.005919854              6
19            166             5     0.030120482      0.024447187            161
20            107             1     0.009345794      0.023449286            106
21            155             9     0.058064516      0.021584226             33
22            121             8     0.066115702      0.020033530            113
23            113             5     0.044247788      0.021641073            108
24            150            10     0.066666667      0.020864039             96
25            157            11     0.070063694      0.021755687            146
26            156             9     0.057692308      0.023000762            147
27            157            11     0.070063694      0.021324060            129
28              6             0     0.000000000      0.009547644              6
29            137             8     0.058394161      0.020935040            129
30            108             8     0.074074074      0.020029520             67
31            148             6     0.040540541      0.021270410            142
32            116             5     0.043103448      0.021348076            111
33            142             4     0.028169014      0.024356169            138
34            133            10     0.075187970      0.019051305            123
35            156             8     0.051282051      0.023230788            150
36            162             6     0.037037037      0.023798195            156
37            135             6     0.044444444      0.022020676            129
38            136             4     0.029411765      0.021916388            132
39            125            13     0.104000000      0.020131099            112
40            133             6     0.045112782      0.023245716             94
41            131            11     0.083969466      0.019936919            120
42            139             7     0.050359712      0.024937985            132
43            122             6     0.049180328      0.021472310            116
44            139             9     0.064748201      0.021530285            107
45            162            11     0.067901235      0.022885162            103
46            139             4     0.028776978      0.022166253            131
47            143             7     0.048951049      0.022343575            136
48            127             8     0.062992126      0.021245236            107
49             67             2     0.029850746      0.014006734             65
50            165             5     0.030303030      0.023356932            160
51            135             6     0.044444444      0.023324931            129
52            153            10     0.065359477      0.021206826            115
53            163             7     0.042944785      0.022522523            137
54            143             9     0.062937063      0.021133150            125
55            104             6     0.057692308      0.020086575             98
56            171            14     0.081871345      0.021927973            157
57            151             8     0.052980132      0.021256762            143
58            132             4     0.030303030      0.024741991            128
59            128             7     0.054687500      0.020721850            121
60            158             9     0.056962025      0.021272183            149
61            129             7     0.054263566      0.023189197             73
62            146             4     0.027397260      0.021899332            142
63            128             5     0.039062500      0.023243873            123
64            156             8     0.051282051      0.023122226            151
65            122             6     0.049180328      0.021319742            116
66            164             9     0.054878049      0.023318387            155
67            190             6     0.031578947      0.025896342            175
68            137             9     0.065693431      0.022699603            128
69            143             5     0.034965035      0.021452695             98
70            158            11     0.069620253      0.021627810             45
71            132             6     0.045454545      0.022413349            126
72            110             5     0.045454545      0.018147827            105
73            143             5     0.034965035      0.024445333            114
74            143             9     0.062937063      0.022643986            134
75            153            10     0.065359477      0.021478578            143
76            145            11     0.075862069      0.019093938            112
77            114             4     0.035087719      0.019834293            110
78            147             8     0.054421769      0.022762089            139
79            147             7     0.047619048      0.022794915             86
80            113             7     0.061946903      0.019447716            106
81            144             9     0.062500000      0.023196217            135
82            137             4     0.029197080      0.023398999            133
83            121             5     0.041322314      0.023312565             96
84            126             3     0.023809524      0.022934174             89
85             51             2     0.039215686      0.015326717             52
86            130             5     0.038461538      0.023503361            125
87            158             7     0.044303797      0.022471299            151
88            150             8     0.053333333      0.021985224            142
89            162            12     0.074074074      0.021344022            123
90            130             7     0.053846154      0.022896396            106
91            139            11     0.079136691      0.021181018            128
92            135            15     0.111111111      0.019565124            112
93            146             7     0.047945205      0.022362544            139
94            164             5     0.030487805      0.023644463            156
95             95             5     0.052631579      0.019832880             65
96             37             1     0.027027027      0.011600389             36
97            136             7     0.051470588      0.022902656            129
98            163             8     0.049079755      0.024139090            155
99            175             9     0.051428571      0.022363985            166
100           118             9     0.076271186      0.019058614            103
    DEA.R.FSRsva DEA.V.FSRsva DEA.FDP.FSRsva DEA.PAUC.FSRsva DEA.NTP.SVA0
1            154           12    0.077922078     0.021431889           78
2            134            6    0.044776119     0.021747456          117
3            199           13    0.065326633     0.024451005          177
4            109            5    0.045871560     0.020786195           94
5             97            7    0.072164948     0.020696592          142
6            157            6    0.038216561     0.022520581          126
7            147            6    0.040816327     0.020617651          141
8            121            4    0.033057851     0.022640198          116
9            126            5    0.039682540     0.021962967          116
10           113            2    0.017699115     0.022476666          107
11            50            5    0.100000000     0.014866391          127
12           128            6    0.046875000     0.022123812          130
13           173           10    0.057803468     0.023526288          150
14           161            6    0.037267081     0.023561368          153
15           124            5    0.040322581     0.022153235          109
16           148            6    0.040540541     0.022549134          133
17           159            8    0.050314465     0.021286919          138
18             6            0    0.000000000     0.005427888          142
19           166            5    0.030120482     0.024447187          161
20           107            1    0.009345794     0.023449286           90
21            34            1    0.029411765     0.012736263          148
22           121            8    0.066115702     0.020033530           94
23           113            5    0.044247788     0.021641073          122
24           100            4    0.040000000     0.017920390          132
25           157           11    0.070063694     0.021755687          155
26           156            9    0.057692308     0.023000762          119
27           136            7    0.051470588     0.019989814          133
28             6            0    0.000000000     0.009547644          121
29           137            8    0.058394161     0.020935040          123
30            72            5    0.069444444     0.017450702           82
31           148            6    0.040540541     0.021270410          128
32           116            5    0.043103448     0.021348076          102
33           142            4    0.028169014     0.024356169          118
34           133           10    0.075187970     0.019051305           85
35           162           12    0.074074074     0.022985098          128
36           162            6    0.037037037     0.023798195          135
37           135            6    0.044444444     0.022020676          120
38           136            4    0.029411765     0.021916388          113
39           125           13    0.104000000     0.020131099          121
40           100            6    0.060000000     0.021035973          115
41           131           11    0.083969466     0.019936919           91
42           139            7    0.050359712     0.024937985          112
43           122            6    0.049180328     0.021472310          112
44           113            6    0.053097345     0.020529422           83
45           111            8    0.072072072     0.019812363          152
46           133            2    0.015037594     0.022056171          120
47           143            7    0.048951049     0.022343575           94
48           113            6    0.053097345     0.019986854           93
49            67            2    0.029850746     0.014006734           81
50           165            5    0.030303030     0.023356932          147
51           135            6    0.044444444     0.023324931          111
52           121            6    0.049586777     0.020557784          100
53           144            7    0.048611111     0.021892048          144
54           136           11    0.080882353     0.018646975          129
55           104            6    0.057692308     0.020086575           79
56           171           14    0.081871345     0.021927973          165
57           151            8    0.052980132     0.021256762           71
58           132            4    0.030303030     0.024741991          107
59           128            7    0.054687500     0.020721850          117
60           158            9    0.056962025     0.021272183          130
61            76            3    0.039473684     0.019283895          106
62           146            4    0.027397260     0.021899332          129
63           128            5    0.039062500     0.023243873          119
64           158            7    0.044303797     0.022231225          130
65           122            6    0.049180328     0.021319742          110
66           164            9    0.054878049     0.023318387          146
67           181            6    0.033149171     0.025277591          174
68           137            9    0.065693431     0.022699603          112
69           104            6    0.057692308     0.018922391          142
70            48            3    0.062500000     0.015440009          132
71           132            6    0.045454545     0.022413349          138
72           110            5    0.045454545     0.018147827           96
73           119            5    0.042016807     0.022120000           79
74           143            9    0.062937063     0.022643986          127
75           153           10    0.065359477     0.021478578          129
76           122           10    0.081967213     0.018843601          128
77           114            4    0.035087719     0.019834293          117
78           147            8    0.054421769     0.022762089           59
79            93            7    0.075268817     0.018101844          128
80           113            7    0.061946903     0.019447716           80
81           144            9    0.062500000     0.023196217          116
82           137            4    0.029197080     0.023398999           97
83           101            5    0.049504950     0.020482294          130
84            94            5    0.053191489     0.019358501          142
85            54            2    0.037037037     0.015107322          139
86           130            5    0.038461538     0.023503361          118
87           158            7    0.044303797     0.022471299          150
88           150            8    0.053333333     0.021985224          101
89           130            7    0.053846154     0.020559266           99
90           109            3    0.027522936     0.020164541          113
91           139           11    0.079136691     0.021181018          131
92           126           14    0.111111111     0.018076564           87
93           146            7    0.047945205     0.022362544          129
94           160            4    0.025000000     0.023589638          136
95            69            4    0.057971014     0.016828753           90
96            37            1    0.027027027     0.011600389          133
97           136            7    0.051470588     0.022902656          109
98           163            8    0.049079755     0.024139090          142
99           175            9    0.051428571     0.022363985          147
100          109            6    0.055045872     0.018137175           95
    DEA.R.SVA0 DEA.V.SVA0 DEA.FDP.SVA0 DEA.PAUC.SVA0 DEA.NTP.SVAall_FSR
1           86          8  0.093023256    0.01463976                142
2          121          4  0.033057851    0.02125410                132
3          191         14  0.073298429    0.02438649                186
4          100          6  0.060000000    0.01906885                107
5          146          4  0.027397260    0.02419781                151
6          137         11  0.080291971    0.01998710                151
7          150          9  0.060000000    0.02045276                147
8          120          4  0.033333333    0.02147304                117
9          123          7  0.056910569    0.02017275                121
10         109          2  0.018348624    0.02096131                126
11         137         10  0.072992701    0.02055990                 55
12         137          7  0.051094891    0.02157075                135
13         157          7  0.044585987    0.02268929                171
14         159          6  0.037735849    0.02435987                155
15         113          4  0.035398230    0.02196683                118
16         141          8  0.056737589    0.02258662                142
17         147          9  0.061224490    0.02126789                151
18         147          5  0.034013605    0.02228484                  1
19         168          7  0.041666667    0.02395793                161
20          92          2  0.021739130    0.02010216                106
21         158         10  0.063291139    0.02089773                146
22          99          5  0.050505051    0.01971936                113
23         129          7  0.054263566    0.02144426                108
24         142         10  0.070422535    0.02001140                140
25         167         12  0.071856287    0.02206828                146
26         123          4  0.032520325    0.02230670                147
27         142          9  0.063380282    0.01969936                146
28         123          2  0.016260163    0.02175261                  6
29         130          7  0.053846154    0.01897304                129
30          86          4  0.046511628    0.01863179                100
31         137          9  0.065693431    0.01933208                142
32         103          1  0.009708738    0.02077591                111
33         123          5  0.040650407    0.02167938                138
34          92          7  0.076086957    0.01650518                123
35         138         10  0.072463768    0.02052545                148
36         142          7  0.049295775    0.02148760                156
37         125          5  0.040000000    0.02139472                129
38         119          6  0.050420168    0.01797043                132
39         131         10  0.076335878    0.02097040                112
40         122          7  0.057377049    0.02204090                127
41          99          8  0.080808081    0.01897610                120
42         120          8  0.066666667    0.02174553                132
43         120          8  0.066666667    0.01991732                116
44          86          3  0.034883721    0.01982537                130
45         161          9  0.055900621    0.02278971                151
46         121          1  0.008264463    0.02209596                135
47          99          5  0.050505051    0.01950692                136
48          97          4  0.041237113    0.01961469                119
49          86          5  0.058139535    0.01870485                 65
50         153          6  0.039215686    0.02078009                160
51         117          6  0.051282051    0.02120109                129
52         108          8  0.074074074    0.01842652                143
53         151          7  0.046357616    0.02204446                156
54         137          8  0.058394161    0.02102719                134
55          82          3  0.036585366    0.01855782                 98
56         175         10  0.057142857    0.02199922                157
57          74          3  0.040540541    0.01488995                143
58         110          3  0.027272727    0.02168390                128
59         125          8  0.064000000    0.02066598                121
60         135          5  0.037037037    0.02137391                149
61         112          6  0.053571429    0.02194854                122
62         132          3  0.022727273    0.02080105                142
63         122          3  0.024590164    0.02205594                123
64         141         11  0.078014184    0.01949800                148
65         117          7  0.059829060    0.02041861                116
66         152          6  0.039473684    0.02243271                155
67         180          6  0.033333333    0.02456114                184
68         121          9  0.074380165    0.02038682                128
69         153         11  0.071895425    0.02101359                138
70         142         10  0.070422535    0.02018140                147
71         148         10  0.067567568    0.02267877                126
72         102          6  0.058823529    0.01767512                105
73          81          2  0.024691358    0.01907467                138
74         135          8  0.059259259    0.02131423                134
75         139         10  0.071942446    0.02103392                143
76         140         12  0.085714286    0.01803235                134
77         123          6  0.048780488    0.02047680                110
78          60          1  0.016666667    0.01633386                139
79         133          5  0.037593985    0.02228191                140
80          85          5  0.058823529    0.01898043                106
81         124          8  0.064516129    0.02211970                135
82         102          5  0.049019608    0.01881112                133
83         138          8  0.057971014    0.01889630                116
84         147          5  0.034013605    0.02226307                123
85         145          6  0.041379310    0.02310247                 49
86         121          3  0.024793388    0.02210711                125
87         158          8  0.050632911    0.02220074                151
88         106          5  0.047169811    0.01993294                142
89         115         16  0.139130435    0.01548359                150
90         120          7  0.058333333    0.01795825                123
91         143         12  0.083916084    0.02202588                128
92         100         13  0.130000000    0.01585761                120
93         140         11  0.078571429    0.01961845                139
94         140          4  0.028571429    0.02237939                159
95          97          7  0.072164948    0.01912950                 90
96         138          5  0.036231884    0.02189335                 36
97         117          8  0.068376068    0.02174116                129
98         149          7  0.046979866    0.02136188                155
99         159         12  0.075471698    0.02119995                166
100         97          2  0.020618557    0.01818378                109
    DEA.R.SVAall_FSR DEA.V.SVAall_FSR DEA.FDP.SVAall_FSR DEA.PAUC.SVAall_FSR
1                154               12        0.077922078         0.021431889
2                138                6        0.043478261         0.022138416
3                199               13        0.065326633         0.024451005
4                113                6        0.053097345         0.021256946
5                158                7        0.044303797         0.024824735
6                157                6        0.038216561         0.022520581
7                157               10        0.063694268         0.021235302
8                121                4        0.033057851         0.022640198
9                126                5        0.039682540         0.021962967
10               127                1        0.007874016         0.023379203
11                59                4        0.067796610         0.016295826
12               145               10        0.068965517         0.023460710
13               177                6        0.033898305         0.023445418
14               161                6        0.037267081         0.023561368
15               124                6        0.048387097         0.021747533
16               148                6        0.040540541         0.022549134
17               159                8        0.050314465         0.021286919
18                 1                0        0.000000000         0.005919854
19               166                5        0.030120482         0.024447187
20               107                1        0.009345794         0.023449286
21               155                9        0.058064516         0.021584226
22               121                8        0.066115702         0.020033530
23               113                5        0.044247788         0.021641073
24               150               10        0.066666667         0.020864039
25               157               11        0.070063694         0.021755687
26               156                9        0.057692308         0.023000762
27               157               11        0.070063694         0.021324060
28                 6                0        0.000000000         0.009547644
29               137                8        0.058394161         0.020935040
30               108                8        0.074074074         0.020029520
31               148                6        0.040540541         0.021270410
32               116                5        0.043103448         0.021348076
33               142                4        0.028169014         0.024356169
34               133               10        0.075187970         0.019051305
35               156                8        0.051282051         0.023230788
36               162                6        0.037037037         0.023798195
37               135                6        0.044444444         0.022020676
38               136                4        0.029411765         0.021916388
39               125               13        0.104000000         0.020131099
40               133                6        0.045112782         0.023245716
41               131               11        0.083969466         0.019936919
42               139                7        0.050359712         0.024937985
43               122                6        0.049180328         0.021472310
44               139                9        0.064748201         0.021530285
45               162               11        0.067901235         0.022885162
46               139                4        0.028776978         0.022166253
47               143                7        0.048951049         0.022343575
48               127                8        0.062992126         0.021245236
49                67                2        0.029850746         0.014006734
50               165                5        0.030303030         0.023356932
51               135                6        0.044444444         0.023324931
52               153               10        0.065359477         0.021206826
53               163                7        0.042944785         0.022522523
54               143                9        0.062937063         0.021133150
55               104                6        0.057692308         0.020086575
56               171               14        0.081871345         0.021927973
57               151                8        0.052980132         0.021256762
58               132                4        0.030303030         0.024741991
59               128                7        0.054687500         0.020721850
60               158                9        0.056962025         0.021272183
61               129                7        0.054263566         0.023189197
62               146                4        0.027397260         0.021899332
63               128                5        0.039062500         0.023243873
64               156                8        0.051282051         0.023122226
65               122                6        0.049180328         0.021319742
66               164                9        0.054878049         0.023318387
67               190                6        0.031578947         0.025896342
68               137                9        0.065693431         0.022699603
69               143                5        0.034965035         0.021452695
70               158               11        0.069620253         0.021627810
71               132                6        0.045454545         0.022413349
72               110                5        0.045454545         0.018147827
73               143                5        0.034965035         0.024445333
74               143                9        0.062937063         0.022643986
75               153               10        0.065359477         0.021478578
76               145               11        0.075862069         0.019093938
77               114                4        0.035087719         0.019834293
78               147                8        0.054421769         0.022762089
79               147                7        0.047619048         0.022794915
80               113                7        0.061946903         0.019447716
81               144                9        0.062500000         0.023196217
82               137                4        0.029197080         0.023398999
83               121                5        0.041322314         0.023312565
84               126                3        0.023809524         0.022934174
85                51                2        0.039215686         0.015326717
86               130                5        0.038461538         0.023503361
87               158                7        0.044303797         0.022471299
88               150                8        0.053333333         0.021985224
89               162               12        0.074074074         0.021344022
90               130                7        0.053846154         0.022896396
91               139               11        0.079136691         0.021181018
92               135               15        0.111111111         0.019565124
93               146                7        0.047945205         0.022362544
94               164                5        0.030487805         0.023644463
95                95                5        0.052631579         0.019832880
96                37                1        0.027027027         0.011600389
97               136                7        0.051470588         0.022902656
98               163                8        0.049079755         0.024139090
99               175                9        0.051428571         0.022363985
100              118                9        0.076271186         0.019058614
    DEA.NTP.OnlyLine DEA.R.OnlyLine DEA.V.OnlyLine DEA.FDP.OnlyLine
1                116            124              8      0.064516129
2                123            128              5      0.039062500
3                168            173              5      0.028901734
4                104            109              5      0.045871560
5                123            128              5      0.039062500
6                124            126              2      0.015873016
7                125            131              6      0.045801527
8                116            120              4      0.033333333
9                101            104              3      0.028846154
10                93             95              2      0.021052632
11               111            115              4      0.034782609
12               117            120              3      0.025000000
13               136            141              5      0.035460993
14               139            145              6      0.041379310
15                91             97              6      0.061855670
16               128            135              7      0.051851852
17               116            122              6      0.049180328
18               140            147              7      0.047619048
19               134            141              7      0.049645390
20               105            107              2      0.018691589
21               127            134              7      0.052238806
22                94             98              4      0.040816327
23                76             78              2      0.025641026
24               116            123              7      0.056910569
25               108            113              5      0.044247788
26               136            144              8      0.055555556
27               118            123              5      0.040650407
28               120            122              2      0.016393443
29               128            133              5      0.037593985
30               100            102              2      0.019607843
31               126            132              6      0.045454545
32                96             98              2      0.020408163
33                99            104              5      0.048076923
34               104            114             10      0.087719298
35               133            142              9      0.063380282
36               137            142              5      0.035211268
37                99            100              1      0.010000000
38               120            123              3      0.024390244
39               118            124              6      0.048387097
40               118            125              7      0.056000000
41               113            123             10      0.081300813
42               107            112              5      0.044642857
43                93             99              6      0.060606061
44                99            104              5      0.048076923
45               123            129              6      0.046511628
46               108            112              4      0.035714286
47               126            131              5      0.038167939
48               108            111              3      0.027027027
49                85             88              3      0.034090909
50               137            142              5      0.035211268
51                99            101              2      0.019801980
52               112            119              7      0.058823529
53               140            144              4      0.027777778
54               114            118              4      0.033898305
55                94            102              8      0.078431373
56               140            146              6      0.041095890
57               125            132              7      0.053030303
58               122            128              6      0.046875000
59               108            113              5      0.044247788
60               115            124              9      0.072580645
61               105            108              3      0.027777778
62               119            124              5      0.040322581
63                94             96              2      0.020833333
64               136            144              8      0.055555556
65                99            104              5      0.048076923
66               139            143              4      0.027972028
67               165            172              7      0.040697674
68               103            106              3      0.028301887
69               113            116              3      0.025862069
70               114            119              5      0.042016807
71               123            128              5      0.039062500
72                84             87              3      0.034482759
73               116            119              3      0.025210084
74               109            113              4      0.035398230
75               103            110              7      0.063636364
76               119            127              8      0.062992126
77                85             85              0      0.000000000
78               125            127              2      0.015748031
79               124            131              7      0.053435115
80                93             97              4      0.041237113
81                94            101              7      0.069306931
82               113            116              3      0.025862069
83               107            111              4      0.036036036
84               111            112              1      0.008928571
85               118            121              3      0.024793388
86                91             95              4      0.042105263
87               124            127              3      0.023622047
88               117            123              6      0.048780488
89               116            121              5      0.041322314
90               100            103              3      0.029126214
91               117            129             12      0.093023256
92                98            104              6      0.057692308
93               127            134              7      0.052238806
94               125            130              5      0.038461538
95               100            108              8      0.074074074
96               112            115              3      0.026086957
97               103            107              4      0.037383178
98               150            157              7      0.044585987
99               139            144              5      0.034722222
100               79             82              3      0.036585366
    DEA.PAUC.OnlyLine DEA.NTP.All DEA.R.All DEA.V.All DEA.FDP.All DEA.PAUC.All
1          0.01893036           0         0         0         0.0  0.003170452
2          0.02068495           0         0         0         0.0  0.002142299
3          0.02434257           0         0         0         0.0  0.004248112
4          0.02026575           0         0         0         0.0  0.002287489
5          0.02205265           0         0         0         0.0  0.003844665
6          0.02280005           0         0         0         0.0  0.003143348
7          0.02197865           0         0         0         0.0  0.003274767
8          0.02217605           0         0         0         0.0  0.003547625
9          0.02217100           2         2         0         0.0  0.003718663
10         0.02103474           0         0         0         0.0  0.003230979
11         0.01940774           0         0         0         0.0  0.001973212
12         0.02364506           0         0         0         0.0  0.002602177
13         0.02292516           0         0         0         0.0  0.002626911
14         0.02297399           2         2         0         0.0  0.004134642
15         0.02112116           0         0         0         0.0  0.003601974
16         0.02190789           0         0         0         0.0  0.003508744
17         0.02093900           0         0         0         0.0  0.002730347
18         0.02384070           1         1         0         0.0  0.004003491
19         0.02261086           0         0         0         0.0  0.002663002
20         0.02298757           0         0         0         0.0  0.002871539
21         0.02182716           0         0         0         0.0  0.002756885
22         0.01758699           0         0         0         0.0  0.003597613
23         0.02028734           0         0         0         0.0  0.004218108
24         0.01928597           0         0         0         0.0  0.002394167
25         0.02069870           0         0         0         0.0  0.002600086
26         0.02207358           0         0         0         0.0  0.002960363
27         0.02099912           0         0         0         0.0  0.002370077
28         0.02307720           0         0         0         0.0  0.003076689
29         0.02265327           1         2         1         0.5  0.003710541
30         0.02024617           0         0         0         0.0  0.003478959
31         0.02103089           0         0         0         0.0  0.003195476
32         0.01959489           0         0         0         0.0  0.002995363
33         0.02202588           0         0         0         0.0  0.002734771
34         0.01881385           0         1         1         1.0  0.002671026
35         0.02339138           0         0         0         0.0  0.003272213
36         0.02389901           0         0         0         0.0  0.002790458
37         0.02344617           0         0         0         0.0  0.003146201
38         0.02082771           0         0         0         0.0  0.002898286
39         0.02207325           0         1         1         1.0  0.002673334
40         0.02117245           0         0         0         0.0  0.003337359
41         0.01951110           1         1         0         0.0  0.003055775
42         0.02272849           0         0         0         0.0  0.003486766
43         0.02052993           0         0         0         0.0  0.002387451
44         0.02047006           0         0         0         0.0  0.003197239
45         0.02201693           0         0         0         0.0  0.002928966
46         0.02158401           0         0         0         0.0  0.003391319
47         0.02169049           0         0         0         0.0  0.003246976
48         0.02360002           0         0         0         0.0  0.002899633
49         0.01941748           0         0         0         0.0  0.003074107
50         0.02231323           0         0         0         0.0  0.003396987
51         0.02282293           1         1         0         0.0  0.002801602
52         0.02097960           0         0         0         0.0  0.002735901
53         0.02140226           0         0         0         0.0  0.003088543
54         0.02106162           0         0         0         0.0  0.002845127
55         0.01874214           0         0         0         0.0  0.003370576
56         0.02268397           0         0         0         0.0  0.002642703
57         0.02130913           0         0         0         0.0  0.002992914
58         0.02280804           0         0         0         0.0  0.002747890
59         0.02034890           0         0         0         0.0  0.002463993
60         0.02044254           0         0         0         0.0  0.002943387
61         0.02182310           1         1         0         0.0  0.003704041
62         0.02115032           0         0         0         0.0  0.001775586
63         0.02412897           0         0         0         0.0  0.003307771
64         0.02140181           0         0         0         0.0  0.002786602
65         0.02100837           0         0         0         0.0  0.003137468
66         0.02196467           0         0         0         0.0  0.003084983
67         0.02414170           0         1         1         1.0  0.003592661
68         0.02118428           0         0         0         0.0  0.003287311
69         0.02138764           0         0         0         0.0  0.003281128
70         0.02155542           0         0         0         0.0  0.002993362
71         0.02319621           0         0         0         0.0  0.003004086
72         0.01782426           0         0         0         0.0  0.002331561
73         0.02390667           1         1         0         0.0  0.003206667
74         0.02338368           0         0         0         0.0  0.004304065
75         0.01974726           0         0         0         0.0  0.002440870
76         0.01870839           0         0         0         0.0  0.002951843
77         0.02040690           0         0         0         0.0  0.002900678
78         0.02368497           0         0         0         0.0  0.003159591
79         0.02130475           0         0         0         0.0  0.002430679
80         0.01906614           0         0         0         0.0  0.002503719
81         0.02083495           0         0         0         0.0  0.003026777
82         0.02233951           0         0         0         0.0  0.004149084
83         0.02050708           1         1         0         0.0  0.002735059
84         0.02270605           0         0         0         0.0  0.003253385
85         0.02277405           0         0         0         0.0  0.003398609
86         0.02196013           0         0         0         0.0  0.003223722
87         0.02137313           0         0         0         0.0  0.002423128
88         0.02094816           0         0         0         0.0  0.003747306
89         0.02176847           0         0         0         0.0  0.002419781
90         0.02137718           0         0         0         0.0  0.003476409
91         0.02123072           0         0         0         0.0  0.004097325
92         0.01918882           0         0         0         0.0  0.002295326
93         0.02180948           0         0         0         0.0  0.002937728
94         0.02243284           0         0         0         0.0  0.002856360
95         0.01842612           0         0         0         0.0  0.003887379
96         0.02234035           0         0         0         0.0  0.003094064
97         0.02172445           0         0         0         0.0  0.003382825
98         0.02248344           0         0         0         0.0  0.003070306
99         0.02341914           0         0         0         0.0  0.003182950
100        0.01886953           0         0         0         0.0  0.002383492
    DEA.NTP.Oracle DEA.R.Oracle DEA.V.Oracle DEA.FDP.Oracle DEA.PAUC.Oracle
1              142          154           12    0.077922078      0.02143189
2              132          138            6    0.043478261      0.02213842
3              185          198           13    0.065656566      0.02477768
4              107          113            6    0.053097345      0.02125695
5              151          158            7    0.044303797      0.02482473
6              151          157            6    0.038216561      0.02252058
7              147          157           10    0.063694268      0.02123530
8              117          121            4    0.033057851      0.02264020
9              121          126            5    0.039682540      0.02196297
10             126          127            1    0.007874016      0.02337920
11             127          134            7    0.052238806      0.02038089
12             135          145           10    0.068965517      0.02346071
13             171          177            6    0.033898305      0.02344542
14             168          173            5    0.028901734      0.02458048
15             121          128            7    0.054687500      0.02223273
16             142          148            6    0.040540541      0.02254913
17             151          159            8    0.050314465      0.02128692
18             148          156            8    0.051282051      0.02344631
19             161          166            5    0.030120482      0.02444719
20             106          107            1    0.009345794      0.02344929
21             146          155            9    0.058064516      0.02158423
22             113          121            8    0.066115702      0.02003353
23             108          113            5    0.044247788      0.02164107
24             140          150           10    0.066666667      0.02086404
25             146          157           11    0.070063694      0.02175569
26             154          163            9    0.055214724      0.02334117
27             146          157           11    0.070063694      0.02132406
28             156          160            4    0.025000000      0.02280034
29             150          159            9    0.056603774      0.02264537
30             100          108            8    0.074074074      0.02002952
31             142          148            6    0.040540541      0.02127041
32             111          116            5    0.043103448      0.02134808
33             138          142            4    0.028169014      0.02435617
34             123          133           10    0.075187970      0.01905131
35             148          156            8    0.051282051      0.02323079
36             156          162            6    0.037037037      0.02379819
37             129          135            6    0.044444444      0.02202068
38             132          136            4    0.029411765      0.02191639
39             145          159           14    0.088050314      0.02284092
40             129          135            6    0.044444444      0.02335875
41             120          131           11    0.083969466      0.01993692
42             132          139            7    0.050359712      0.02493798
43             116          122            6    0.049180328      0.02147231
44             130          139            9    0.064748201      0.02153028
45             151          162           11    0.067901235      0.02288516
46             135          139            4    0.028776978      0.02216625
47             136          143            7    0.048951049      0.02234358
48             119          127            8    0.062992126      0.02124524
49             121          128            7    0.054687500      0.02008695
50             161          166            5    0.030120482      0.02355403
51             129          135            6    0.044444444      0.02332493
52             143          153           10    0.065359477      0.02120683
53             156          163            7    0.042944785      0.02252252
54             134          143            9    0.062937063      0.02113315
55              98          104            6    0.057692308      0.02008658
56             180          198           18    0.090909091      0.02264175
57             143          151            8    0.052980132      0.02125676
58             128          132            4    0.030303030      0.02474199
59             121          128            7    0.054687500      0.02072185
60             149          158            9    0.056962025      0.02127218
61             122          129            7    0.054263566      0.02318920
62             142          146            4    0.027397260      0.02189933
63             137          142            5    0.035211268      0.02354395
64             148          156            8    0.051282051      0.02312223
65             116          122            6    0.049180328      0.02131974
66             155          164            9    0.054878049      0.02331839
67             184          190            6    0.031578947      0.02589634
68             128          137            9    0.065693431      0.02269960
69             134          140            6    0.042857143      0.02166141
70             147          158           11    0.069620253      0.02162781
71             126          132            6    0.045454545      0.02241335
72             112          119            7    0.058823529      0.01865781
73             139          143            4    0.027972028      0.02457467
74             134          143            9    0.062937063      0.02264399
75             143          153           10    0.065359477      0.02147858
76             134          145           11    0.075862069      0.01909394
77             110          114            4    0.035087719      0.01983429
78             139          147            8    0.054421769      0.02276209
79             140          147            7    0.047619048      0.02279491
80             106          113            7    0.061946903      0.01944772
81             135          144            9    0.062500000      0.02319622
82             144          150            6    0.040000000      0.02376559
83             116          121            5    0.041322314      0.02331256
84             123          126            3    0.023809524      0.02293417
85             142          147            5    0.034013605      0.02426136
86             125          130            5    0.038461538      0.02350336
87             151          158            7    0.044303797      0.02247130
88             142          150            8    0.053333333      0.02198522
89             150          162           12    0.074074074      0.02134402
90             123          130            7    0.053846154      0.02289640
91             134          144           10    0.069444444      0.02227161
92             120          135           15    0.111111111      0.01956512
93             139          146            7    0.047945205      0.02236254
94             159          164            5    0.030487805      0.02364446
95              90           95            5    0.052631579      0.01983288
96             151          158            7    0.044303797      0.02359811
97             129          136            7    0.051470588      0.02290266
98             155          163            8    0.049079755      0.02413909
99             177          188           11    0.058510638      0.02255889
100            109          118            9    0.076271186      0.01905861

     user    system   elapsed 
66055.790  1140.308  4534.149 
