Running task ID: 7
Job ID: 4653275
Node: d1-w6420a-17
[1] "Running scenario 7"
Option= OWN , B= 100 , m= 3 , alpha0 =  0.05 
Option= OWN , B= 100 , m= 3  runs in  34.639  s
No significant surrogate variables
Number of significant surrogate variables is:  5 
Iteration (out of 5 ):1  2  3  4  5  No significant surrogate variables
Option= OWN , B= 100 , m= 3 , alpha0 =  0.05 
Option= OWN , B= 100 , m= 3  runs in  35.732  s
No significant surrogate variables
Number of significant surrogate variables is:  7 
Iteration (out of 5 ):1  2  3  4  5  No significant surrogate variables
Option= OWN , B= 100 , m= 3 , alpha0 =  0.05 
Option= OWN , B= 100 , m= 3  runs in  34.924  s
No significant surrogate variables
Number of significant surrogate variables is:  7 
Iteration (out of 5 ):1  2  3  4  5  No significant surrogate variables
Option= OWN , B= 100 , m= 3 , alpha0 =  0.05 
Option= OWN , B= 100 , m= 3  runs in  35.435  s
No significant surrogate variables
Number of significant surrogate variables is:  6 
Iteration (out of 5 ):1  2  3  4  5  No significant surrogate variables
Option= OWN , B= 100 , m= 3 , alpha0 =  0.05 
Option= OWN , B= 100 , m= 3  runs in  35.038  s
No significant surrogate variables
Number of significant surrogate variables is:  6 
Iteration (out of 5 ):1  2  3  4  5  No significant surrogate variables
Option= OWN , B= 100 , m= 3 , alpha0 =  0.05 
Option= OWN , B= 100 , m= 3  runs in  36.583  s
No significant surrogate variables
Number of significant surrogate variables is:  6 
Iteration (out of 5 ):1  2  3  4  5  No significant surrogate variables
Option= OWN , B= 100 , m= 3 , alpha0 =  0.05 
Option= OWN , B= 100 , m= 3  runs in  34.77  s
No significant surrogate variables
Number of significant surrogate variables is:  5 
Iteration (out of 5 ):1  2  3  4  5  No significant surrogate variables
Option= OWN , B= 100 , m= 3 , alpha0 =  0.05 
Option= OWN , B= 100 , m= 3  runs in  34.586  s
No significant surrogate variables
Number of significant surrogate variables is:  7 
Iteration (out of 5 ):1  2  3  4  5  No significant surrogate variables
Option= OWN , B= 100 , m= 3 , alpha0 =  0.05 
Option= OWN , B= 100 , m= 3  runs in  35.043  s
No significant surrogate variables
Number of significant surrogate variables is:  5 
Iteration (out of 5 ):1  2  3  4  5  No significant surrogate variables
Option= OWN , B= 100 , m= 3 , alpha0 =  0.05 
Option= OWN , B= 100 , m= 3  runs in  36.02  s
No significant surrogate variables
Number of significant surrogate variables is:  8 
Iteration (out of 5 ):1  2  3  4  5  No significant surrogate variables
Option= OWN , B= 100 , m= 3 , alpha0 =  0.05 
Option= OWN , B= 100 , m= 3  runs in  34.744  s
No significant surrogate variables
Number of significant surrogate variables is:  7 
Iteration (out of 5 ):1  2  3  4  5  No significant surrogate variables
Option= OWN , B= 100 , m= 3 , alpha0 =  0.05 
Option= OWN , B= 100 , m= 3  runs in  34.088  s
No significant surrogate variables
Number of significant surrogate variables is:  6 
Iteration (out of 5 ):1  2  3  4  5  No significant surrogate variables
Option= OWN , B= 100 , m= 3 , alpha0 =  0.05 
Option= OWN , B= 100 , m= 3  runs in  35.683  s
No significant surrogate variables
Number of significant surrogate variables is:  6 
Iteration (out of 5 ):1  2  3  4  5  No significant surrogate variables
Option= OWN , B= 100 , m= 3 , alpha0 =  0.05 
Option= OWN , B= 100 , m= 3  runs in  32.91  s
No significant surrogate variables
Number of significant surrogate variables is:  7 
Iteration (out of 5 ):1  2  3  4  5  No significant surrogate variables
Option= OWN , B= 100 , m= 3 , alpha0 =  0.05 
Option= OWN , B= 100 , m= 3  runs in  36.041  s
No significant surrogate variables
Number of significant surrogate variables is:  6 
Iteration (out of 5 ):1  2  3  4  5  No significant surrogate variables
Option= OWN , B= 100 , m= 3 , alpha0 =  0.05 
Option= OWN , B= 100 , m= 3  runs in  35.351  s
Number of significant surrogate variables is:  5 
Iteration (out of 5 ):1  2  3  4  5  Number of significant surrogate variables is:  6 
Iteration (out of 5 ):1  2  3  4  5  Number of significant surrogate variables is:  1 
Iteration (out of 5 ):1  2  3  4  5  Option= OWN , B= 100 , m= 3 , alpha0 =  0.05 
Option= OWN , B= 100 , m= 3  runs in  39.041  s
Option= OWN , B= 100 , m= 3 , alpha0 =  0.05 
Option= OWN , B= 100 , m= 3  runs in  35.066  s
No significant surrogate variables
Number of significant surrogate variables is:  7 
Iteration (out of 5 ):1  2  3  4  5  No significant surrogate variables
Option= OWN , B= 100 , m= 3 , alpha0 =  0.05 
Option= OWN , B= 100 , m= 3  runs in  36.335  s
No significant surrogate variables
Number of significant surrogate variables is:  6 
Iteration (out of 5 ):1  2  3  4  5  No significant surrogate variables
Option= OWN , B= 100 , m= 3 , alpha0 =  0.05 
Option= OWN , B= 100 , m= 3  runs in  36.247  s
No significant surrogate variables
Number of significant surrogate variables is:  6 
Iteration (out of 5 ):1  2  3  4  5  No significant surrogate variables
Option= OWN , B= 100 , m= 3 , alpha0 =  0.05 
Option= OWN , B= 100 , m= 3  runs in  34.704  s
No significant surrogate variables
Number of significant surrogate variables is:  7 
Iteration (out of 5 ):1  2  3  4  5  No significant surrogate variables
Option= OWN , B= 100 , m= 3 , alpha0 =  0.05 
Option= OWN , B= 100 , m= 3  runs in  34.666  s
Number of significant surrogate variables is:  1 
Iteration (out of 5 ):1  2  3  4  5  Number of significant surrogate variables is:  6 
Iteration (out of 5 ):1  2  3  4  5  No significant surrogate variables
Option= OWN , B= 100 , m= 3 , alpha0 =  0.05 
Option= OWN , B= 100 , m= 3  runs in  36.637  s
No significant surrogate variables
Number of significant surrogate variables is:  6 
Iteration (out of 5 ):1  2  3  4  5  No significant surrogate variables
Option= OWN , B= 100 , m= 3 , alpha0 =  0.05 
Option= OWN , B= 100 , m= 3  runs in  34.726  s
Number of significant surrogate variables is:  3 
Iteration (out of 5 ):1  2  3  4  5  Number of significant surrogate variables is:  6 
Iteration (out of 5 ):1  2  3  4  5  No significant surrogate variables
Option= OWN , B= 100 , m= 3 , alpha0 =  0.05 
Option= OWN , B= 100 , m= 3  runs in  34.878  s
Number of significant surrogate variables is:  6 
Iteration (out of 5 ):1  2  3  4  5  Number of significant surrogate variables is:  6 
Iteration (out of 5 ):1  2  3  4  5  No significant surrogate variables
Option= OWN , B= 100 , m= 3 , alpha0 =  0.05 
Option= OWN , B= 100 , m= 3  runs in  35.993  s
No significant surrogate variables
Number of significant surrogate variables is:  7 
Iteration (out of 5 ):1  2  3  4  5  No significant surrogate variables
Option= OWN , B= 100 , m= 3 , alpha0 =  0.05 
Option= OWN , B= 100 , m= 3  runs in  33.79  s
No significant surrogate variables
Number of significant surrogate variables is:  8 
Iteration (out of 5 ):1  2  3  4  5  No significant surrogate variables
Option= OWN , B= 100 , m= 3 , alpha0 =  0.05 
Option= OWN , B= 100 , m= 3  runs in  33.737  s
No significant surrogate variables
Number of significant surrogate variables is:  6 
Iteration (out of 5 ):1  2  3  4  5  No significant surrogate variables
Option= OWN , B= 100 , m= 3 , alpha0 =  0.05 
Option= OWN , B= 100 , m= 3  runs in  33.742  s
No significant surrogate variables
Number of significant surrogate variables is:  6 
Iteration (out of 5 ):1  2  3  4  5  No significant surrogate variables
Option= OWN , B= 100 , m= 3 , alpha0 =  0.05 
Option= OWN , B= 100 , m= 3  runs in  34.499  s
No significant surrogate variables
Number of significant surrogate variables is:  7 
Iteration (out of 5 ):1  2  3  4  5  No significant surrogate variables
Option= OWN , B= 100 , m= 3 , alpha0 =  0.05 
Option= OWN , B= 100 , m= 3  runs in  34.86  s
Number of significant surrogate variables is:  7 
Iteration (out of 5 ):1  2  3  4  5  Number of significant surrogate variables is:  6 
Iteration (out of 5 ):1  2  3  4  5  Number of significant surrogate variables is:  1 
Iteration (out of 5 ):1  2  3  4  5  Option= OWN , B= 100 , m= 3 , alpha0 =  0.05 
Option= OWN , B= 100 , m= 3  runs in  36.657  s
Option= OWN , B= 100 , m= 3 , alpha0 =  0.05 
Option= OWN , B= 100 , m= 3  runs in  35.271  s
No significant surrogate variables
Number of significant surrogate variables is:  7 
Iteration (out of 5 ):1  2  3  4  5  No significant surrogate variables
Option= OWN , B= 100 , m= 3 , alpha0 =  0.05 
Option= OWN , B= 100 , m= 3  runs in  35.049  s
Number of significant surrogate variables is:  4 
Iteration (out of 5 ):1  2  3  4  5  Number of significant surrogate variables is:  6 
Iteration (out of 5 ):1  2  3  4  5  No significant surrogate variables
Option= OWN , B= 100 , m= 3 , alpha0 =  0.05 
Option= OWN , B= 100 , m= 3  runs in  35.119  s
No significant surrogate variables
Number of significant surrogate variables is:  7 
Iteration (out of 5 ):1  2  3  4  5  No significant surrogate variables
Option= OWN , B= 100 , m= 3 , alpha0 =  0.05 
Option= OWN , B= 100 , m= 3  runs in  36.121  s
No significant surrogate variables
Number of significant surrogate variables is:  8 
Iteration (out of 5 ):1  2  3  4  5  Number of significant surrogate variables is:  1 
Iteration (out of 5 ):1  2  3  4  5  Option= OWN , B= 100 , m= 3 , alpha0 =  0.05 
Option= OWN , B= 100 , m= 3  runs in  40.05  s
Option= OWN , B= 100 , m= 3 , alpha0 =  0.05 
Option= OWN , B= 100 , m= 3  runs in  37.114  s
No significant surrogate variables
Number of significant surrogate variables is:  6 
Iteration (out of 5 ):1  2  3  4  5  No significant surrogate variables
Option= OWN , B= 100 , m= 3 , alpha0 =  0.05 
Option= OWN , B= 100 , m= 3  runs in  36.239  s
No significant surrogate variables
Number of significant surrogate variables is:  6 
Iteration (out of 5 ):1  2  3  4  5  No significant surrogate variables
Option= OWN , B= 100 , m= 3 , alpha0 =  0.05 
Option= OWN , B= 100 , m= 3  runs in  34.382  s
No significant surrogate variables
Number of significant surrogate variables is:  6 
Iteration (out of 5 ):1  2  3  4  5  No significant surrogate variables
Option= OWN , B= 100 , m= 3 , alpha0 =  0.05 
Option= OWN , B= 100 , m= 3  runs in  33.666  s
No significant surrogate variables
Number of significant surrogate variables is:  6 
Iteration (out of 5 ):1  2  3  4  5  No significant surrogate variables
Option= OWN , B= 100 , m= 3 , alpha0 =  0.05 
Option= OWN , B= 100 , m= 3  runs in  36.577  s
Number of significant surrogate variables is:  3 
Iteration (out of 5 ):1  2  3  4  5  Number of significant surrogate variables is:  6 
Iteration (out of 5 ):1  2  3  4  5  No significant surrogate variables
Option= OWN , B= 100 , m= 3 , alpha0 =  0.05 
Option= OWN , B= 100 , m= 3  runs in  36.29  s
No significant surrogate variables
Number of significant surrogate variables is:  7 
Iteration (out of 5 ):1  2  3  4  5  No significant surrogate variables
Option= OWN , B= 100 , m= 3 , alpha0 =  0.05 
Option= OWN , B= 100 , m= 3  runs in  36.228  s
No significant surrogate variables
Number of significant surrogate variables is:  6 
Iteration (out of 5 ):1  2  3  4  5  No significant surrogate variables
Option= OWN , B= 100 , m= 3 , alpha0 =  0.05 
Option= OWN , B= 100 , m= 3  runs in  35.005  s
Number of significant surrogate variables is:  3 
Iteration (out of 5 ):1  2  3  4  5  Number of significant surrogate variables is:  5 
Iteration (out of 5 ):1  2  3  4  5  No significant surrogate variables
Option= OWN , B= 100 , m= 3 , alpha0 =  0.05 
Option= OWN , B= 100 , m= 3  runs in  34.98  s
No significant surrogate variables
Number of significant surrogate variables is:  7 
Iteration (out of 5 ):1  2  3  4  5  No significant surrogate variables
Option= OWN , B= 100 , m= 3 , alpha0 =  0.05 
Option= OWN , B= 100 , m= 3  runs in  34.73  s
No significant surrogate variables
Number of significant surrogate variables is:  7 
Iteration (out of 5 ):1  2  3  4  5  No significant surrogate variables
Option= OWN , B= 100 , m= 3 , alpha0 =  0.05 
Option= OWN , B= 100 , m= 3  runs in  34.572  s
Number of significant surrogate variables is:  4 
Iteration (out of 5 ):1  2  3  4  5  Number of significant surrogate variables is:  6 
Iteration (out of 5 ):1  2  3  4  5  No significant surrogate variables
Option= OWN , B= 100 , m= 3 , alpha0 =  0.05 
Option= OWN , B= 100 , m= 3  runs in  36.207  s
Number of significant surrogate variables is:  3 
Iteration (out of 5 ):1  2  3  4  5  Number of significant surrogate variables is:  6 
Iteration (out of 5 ):1  2  3  4  5  No significant surrogate variables
Option= OWN , B= 100 , m= 3 , alpha0 =  0.05 
Option= OWN , B= 100 , m= 3  runs in  34.324  s
No significant surrogate variables
Number of significant surrogate variables is:  5 
Iteration (out of 5 ):1  2  3  4  5  No significant surrogate variables
Option= OWN , B= 100 , m= 3 , alpha0 =  0.05 
Option= OWN , B= 100 , m= 3  runs in  35.955  s
No significant surrogate variables
Number of significant surrogate variables is:  7 
Iteration (out of 5 ):1  2  3  4  5  No significant surrogate variables
Option= OWN , B= 100 , m= 3 , alpha0 =  0.05 
Option= OWN , B= 100 , m= 3  runs in  36.829  s
No significant surrogate variables
Number of significant surrogate variables is:  6 
Iteration (out of 5 ):1  2  3  4  5  No significant surrogate variables
Option= OWN , B= 100 , m= 3 , alpha0 =  0.05 
Option= OWN , B= 100 , m= 3  runs in  35.986  s
Number of significant surrogate variables is:  1 
Iteration (out of 5 ):1  2  3  4  5  Number of significant surrogate variables is:  7 
Iteration (out of 5 ):1  2  3  4  5  No significant surrogate variables
Option= OWN , B= 100 , m= 3 , alpha0 =  0.05 
Option= OWN , B= 100 , m= 3  runs in  35.641  s
Number of significant surrogate variables is:  1 
Iteration (out of 5 ):1  2  3  4  5  Number of significant surrogate variables is:  6 
Iteration (out of 5 ):1  2  3  4  5  No significant surrogate variables
Option= OWN , B= 100 , m= 3 , alpha0 =  0.05 
Option= OWN , B= 100 , m= 3  runs in  35.451  s
No significant surrogate variables
Number of significant surrogate variables is:  6 
Iteration (out of 5 ):1  2  3  4  5  No significant surrogate variables
Option= OWN , B= 100 , m= 3 , alpha0 =  0.05 
Option= OWN , B= 100 , m= 3  runs in  35.683  s
Number of significant surrogate variables is:  1 
Iteration (out of 5 ):1  2  3  4  5  Number of significant surrogate variables is:  6 
Iteration (out of 5 ):1  2  3  4  5  No significant surrogate variables
Option= OWN , B= 100 , m= 3 , alpha0 =  0.05 
Option= OWN , B= 100 , m= 3  runs in  35.643  s
No significant surrogate variables
Number of significant surrogate variables is:  6 
Iteration (out of 5 ):1  2  3  4  5  No significant surrogate variables
Option= OWN , B= 100 , m= 3 , alpha0 =  0.05 
Option= OWN , B= 100 , m= 3  runs in  36.026  s
No significant surrogate variables
Number of significant surrogate variables is:  7 
Iteration (out of 5 ):1  2  3  4  5  No significant surrogate variables
Option= OWN , B= 100 , m= 3 , alpha0 =  0.05 
Option= OWN , B= 100 , m= 3  runs in  34.55  s
No significant surrogate variables
Number of significant surrogate variables is:  6 
Iteration (out of 5 ):1  2  3  4  5  No significant surrogate variables
Option= OWN , B= 100 , m= 3 , alpha0 =  0.05 
Option= OWN , B= 100 , m= 3  runs in  34.243  s
No significant surrogate variables
Number of significant surrogate variables is:  8 
Iteration (out of 5 ):1  2  3  4  5  No significant surrogate variables
Option= OWN , B= 100 , m= 3 , alpha0 =  0.05 
Option= OWN , B= 100 , m= 3  runs in  35.096  s
No significant surrogate variables
Number of significant surrogate variables is:  7 
Iteration (out of 5 ):1  2  3  4  5  No significant surrogate variables
Option= OWN , B= 100 , m= 3 , alpha0 =  0.05 
Option= OWN , B= 100 , m= 3  runs in  35  s
No significant surrogate variables
Number of significant surrogate variables is:  9 
Iteration (out of 5 ):1  2  3  4  5  No significant surrogate variables
Option= OWN , B= 100 , m= 3 , alpha0 =  0.05 
Option= OWN , B= 100 , m= 3  runs in  36.862  s
No significant surrogate variables
Number of significant surrogate variables is:  5 
Iteration (out of 5 ):1  2  3  4  5  No significant surrogate variables
Option= OWN , B= 100 , m= 3 , alpha0 =  0.05 
Option= OWN , B= 100 , m= 3  runs in  34.646  s
Number of significant surrogate variables is:  2 
Iteration (out of 5 ):1  2  3  4  5  Number of significant surrogate variables is:  6 
Iteration (out of 5 ):1  2  3  4  5  No significant surrogate variables
Option= OWN , B= 100 , m= 3 , alpha0 =  0.05 
Option= OWN , B= 100 , m= 3  runs in  34.986  s
No significant surrogate variables
Number of significant surrogate variables is:  7 
Iteration (out of 5 ):1  2  3  4  5  No significant surrogate variables
Option= OWN , B= 100 , m= 3 , alpha0 =  0.05 
Option= OWN , B= 100 , m= 3  runs in  36.195  s
Number of significant surrogate variables is:  4 
Iteration (out of 5 ):1  2  3  4  5  Number of significant surrogate variables is:  6 
Iteration (out of 5 ):1  2  3  4  5  Number of significant surrogate variables is:  2 
Iteration (out of 5 ):1  2  3  4  5  Option= OWN , B= 100 , m= 3 , alpha0 =  0.05 
Option= OWN , B= 100 , m= 3  runs in  42.002  s
Option= OWN , B= 100 , m= 3 , alpha0 =  0.05 
Option= OWN , B= 100 , m= 3  runs in  35.603  s
No significant surrogate variables
Number of significant surrogate variables is:  7 
Iteration (out of 5 ):1  2  3  4  5  No significant surrogate variables
Option= OWN , B= 100 , m= 3 , alpha0 =  0.05 
Option= OWN , B= 100 , m= 3  runs in  35.512  s
No significant surrogate variables
Number of significant surrogate variables is:  7 
Iteration (out of 5 ):1  2  3  4  5  No significant surrogate variables
Option= OWN , B= 100 , m= 3 , alpha0 =  0.05 
Option= OWN , B= 100 , m= 3  runs in  35.212  s
Number of significant surrogate variables is:  1 
Iteration (out of 5 ):1  2  3  4  5  Number of significant surrogate variables is:  6 
Iteration (out of 5 ):1  2  3  4  5  No significant surrogate variables
Option= OWN , B= 100 , m= 3 , alpha0 =  0.05 
Option= OWN , B= 100 , m= 3  runs in  35.633  s
Number of significant surrogate variables is:  2 
Iteration (out of 5 ):1  2  3  4  5  Number of significant surrogate variables is:  6 
Iteration (out of 5 ):1  2  3  4  5  No significant surrogate variables
Option= OWN , B= 100 , m= 3 , alpha0 =  0.05 
Option= OWN , B= 100 , m= 3  runs in  36.195  s
No significant surrogate variables
Number of significant surrogate variables is:  7 
Iteration (out of 5 ):1  2  3  4  5  No significant surrogate variables
Option= OWN , B= 100 , m= 3 , alpha0 =  0.05 
Option= OWN , B= 100 , m= 3  runs in  34.255  s
No significant surrogate variables
Number of significant surrogate variables is:  5 
Iteration (out of 5 ):1  2  3  4  5  No significant surrogate variables
Option= OWN , B= 100 , m= 3 , alpha0 =  0.05 
Option= OWN , B= 100 , m= 3  runs in  32.628  s
No significant surrogate variables
Number of significant surrogate variables is:  6 
Iteration (out of 5 ):1  2  3  4  5  No significant surrogate variables
Option= OWN , B= 100 , m= 3 , alpha0 =  0.05 
Option= OWN , B= 100 , m= 3  runs in  34.217  s
No significant surrogate variables
Number of significant surrogate variables is:  8 
Iteration (out of 5 ):1  2  3  4  5  No significant surrogate variables
Option= OWN , B= 100 , m= 3 , alpha0 =  0.05 
Option= OWN , B= 100 , m= 3  runs in  35.737  s
No significant surrogate variables
Number of significant surrogate variables is:  6 
Iteration (out of 5 ):1  2  3  4  5  No significant surrogate variables
Option= OWN , B= 100 , m= 3 , alpha0 =  0.05 
Option= OWN , B= 100 , m= 3  runs in  35.905  s
No significant surrogate variables
Number of significant surrogate variables is:  8 
Iteration (out of 5 ):1  2  3  4  5  No significant surrogate variables
Option= OWN , B= 100 , m= 3 , alpha0 =  0.05 
Option= OWN , B= 100 , m= 3  runs in  36.05  s
No significant surrogate variables
Number of significant surrogate variables is:  6 
Iteration (out of 5 ):1  2  3  4  5  No significant surrogate variables
Option= OWN , B= 100 , m= 3 , alpha0 =  0.05 
Option= OWN , B= 100 , m= 3  runs in  34.506  s
No significant surrogate variables
Number of significant surrogate variables is:  7 
Iteration (out of 5 ):1  2  3  4  5  No significant surrogate variables
Option= OWN , B= 100 , m= 3 , alpha0 =  0.05 
Option= OWN , B= 100 , m= 3  runs in  34.227  s
Number of significant surrogate variables is:  1 
Iteration (out of 5 ):1  2  3  4  5  Number of significant surrogate variables is:  8 
Iteration (out of 5 ):1  2  3  4  5  No significant surrogate variables
Option= OWN , B= 100 , m= 3 , alpha0 =  0.05 
Option= OWN , B= 100 , m= 3  runs in  34.858  s
No significant surrogate variables
Number of significant surrogate variables is:  7 
Iteration (out of 5 ):1  2  3  4  5  No significant surrogate variables
Option= OWN , B= 100 , m= 3 , alpha0 =  0.05 
Option= OWN , B= 100 , m= 3  runs in  35.914  s
Number of significant surrogate variables is:  1 
Iteration (out of 5 ):1  2  3  4  5  Number of significant surrogate variables is:  6 
Iteration (out of 5 ):1  2  3  4  5  Number of significant surrogate variables is:  2 
Iteration (out of 5 ):1  2  3  4  5  Option= OWN , B= 100 , m= 3 , alpha0 =  0.05 
Option= OWN , B= 100 , m= 3  runs in  41.329  s
Option= OWN , B= 100 , m= 3 , alpha0 =  0.05 
Option= OWN , B= 100 , m= 3  runs in  35.877  s
No significant surrogate variables
Number of significant surrogate variables is:  5 
Iteration (out of 5 ):1  2  3  4  5  No significant surrogate variables
Option= OWN , B= 100 , m= 3 , alpha0 =  0.05 
Option= OWN , B= 100 , m= 3  runs in  35.103  s
No significant surrogate variables
Number of significant surrogate variables is:  6 
Iteration (out of 5 ):1  2  3  4  5  No significant surrogate variables
Option= OWN , B= 100 , m= 3 , alpha0 =  0.05 
Option= OWN , B= 100 , m= 3  runs in  35.321  s
No significant surrogate variables
Number of significant surrogate variables is:  6 
Iteration (out of 5 ):1  2  3  4  5  No significant surrogate variables
Option= OWN , B= 100 , m= 3 , alpha0 =  0.05 
Option= OWN , B= 100 , m= 3  runs in  34.344  s
No significant surrogate variables
Number of significant surrogate variables is:  6 
Iteration (out of 5 ):1  2  3  4  5  No significant surrogate variables
Option= OWN , B= 100 , m= 3 , alpha0 =  0.05 
Option= OWN , B= 100 , m= 3  runs in  35.384  s
No significant surrogate variables
Number of significant surrogate variables is:  7 
Iteration (out of 5 ):1  2  3  4  5  No significant surrogate variables
Option= OWN , B= 100 , m= 3 , alpha0 =  0.05 
Option= OWN , B= 100 , m= 3  runs in  34.575  s
No significant surrogate variables
Number of significant surrogate variables is:  7 
Iteration (out of 5 ):1  2  3  4  5  No significant surrogate variables
Option= OWN , B= 100 , m= 3 , alpha0 =  0.05 
Option= OWN , B= 100 , m= 3  runs in  35.597  s
No significant surrogate variables
Number of significant surrogate variables is:  6 
Iteration (out of 5 ):1  2  3  4  5  No significant surrogate variables
Option= OWN , B= 100 , m= 3 , alpha0 =  0.05 
Option= OWN , B= 100 , m= 3  runs in  35.743  s
No significant surrogate variables
Number of significant surrogate variables is:  6 
Iteration (out of 5 ):1  2  3  4  5  No significant surrogate variables
Option= OWN , B= 100 , m= 3 , alpha0 =  0.05 
Option= OWN , B= 100 , m= 3  runs in  34.195  s
No significant surrogate variables
Number of significant surrogate variables is:  6 
Iteration (out of 5 ):1  2  3  4  5  No significant surrogate variables
Option= OWN , B= 100 , m= 3 , alpha0 =  0.05 
Option= OWN , B= 100 , m= 3  runs in  33.227  s
Number of significant surrogate variables is:  5 
Iteration (out of 5 ):1  2  3  4  5  Number of significant surrogate variables is:  7 
Iteration (out of 5 ):1  2  3  4  5  No significant surrogate variables
Option= OWN , B= 100 , m= 3 , alpha0 =  0.05 
Option= OWN , B= 100 , m= 3  runs in  34.233  s
No significant surrogate variables
Number of significant surrogate variables is:  6 
Iteration (out of 5 ):1  2  3  4  5  No significant surrogate variables
Option= OWN , B= 100 , m= 3 , alpha0 =  0.05 
Option= OWN , B= 100 , m= 3  runs in  36.009  s
No significant surrogate variables
Number of significant surrogate variables is:  6 
Iteration (out of 5 ):1  2  3  4  5  No significant surrogate variables
Option= OWN , B= 100 , m= 3 , alpha0 =  0.05 
Option= OWN , B= 100 , m= 3  runs in  35.658  s
No significant surrogate variables
Number of significant surrogate variables is:  6 
Iteration (out of 5 ):1  2  3  4  5  No significant surrogate variables
Option= OWN , B= 100 , m= 3 , alpha0 =  0.05 
Option= OWN , B= 100 , m= 3  runs in  36.574  s
Number of significant surrogate variables is:  2 
Iteration (out of 5 ):1  2  3  4  5  Number of significant surrogate variables is:  6 
Iteration (out of 5 ):1  2  3  4  5  No significant surrogate variables
Option= OWN , B= 100 , m= 3 , alpha0 =  0.05 
Option= OWN , B= 100 , m= 3  runs in  35.008  s
No significant surrogate variables
Number of significant surrogate variables is:  6 
Iteration (out of 5 ):1  2  3  4  5  No significant surrogate variables
Option= OWN , B= 100 , m= 3 , alpha0 =  0.05 
Option= OWN , B= 100 , m= 3  runs in  36.49  s
No significant surrogate variables
Number of significant surrogate variables is:  6 
Iteration (out of 5 ):1  2  3  4  5  No significant surrogate variables
Option= OWN , B= 100 , m= 3 , alpha0 =  0.05 
Option= OWN , B= 100 , m= 3  runs in  36.801  s
Number of significant surrogate variables is:  2 
Iteration (out of 5 ):1  2  3  4  5  Number of significant surrogate variables is:  5 
Iteration (out of 5 ):1  2  3  4  5  No significant surrogate variables
Option= OWN , B= 100 , m= 3 , alpha0 =  0.05 
Option= OWN , B= 100 , m= 3  runs in  36.017  s
No significant surrogate variables
Number of significant surrogate variables is:  6 
Iteration (out of 5 ):1  2  3  4  5  No significant surrogate variables
Option= OWN , B= 100 , m= 3 , alpha0 =  0.05 
Option= OWN , B= 100 , m= 3  runs in  36.11  s
Number of significant surrogate variables is:  1 
Iteration (out of 5 ):1  2  3  4  5  Number of significant surrogate variables is:  6 
Iteration (out of 5 ):1  2  3  4  5  No significant surrogate variables
Option= OWN , B= 100 , m= 3 , alpha0 =  0.05 
Option= OWN , B= 100 , m= 3  runs in  36.339  s
No significant surrogate variables
Number of significant surrogate variables is:  7 
Iteration (out of 5 ):1  2  3  4  5  No significant surrogate variables
Option= OWN , B= 100 , m= 3 , alpha0 =  0.05 
Option= OWN , B= 100 , m= 3  runs in  35.433  s
No significant surrogate variables
Number of significant surrogate variables is:  6 
Iteration (out of 5 ):1  2  3  4  5  No significant surrogate variables
Option= OWN , B= 100 , m= 3 , alpha0 =  0.05 
Option= OWN , B= 100 , m= 3  runs in  34.398  s
Number of significant surrogate variables is:  2 
Iteration (out of 5 ):1  2  3  4  5  Number of significant surrogate variables is:  6 
Iteration (out of 5 ):1  2  3  4  5  No significant surrogate variables
$TrueSelCov
[1] "mono"  "Concb" "neut"  "Block" "RINa"  "baso"  "lymp" 

$nSimSelCov
    FSR.S.OWN.RE FSR.R.OWN.RE FSR.U.OWN.RE FSR.FSP.OWN.RE DEA.NTP.OnlyFSR
1              7            7            0      0.0000000             219
2              7            7            0      0.0000000             219
3              7            7            0      0.0000000             232
4              7            7            0      0.0000000             202
5              7            7            0      0.0000000             229
6              7            7            0      0.0000000             218
7              7            8            1      0.1111111             188
8              7            7            0      0.0000000             240
9              7            7            0      0.0000000             235
10             7            7            0      0.0000000             219
11             7            7            0      0.0000000             197
12             7            8            1      0.1111111             205
13             7            7            0      0.0000000             244
14             7            7            0      0.0000000             233
15             7            7            0      0.0000000             209
16             7            7            0      0.0000000             210
17             7            7            0      0.0000000             195
18             7            7            0      0.0000000             212
19             7            7            0      0.0000000             238
20             7            7            0      0.0000000             202
21             7            7            0      0.0000000             214
22             7            9            2      0.2000000              88
23             7            7            0      0.0000000             184
24             7            7            0      0.0000000             185
25             7            7            0      0.0000000             209
26             7            7            0      0.0000000             198
27             7            7            0      0.0000000             224
28             7            7            0      0.0000000             253
29             7            7            0      0.0000000             224
30             7            7            0      0.0000000             187
31             7            7            0      0.0000000             204
32             7            7            0      0.0000000             182
33             7            8            1      0.1111111             195
34             7            7            0      0.0000000             220
35             7            7            0      0.0000000             212
36             7            7            0      0.0000000             233
37             7            7            0      0.0000000             253
38             7            7            0      0.0000000             216
39             7            8            1      0.1111111             201
40             7            8            1      0.1111111              90
41             7            9            2      0.2000000              92
42             7            8            1      0.1111111             192
43             7            7            0      0.0000000             202
44             7            7            0      0.0000000             211
45             7            7            0      0.0000000             225
46             7            7            0      0.0000000             217
47             7            7            0      0.0000000             217
48             7            7            0      0.0000000             191
49             7            7            0      0.0000000             227
50             7            7            0      0.0000000             257
51             7            7            0      0.0000000             213
52             7            7            0      0.0000000             233
53             7            7            0      0.0000000             256
54             7            7            0      0.0000000             206
55             7            9            2      0.2000000              11
56             7            7            0      0.0000000             244
57             7            8            1      0.1111111             217
58             7            7            0      0.0000000             192
59             7            7            0      0.0000000             181
60             7            7            0      0.0000000             244
61             7            7            0      0.0000000             208
62             7            8            1      0.1111111             151
63             7            7            0      0.0000000             219
64             7            7            0      0.0000000             230
65             7            9            2      0.2000000               9
66             7            7            0      0.0000000             266
67             7            7            0      0.0000000             264
68             7            8            1      0.1111111             113
69             7            7            0      0.0000000             172
70             7            7            0      0.0000000             221
71             7            7            0      0.0000000             217
72             7            7            0      0.0000000             194
73             7            7            0      0.0000000             210
74             7            7            0      0.0000000             234
75             7            9            2      0.2000000             166
76             7            7            0      0.0000000             206
77             7            7            0      0.0000000             176
78             7            7            0      0.0000000             240
79             7            7            0      0.0000000             223
80             7            7            0      0.0000000             221
81             7            7            0      0.0000000             237
82             7            7            0      0.0000000             199
83             7            7            0      0.0000000             215
84             7            7            0      0.0000000             211
85             7            7            0      0.0000000             228
86             7           10            3      0.2727273              77
87             7            7            0      0.0000000             233
88             7            7            0      0.0000000             223
89             7            7            0      0.0000000             236
90             7            8            1      0.1111111             203
91             7            8            1      0.1111111              90
92             7            9            2      0.2000000             117
93             7            7            0      0.0000000             238
94             7            7            0      0.0000000             214
95             7            7            0      0.0000000             216
96             7            7            0      0.0000000             238
97             7            7            0      0.0000000             182
98             7            8            1      0.1111111              96
99             7            7            0      0.0000000             204
100            7            7            0      0.0000000             209
    DEA.R.OnlyFSR DEA.V.OnlyFSR DEA.FDP.OnlyFSR DEA.PAUC.OnlyFSR DEA.NTP.FSRsva
1             228             9      0.03947368      0.023473168            219
2             230            11      0.04782609      0.020341913            219
3             242            10      0.04132231      0.021857257            232
4             216            14      0.06481481      0.019884317            202
5             245            16      0.06530612      0.021203148            229
6             231            13      0.05627706      0.018504799            218
7             197             9      0.04568528      0.020274592            188
8             250            10      0.04000000      0.021191923            240
9             252            17      0.06746032      0.019479053            235
10            231            12      0.05194805      0.019916592            219
11            203             6      0.02955665      0.021349668            197
12            217            12      0.05529954      0.020024346            205
13            258            14      0.05426357      0.021597838            244
14            246            13      0.05284553      0.022483630            233
15            216             7      0.03240741      0.021915404            209
16            224            14      0.06250000      0.020214285            193
17            200             5      0.02500000      0.023095101            195
18            221             9      0.04072398      0.021701849            212
19            251            13      0.05179283      0.021027654            238
20            216            14      0.06481481      0.020254967            202
21            222             8      0.03603604      0.020715995            199
22             91             3      0.03296703      0.017516949             88
23            186             2      0.01075269      0.021148444            143
24            197            12      0.06091371      0.018179380            106
25            215             6      0.02790698      0.020894519            209
26            205             7      0.03414634      0.022683063            198
27            233             9      0.03862661      0.020560433            224
28            277            24      0.08664260      0.019045546            253
29            233             9      0.03862661      0.022092486            224
30            195             8      0.04102564      0.021148266            127
31            211             7      0.03317536      0.022964654            204
32            194            12      0.06185567      0.018346400            152
33            208            13      0.06250000      0.019402985            195
34            231            11      0.04761905      0.021235072            220
35            217             5      0.02304147      0.024014464            212
36            247            14      0.05668016      0.021207757            233
37            272            19      0.06985294      0.020720942            253
38            228            12      0.05263158      0.020054677            216
39            211            10      0.04739336      0.020257585            185
40             97             7      0.07216495      0.015003456             90
41             99             7      0.07070707      0.014887722             92
42            201             9      0.04477612      0.020698993            162
43            206             4      0.01941748      0.021214666            202
44            219             8      0.03652968      0.021946098            211
45            236            11      0.04661017      0.021086058            204
46            227            10      0.04405286      0.021360882             14
47            233            16      0.06866953      0.019203331            217
48            199             8      0.04020101      0.020271429            191
49            233             6      0.02575107      0.022509670            227
50            275            18      0.06545455      0.021527952            238
51            225            12      0.05333333      0.020204527            196
52            245            12      0.04897959      0.022585910            233
53            267            11      0.04119850      0.021441681            229
54            211             5      0.02369668      0.020976427            206
55             12             1      0.08333333      0.009069830             11
56            263            19      0.07224335      0.019121159            244
57            229            12      0.05240175      0.021038727            217
58            197             5      0.02538071      0.022018385            192
59            187             6      0.03208556      0.020220718            181
60            253             9      0.03557312      0.021161588            244
61            219            11      0.05022831      0.021376067            183
62            156             5      0.03205128      0.021005632            151
63            233            14      0.06008584      0.019624390            114
64            242            12      0.04958678      0.019319027            230
65             10             1      0.10000000      0.008343167              9
66            283            17      0.06007067      0.020003849            266
67            272             8      0.02941176      0.023421500            254
68            119             6      0.05042017      0.016516381            113
69            181             9      0.04972376      0.020628271            172
70            230             9      0.03913043      0.020544621            221
71            228            11      0.04824561      0.020354462            217
72            209            15      0.07177033      0.017865550            194
73            223            13      0.05829596      0.020597708            210
74            247            13      0.05263158      0.021160057            234
75            170             4      0.02352941      0.019197075            166
76            216            10      0.04629630      0.020216670            205
77            181             5      0.02762431      0.021141519            176
78            251            11      0.04382470      0.021527254            216
79            233            10      0.04291845      0.019003058            223
80            233            12      0.05150215      0.020805218            221
81            250            13      0.05200000      0.021023881            237
82            204             5      0.02450980      0.023409023            199
83            226            11      0.04867257      0.020285006            215
84            219             8      0.03652968      0.020893837            211
85            244            16      0.06557377      0.020443152            228
86             81             4      0.04938272      0.014278138             77
87            245            12      0.04897959      0.021426519            233
88            233            10      0.04291845      0.022450612            170
89            241             5      0.02074689      0.022245690            236
90            213            10      0.04694836      0.019251556            203
91             94             4      0.04255319      0.013551331             90
92            122             5      0.04098361      0.016213436            111
93            249            11      0.04417671      0.022796321            238
94            232            18      0.07758621      0.020375600            214
95            220             4      0.01818182      0.023029502            200
96            241             3      0.01244813      0.024429216            238
97            194            12      0.06185567      0.018923558            161
98            107            11      0.10280374      0.014098308             96
99            212             8      0.03773585      0.021283020            204
100           220            11      0.05000000      0.021767886            174
    DEA.R.FSRsva DEA.V.FSRsva DEA.FDP.FSRsva DEA.PAUC.FSRsva DEA.NTP.SVA0
1            228            9     0.03947368     0.023473168          192
2            230           11     0.04782609     0.020341913           49
3            242           10     0.04132231     0.021857257          141
4            216           14     0.06481481     0.019884317          176
5            245           16     0.06530612     0.021203148          170
6            231           13     0.05627706     0.018504799          164
7            197            9     0.04568528     0.020274592          130
8            250           10     0.04000000     0.021191923           91
9            252           17     0.06746032     0.019479053          102
10           231           12     0.05194805     0.019916592          165
11           203            6     0.02955665     0.021349668          118
12           217           12     0.05529954     0.020024346          160
13           258           14     0.05426357     0.021597838          160
14           246           13     0.05284553     0.022483630           96
15           216            7     0.03240741     0.021915404           83
16           205           12     0.05853659     0.019175657          130
17           200            5     0.02500000     0.023095101          119
18           221            9     0.04072398     0.021701849          127
19           251           13     0.05179283     0.021027654          162
20           216           14     0.06481481     0.020254967          139
21           209           10     0.04784689     0.020449639          142
22            91            3     0.03296703     0.017516949          124
23           148            5     0.03378378     0.018209185           80
24           109            3     0.02752294     0.017029152          104
25           215            6     0.02790698     0.020894519          164
26           205            7     0.03414634     0.022683063           86
27           233            9     0.03862661     0.020560433          115
28           277           24     0.08664260     0.019045546          134
29           233            9     0.03862661     0.022092486          132
30           131            4     0.03053435     0.017881799           55
31           211            7     0.03317536     0.022964654          140
32           165           13     0.07878788     0.017046030           81
33           208           13     0.06250000     0.019402985          101
34           231           11     0.04761905     0.021235072           86
35           217            5     0.02304147     0.024014464           61
36           247           14     0.05668016     0.021207757          125
37           272           19     0.06985294     0.020720942          161
38           228           12     0.05263158     0.020054677          181
39           195           10     0.05128205     0.018445295          128
40            97            7     0.07216495     0.015003456          119
41            99            7     0.07070707     0.014887722           75
42           169            7     0.04142012     0.019234214          112
43           206            4     0.01941748     0.021214666          144
44           219            8     0.03652968     0.021946098          108
45           216           12     0.05555556     0.018943487          171
46            16            2     0.12500000     0.008443847           81
47           233           16     0.06866953     0.019203331          116
48           199            8     0.04020101     0.020271429           77
49           233            6     0.02575107     0.022509670          109
50           248           10     0.04032258     0.021644784          105
51           203            7     0.03448276     0.019624182          107
52           245           12     0.04897959     0.022585910          141
53           239           10     0.04184100     0.021024045          162
54           211            5     0.02369668     0.020976427          191
55            12            1     0.08333333     0.009069830           75
56           263           19     0.07224335     0.019121159          123
57           229           12     0.05240175     0.021038727          165
58           197            5     0.02538071     0.022018385          118
59           187            6     0.03208556     0.020220718           83
60           253            9     0.03557312     0.021161588          136
61           190            7     0.03684211     0.021416016           69
62           156            5     0.03205128     0.021005632           56
63           120            6     0.05000000     0.015496286           67
64           242           12     0.04958678     0.019319027          117
65            10            1     0.10000000     0.008343167          127
66           286           20     0.06993007     0.019795535          171
67           268           14     0.05223881     0.022260872          125
68           119            6     0.05042017     0.016516381           89
69           181            9     0.04972376     0.020628271           75
70           230            9     0.03913043     0.020544621          132
71           228           11     0.04824561     0.020354462          127
72           209           15     0.07177033     0.017865550           47
73           223           13     0.05829596     0.020597708          144
74           247           13     0.05263158     0.021160057          120
75           170            4     0.02352941     0.019197075          123
76           217           12     0.05529954     0.019460435          168
77           181            5     0.02762431     0.021141519           62
78           228           12     0.05263158     0.020683227          113
79           233           10     0.04291845     0.019003058           97
80           233           12     0.05150215     0.020805218          122
81           250           13     0.05200000     0.021023881          123
82           204            5     0.02450980     0.023409023           99
83           226           11     0.04867257     0.020285006           87
84           219            8     0.03652968     0.020893837          178
85           244           16     0.06557377     0.020443152          145
86            81            4     0.04938272     0.014278138          106
87           245           12     0.04897959     0.021426519          131
88           177            7     0.03954802     0.018952174          101
89           241            5     0.02074689     0.022245690          124
90           213           10     0.04694836     0.019251556           96
91            94            4     0.04255319     0.013551331          107
92           114            3     0.02631579     0.016467082          169
93           249           11     0.04417671     0.022796321          131
94           232           18     0.07758621     0.020375600          143
95           202            2     0.00990099     0.022532931          109
96           241            3     0.01244813     0.024429216          107
97           171           10     0.05847953     0.018088798           68
98           107           11     0.10280374     0.014098308          109
99           212            8     0.03773585     0.021283020          136
100          187           13     0.06951872     0.019009662          145
    DEA.R.SVA0 DEA.V.SVA0 DEA.FDP.SVA0 DEA.PAUC.SVA0 DEA.NTP.SVAall_FSR
1          203         11   0.05418719   0.017852016                219
2           54          5   0.09259259   0.011147027                219
3          150          9   0.06000000   0.014886558                232
4          195         19   0.09743590   0.014130444                202
5          174          4   0.02298851   0.019972618                229
6          175         11   0.06285714   0.016583442                218
7          133          3   0.02255639   0.017780095                188
8           97          6   0.06185567   0.013464106                240
9          108          6   0.05555556   0.013486902                235
10         183         18   0.09836066   0.014626391                219
11         125          7   0.05600000   0.014394573                197
12         166          6   0.03614458   0.017866729                205
13         166          6   0.03614458   0.018602560                244
14          99          3   0.03030303   0.015032694                233
15          86          3   0.03488372   0.017262849                209
16         135          5   0.03703704   0.018744156                210
17         124          5   0.04032258   0.014465508                195
18         129          2   0.01550388   0.018550191                212
19         168          6   0.03571429   0.017830212                238
20         143          4   0.02797203   0.019228239                202
21         146          4   0.02739726   0.018763494                214
22         130          6   0.04615385   0.013249956                 88
23          82          2   0.02439024   0.016186074                184
24         109          5   0.04587156   0.014541423                185
25         171          7   0.04093567   0.017556213                209
26          87          1   0.01149425   0.014957265                198
27         122          7   0.05737705   0.014272111                224
28         141          7   0.04964539   0.016466963                253
29         144         12   0.08333333   0.014440462                224
30          58          3   0.05172414   0.014671179                188
31         147          7   0.04761905   0.017666007                204
32          83          2   0.02409639   0.015795085                182
33         106          5   0.04716981   0.015129862                195
34          91          5   0.05494505   0.015561185                220
35          63          2   0.03174603   0.011789935                212
36         134          9   0.06716418   0.016100001                233
37         181         20   0.11049724   0.013143219                253
38         190          9   0.04736842   0.018174732                216
39         141         13   0.09219858   0.014289710                201
40         122          3   0.02459016   0.016613167                 90
41          79          4   0.05063291   0.012918299                 92
42         116          4   0.03448276   0.017632738                192
43         151          7   0.04635762   0.016860870                202
44         110          2   0.01818182   0.017805414                211
45         182         11   0.06043956   0.015770342                225
46          90          9   0.10000000   0.009975634                217
47         124          8   0.06451613   0.016060510                217
48          84          7   0.08333333   0.014763821                191
49         113          4   0.03539823   0.014202895                227
50         114          9   0.07894737   0.012574294                257
51         110          3   0.02727273   0.014234417                213
52         151         10   0.06622517   0.014662682                233
53         168          6   0.03571429   0.018063341                256
54         199          8   0.04020101   0.019526438                206
55          83          8   0.09638554   0.012675293                 11
56         133         10   0.07518797   0.015219710                244
57         175         10   0.05714286   0.019152189                217
58         120          2   0.01666667   0.018135098                192
59          85          2   0.02352941   0.015169368                181
60         141          5   0.03546099   0.018308082                244
61          74          5   0.06756757   0.011538118                208
62          64          8   0.12500000   0.011719563                151
63          72          5   0.06944444   0.010719661                219
64         138         21   0.15217391   0.009578255                230
65         133          6   0.04511278   0.015556542                  9
66         180          9   0.05000000   0.015962096                266
67         132          7   0.05303030   0.013136566                264
68          93          4   0.04301075   0.014365427                113
69          86         11   0.12790698   0.008977974                172
70         136          4   0.02941176   0.016992135                221
71         139         12   0.08633094   0.011783618                217
72          48          1   0.02083333   0.012146162                194
73         164         20   0.12195122   0.012636850                210
74         125          5   0.04000000   0.016668669                234
75         125          2   0.01600000   0.016149605                166
76         174          6   0.03448276   0.018731167                206
77          63          1   0.01587302   0.011765705                176
78         117          4   0.03418803   0.014796770                237
79         102          5   0.04901961   0.014653890                223
80         127          5   0.03937008   0.017281838                221
81         134         11   0.08208955   0.014130417                237
82         103          4   0.03883495   0.015919900                199
83          90          3   0.03333333   0.015653689                215
84         189         11   0.05820106   0.016943404                211
85         165         20   0.12121212   0.012546223                228
86         108          2   0.01851852   0.015665026                 77
87         139          8   0.05755396   0.014532979                233
88         109          8   0.07339450   0.013902717                223
89         130          6   0.04615385   0.014820229                236
90          97          1   0.01030928   0.014580055                203
91         114          7   0.06140351   0.012586321                 90
92         176          7   0.03977273   0.017595044                117
93         134          3   0.02238806   0.017195604                238
94         154         11   0.07142857   0.018019741                214
95         109          0   0.00000000   0.019670961                216
96         112          5   0.04464286   0.016201866                238
97          72          4   0.05555556   0.012747037                182
98         124         15   0.12096774   0.011388099                 96
99         144          8   0.05555556   0.016422112                204
100        155         10   0.06451613   0.015889119                209
    DEA.R.SVAall_FSR DEA.V.SVAall_FSR DEA.FDP.SVAall_FSR DEA.PAUC.SVAall_FSR
1                228                9         0.03947368         0.023473168
2                230               11         0.04782609         0.020341913
3                242               10         0.04132231         0.021857257
4                216               14         0.06481481         0.019884317
5                245               16         0.06530612         0.021203148
6                231               13         0.05627706         0.018504799
7                197                9         0.04568528         0.020274592
8                250               10         0.04000000         0.021191923
9                252               17         0.06746032         0.019479053
10               231               12         0.05194805         0.019916592
11               203                6         0.02955665         0.021349668
12               217               12         0.05529954         0.020024346
13               258               14         0.05426357         0.021597838
14               246               13         0.05284553         0.022483630
15               216                7         0.03240741         0.021915404
16               224               14         0.06250000         0.020214285
17               200                5         0.02500000         0.023095101
18               221                9         0.04072398         0.021701849
19               251               13         0.05179283         0.021027654
20               216               14         0.06481481         0.020254967
21               222                8         0.03603604         0.020715995
22                91                3         0.03296703         0.017516949
23               186                2         0.01075269         0.021148444
24               197               12         0.06091371         0.018179380
25               215                6         0.02790698         0.020894519
26               205                7         0.03414634         0.022683063
27               233                9         0.03862661         0.020560433
28               277               24         0.08664260         0.019045546
29               233                9         0.03862661         0.022092486
30               197                9         0.04568528         0.021143513
31               211                7         0.03317536         0.022964654
32               194               12         0.06185567         0.018346400
33               208               13         0.06250000         0.019402985
34               231               11         0.04761905         0.021235072
35               217                5         0.02304147         0.024014464
36               247               14         0.05668016         0.021207757
37               272               19         0.06985294         0.020720942
38               228               12         0.05263158         0.020054677
39               211               10         0.04739336         0.020257585
40                97                7         0.07216495         0.015003456
41                99                7         0.07070707         0.014887722
42               201                9         0.04477612         0.020698993
43               206                4         0.01941748         0.021214666
44               219                8         0.03652968         0.021946098
45               236               11         0.04661017         0.021086058
46               227               10         0.04405286         0.021360882
47               233               16         0.06866953         0.019203331
48               199                8         0.04020101         0.020271429
49               233                6         0.02575107         0.022509670
50               275               18         0.06545455         0.021527952
51               225               12         0.05333333         0.020204527
52               245               12         0.04897959         0.022585910
53               267               11         0.04119850         0.021441681
54               211                5         0.02369668         0.020976427
55                12                1         0.08333333         0.009069830
56               263               19         0.07224335         0.019121159
57               229               12         0.05240175         0.021038727
58               197                5         0.02538071         0.022018385
59               187                6         0.03208556         0.020220718
60               253                9         0.03557312         0.021161588
61               219               11         0.05022831         0.021376067
62               156                5         0.03205128         0.021005632
63               233               14         0.06008584         0.019624390
64               242               12         0.04958678         0.019319027
65                10                1         0.10000000         0.008343167
66               283               17         0.06007067         0.020003849
67               272                8         0.02941176         0.023421500
68               119                6         0.05042017         0.016516381
69               181                9         0.04972376         0.020628271
70               230                9         0.03913043         0.020544621
71               228               11         0.04824561         0.020354462
72               209               15         0.07177033         0.017865550
73               223               13         0.05829596         0.020597708
74               247               13         0.05263158         0.021160057
75               170                4         0.02352941         0.019197075
76               216               10         0.04629630         0.020216670
77               181                5         0.02762431         0.021141519
78               249               12         0.04819277         0.021679361
79               233               10         0.04291845         0.019003058
80               233               12         0.05150215         0.020805218
81               250               13         0.05200000         0.021023881
82               204                5         0.02450980         0.023409023
83               226               11         0.04867257         0.020285006
84               219                8         0.03652968         0.020893837
85               244               16         0.06557377         0.020443152
86                81                4         0.04938272         0.014278138
87               245               12         0.04897959         0.021426519
88               233               10         0.04291845         0.022450612
89               241                5         0.02074689         0.022245690
90               213               10         0.04694836         0.019251556
91                94                4         0.04255319         0.013551331
92               122                5         0.04098361         0.016213436
93               249               11         0.04417671         0.022796321
94               232               18         0.07758621         0.020375600
95               220                4         0.01818182         0.023029502
96               241                3         0.01244813         0.024429216
97               194               12         0.06185567         0.018923558
98               107               11         0.10280374         0.014098308
99               212                8         0.03773585         0.021283020
100              220               11         0.05000000         0.021767886
    DEA.NTP.OnlyLine DEA.R.OnlyLine DEA.V.OnlyLine DEA.FDP.OnlyLine
1                101            101              0      0.000000000
2                 88             92              4      0.043478261
3                114            115              1      0.008695652
4                 65             67              2      0.029850746
5                105            106              1      0.009433962
6                 83             88              5      0.056818182
7                 78             79              1      0.012658228
8                 79             82              3      0.036585366
9                 89             90              1      0.011111111
10                76             78              2      0.025641026
11                74             74              0      0.000000000
12                86             87              1      0.011494253
13                70             71              1      0.014084507
14               110            116              6      0.051724138
15                70             71              1      0.014084507
16                71             74              3      0.040540541
17                79             79              0      0.000000000
18                69             69              0      0.000000000
19                88             88              0      0.000000000
20                81             83              2      0.024096386
21                98            100              2      0.020000000
22                76             77              1      0.012987013
23                56             56              0      0.000000000
24                55             56              1      0.017857143
25                93             95              2      0.021052632
26                81             83              2      0.024096386
27                83             84              1      0.011904762
28                85             88              3      0.034090909
29                65             66              1      0.015151515
30                57             57              0      0.000000000
31                83             84              1      0.011904762
32                69             69              0      0.000000000
33                58             58              0      0.000000000
34                94             94              0      0.000000000
35                67             68              1      0.014705882
36                73             74              1      0.013513514
37                81             82              1      0.012195122
38                76             79              3      0.037974684
39                76             80              4      0.050000000
40                79             80              1      0.012500000
41                55             55              0      0.000000000
42                88             90              2      0.022222222
43                99             99              0      0.000000000
44                70             70              0      0.000000000
45                66             66              0      0.000000000
46               100            100              0      0.000000000
47                39             40              1      0.025000000
48                76             76              0      0.000000000
49                95             95              0      0.000000000
50               128            132              4      0.030303030
51                60             61              1      0.016393443
52               114            115              1      0.008695652
53               116            117              1      0.008547009
54                56             56              0      0.000000000
55                68             69              1      0.014492754
56               100            102              2      0.019607843
57                91             93              2      0.021505376
58                62             63              1      0.015873016
59                66             66              0      0.000000000
60                90             92              2      0.021739130
61                75             76              1      0.013157895
62                78             78              0      0.000000000
63                75             75              0      0.000000000
64                61             61              0      0.000000000
65                62             62              0      0.000000000
66               122            125              3      0.024000000
67               118            119              1      0.008403361
68                66             68              2      0.029411765
69                91             95              4      0.042105263
70               104            109              5      0.045871560
71                78             80              2      0.025000000
72                67             72              5      0.069444444
73                68             69              1      0.014492754
74                76             77              1      0.012987013
75                80             80              0      0.000000000
76                79             80              1      0.012500000
77                85             85              0      0.000000000
78                92             93              1      0.010752688
79                84             87              3      0.034482759
80                70             70              0      0.000000000
81                69             69              0      0.000000000
82                90             91              1      0.010989011
83                91             94              3      0.031914894
84                82             83              1      0.012048193
85                89             92              3      0.032608696
86                80             80              0      0.000000000
87               102            106              4      0.037735849
88                98             98              0      0.000000000
89                54             54              0      0.000000000
90                56             57              1      0.017543860
91                93             97              4      0.041237113
92               104            107              3      0.028037383
93               103            104              1      0.009615385
94                80             81              1      0.012345679
95                62             63              1      0.015873016
96                86             86              0      0.000000000
97                56             56              0      0.000000000
98               107            108              1      0.009259259
99                82             83              1      0.012048193
100               85             85              0      0.000000000
    DEA.PAUC.OnlyLine DEA.NTP.All DEA.R.All DEA.V.All DEA.FDP.All DEA.PAUC.All
1          0.02002361           0         0         0         0.0  0.002352179
2          0.01816736           0         0         0         0.0  0.002834869
3          0.01879147           1         1         0         0.0  0.002776194
4          0.01711850           0         0         0         0.0  0.003227754
5          0.01892526           0         1         1         1.0  0.003272410
6          0.01557353           0         0         0         0.0  0.003124782
7          0.01854710           0         0         0         0.0  0.002727378
8          0.01820463           0         0         0         0.0  0.003309619
9          0.01852067           0         0         0         0.0  0.003132986
10         0.01672081           0         0         0         0.0  0.002369761
11         0.01644716           0         0         0         0.0  0.003803729
12         0.02079221           0         0         0         0.0  0.003361147
13         0.01967612           0         0         0         0.0  0.003559943
14         0.01899623           0         1         1         1.0  0.002872181
15         0.01836303           0         0         0         0.0  0.002928011
16         0.01784393           0         0         0         0.0  0.002896063
17         0.01945305           0         0         0         0.0  0.003513685
18         0.01934072           0         0         0         0.0  0.003631334
19         0.02003792           0         0         0         0.0  0.003070141
20         0.01775981           0         0         0         0.0  0.002436423
21         0.01957312           0         0         0         0.0  0.002574392
22         0.01846337           4         4         0         0.0  0.004548613
23         0.01756681           1         1         0         0.0  0.002746074
24         0.01654016           0         0         0         0.0  0.002908516
25         0.01986700           0         0         0         0.0  0.002800462
26         0.01807465           0         0         0         0.0  0.002666639
27         0.01816123           0         0         0         0.0  0.003181903
28         0.01504651           0         0         0         0.0  0.003438875
29         0.01685780           0         0         0         0.0  0.003159538
30         0.01897973           0         0         0         0.0  0.003438762
31         0.01924312           2         2         0         0.0  0.004351222
32         0.01724726           0         0         0         0.0  0.002304185
33         0.01918792           0         0         0         0.0  0.003347044
34         0.01906727           0         0         0         0.0  0.002703586
35         0.01834991           0         0         0         0.0  0.004123511
36         0.01768734           0         0         0         0.0  0.002758866
37         0.01956118           0         0         0         0.0  0.002770228
38         0.01985924           0         0         0         0.0  0.002945556
39         0.01724698           0         0         0         0.0  0.003310481
40         0.01732925           1         1         0         0.0  0.003602913
41         0.01832344           0         0         0         0.0  0.004579404
42         0.01833390           0         0         0         0.0  0.003254803
43         0.01902549           1         1         0         0.0  0.002723607
44         0.01782070           0         0         0         0.0  0.002508864
45         0.01953089           0         0         0         0.0  0.002112328
46         0.01958475           1         1         0         0.0  0.003116593
47         0.01809551           0         0         0         0.0  0.003508664
48         0.01857268           0         0         0         0.0  0.003188920
49         0.02094683           0         0         0         0.0  0.003142705
50         0.01842160           2         2         0         0.0  0.002936827
51         0.01693285           0         0         0         0.0  0.004153429
52         0.01938973           0         0         0         0.0  0.003295024
53         0.01924514           0         0         0         0.0  0.003991250
54         0.01877403           0         0         0         0.0  0.002974635
55         0.01720384           1         2         1         0.5  0.002110232
56         0.01949681           1         1         0         0.0  0.003681159
57         0.01961840           0         0         0         0.0  0.003703374
58         0.02015473           0         0         0         0.0  0.002844585
59         0.01873018           0         0         0         0.0  0.003419412
60         0.01687101           0         0         0         0.0  0.002619536
61         0.01756802           0         0         0         0.0  0.002890404
62         0.01938565           0         0         0         0.0  0.003152961
63         0.01964057           0         0         0         0.0  0.004199777
64         0.01695794           0         0         0         0.0  0.003974821
65         0.01824841           0         0         0         0.0  0.003203608
66         0.01757880           0         0         0         0.0  0.003064713
67         0.01906943           0         1         1         1.0  0.004659733
68         0.01844523           1         1         0         0.0  0.003493073
69         0.01931611           0         0         0         0.0  0.003206085
70         0.01786560           0         0         0         0.0  0.002788056
71         0.01663151           0         0         0         0.0  0.003012837
72         0.01334176           0         0         0         0.0  0.003710876
73         0.01798935           0         0         0         0.0  0.003377767
74         0.01895500           1         1         0         0.0  0.003630333
75         0.01796010           0         0         0         0.0  0.002757791
76         0.01800776           0         0         0         0.0  0.002469194
77         0.02074727           1         1         0         0.0  0.003397017
78         0.01753242           0         0         0         0.0  0.002997553
79         0.01644500           0         0         0         0.0  0.002644575
80         0.01896875           0         0         0         0.0  0.003027162
81         0.01741488           0         0         0         0.0  0.003935907
82         0.01995351           0         0         0         0.0  0.003916801
83         0.01900772           0         0         0         0.0  0.002858852
84         0.01717565           0         0         0         0.0  0.003083545
85         0.01800002           0         0         0         0.0  0.003511853
86         0.01795806           0         0         0         0.0  0.003675309
87         0.01660748           1         1         0         0.0  0.003736395
88         0.01911119           0         0         0         0.0  0.003204596
89         0.01900131           0         0         0         0.0  0.002397474
90         0.01800757           0         0         0         0.0  0.002680669
91         0.01787622           0         0         0         0.0  0.002637302
92         0.01865872           0         0         0         0.0  0.004115602
93         0.02011400           2         2         0         0.0  0.003682491
94         0.01780856           1         1         0         0.0  0.004183762
95         0.01800797           0         0         0         0.0  0.002495648
96         0.02131207           0         0         0         0.0  0.002374588
97         0.01834367           0         0         0         0.0  0.002525323
98         0.01744321           0         0         0         0.0  0.002644355
99         0.01872948           0         0         0         0.0  0.003295570
100        0.01798137           0         0         0         0.0  0.004170692
    DEA.NTP.Oracle DEA.R.Oracle DEA.V.Oracle DEA.FDP.Oracle DEA.PAUC.Oracle
1              219          228            9     0.03947368      0.02347317
2              219          230           11     0.04782609      0.02034191
3              232          242           10     0.04132231      0.02185726
4              202          216           14     0.06481481      0.01988432
5              229          245           16     0.06530612      0.02120315
6              218          231           13     0.05627706      0.01850480
7              212          222           10     0.04504505      0.02179238
8              240          250           10     0.04000000      0.02119192
9              235          252           17     0.06746032      0.01947905
10             219          231           12     0.05194805      0.01991659
11             197          203            6     0.02955665      0.02134967
12             224          235           11     0.04680851      0.02145203
13             244          258           14     0.05426357      0.02159784
14             233          246           13     0.05284553      0.02248363
15             209          216            7     0.03240741      0.02191540
16             210          224           14     0.06250000      0.02021429
17             195          200            5     0.02500000      0.02309510
18             212          221            9     0.04072398      0.02170185
19             238          251           13     0.05179283      0.02102765
20             202          216           14     0.06481481      0.02025497
21             214          222            8     0.03603604      0.02071600
22             199          211           12     0.05687204      0.02073018
23             184          186            2     0.01075269      0.02114844
24             185          197           12     0.06091371      0.01817938
25             209          215            6     0.02790698      0.02089452
26             198          205            7     0.03414634      0.02268306
27             224          233            9     0.03862661      0.02056043
28             253          277           24     0.08664260      0.01904555
29             224          233            9     0.03862661      0.02209249
30             187          195            8     0.04102564      0.02114827
31             204          211            7     0.03317536      0.02296465
32             182          194           12     0.06185567      0.01834640
33             222          236           14     0.05932203      0.02037725
34             220          231           11     0.04761905      0.02123507
35             212          217            5     0.02304147      0.02401446
36             233          247           14     0.05668016      0.02120776
37             253          272           19     0.06985294      0.02072094
38             216          228           12     0.05263158      0.02005468
39             201          212           11     0.05188679      0.02028248
40             187          198           11     0.05555556      0.02069308
41             169          175            6     0.03428571      0.02111394
42             194          201            7     0.03482587      0.02129763
43             202          206            4     0.01941748      0.02121467
44             211          219            8     0.03652968      0.02194610
45             225          236           11     0.04661017      0.02108606
46             217          227           10     0.04405286      0.02136088
47             217          233           16     0.06866953      0.01920333
48             191          199            8     0.04020101      0.02027143
49             227          233            6     0.02575107      0.02250967
50             257          275           18     0.06545455      0.02152795
51             213          225           12     0.05333333      0.02020453
52             233          245           12     0.04897959      0.02258591
53             256          267           11     0.04119850      0.02144168
54             206          211            5     0.02369668      0.02097643
55             185          197           12     0.06091371      0.02002404
56             244          263           19     0.07224335      0.01912116
57             206          217           11     0.05069124      0.02111414
58             192          197            5     0.02538071      0.02201838
59             181          187            6     0.03208556      0.02022072
60             244          253            9     0.03557312      0.02116159
61             208          219           11     0.05022831      0.02137607
62             172          178            6     0.03370787      0.02177800
63             219          233           14     0.06008584      0.01962439
64             230          242           12     0.04958678      0.01931903
65             225          237           12     0.05063291      0.02078256
66             266          283           17     0.06007067      0.02000385
67             264          272            8     0.02941176      0.02342150
68             207          216            9     0.04166667      0.02106533
69             172          181            9     0.04972376      0.02062827
70             221          230            9     0.03913043      0.02054462
71             217          228           11     0.04824561      0.02035446
72             194          209           15     0.07177033      0.01786555
73             210          223           13     0.05829596      0.02059771
74             234          247           13     0.05263158      0.02116006
75             208          215            7     0.03255814      0.02113722
76             206          216           10     0.04629630      0.02021667
77             176          181            5     0.02762431      0.02114152
78             240          251           11     0.04382470      0.02152725
79             223          233           10     0.04291845      0.01900306
80             221          233           12     0.05150215      0.02080522
81             237          250           13     0.05200000      0.02102388
82             199          204            5     0.02450980      0.02340902
83             215          226           11     0.04867257      0.02028501
84             211          219            8     0.03652968      0.02089384
85             228          244           16     0.06557377      0.02044315
86             207          218           11     0.05045872      0.01905788
87             233          245           12     0.04897959      0.02142652
88             223          233           10     0.04291845      0.02245061
89             236          241            5     0.02074689      0.02224569
90             212          225           13     0.05777778      0.01988780
91             210          224           14     0.06250000      0.01886948
92             235          248           13     0.05241935      0.02051255
93             238          249           11     0.04417671      0.02279632
94             214          232           18     0.07758621      0.02037560
95             216          220            4     0.01818182      0.02302950
96             238          241            3     0.01244813      0.02442922
97             182          194           12     0.06185567      0.01892356
98             229          243           14     0.05761317      0.01914064
99             204          212            8     0.03773585      0.02128302
100            209          220           11     0.05000000      0.02176789

     user    system   elapsed 
62710.307  1099.291  4361.837 
